<?xml version="1.0" encoding="UTF-8"?>
<coverage generated="1545810204">
  <project timestamp="1545810204">
    <file name="/var/www/html/elovalasztok2/github/component/site/accesscontrol.php">
      <line num="15" type="stmt" count="7"/>
      <line num="16" type="stmt" count="7"/>
      <line num="17" type="stmt" count="7"/>
      <line num="22" type="stmt" count="7"/>
      <line num="26" type="stmt" count="6"/>
      <line num="27" type="stmt" count="6"/>
      <line num="28" type="stmt" count="1"/>
      <line num="29" type="stmt" count="1"/>
      <line num="30" type="stmt" count="5"/>
      <line num="31" type="stmt" count="2"/>
      <line num="32" type="stmt" count="2"/>
      <line num="34" type="stmt" count="6"/>
      <line num="46" type="stmt" count="13"/>
      <line num="47" type="stmt" count="13"/>
      <line num="48" type="stmt" count="13"/>
      <line num="49" type="stmt" count="13"/>
      <line num="50" type="stmt" count="7"/>
      <line num="52" type="stmt" count="13"/>
      <line num="53" type="stmt" count="6"/>
      <line num="55" type="stmt" count="13"/>
      <metrics loc="58" ncloc="42" classes="0" methods="0" coveredmethods="0" conditionals="0" coveredconditionals="0" statements="20" coveredstatements="20" elements="20" coveredelements="20"/>
    </file>
    <file name="/var/www/html/elovalasztok2/github/component/site/condorcet.php">
      <class name="CondorcetObj" namespace="global">
        <metrics complexity="16" methods="6" coveredmethods="6" conditionals="0" coveredconditionals="0" statements="26" coveredstatements="26" elements="32" coveredelements="32"/>
      </class>
      <class name="Condorcet" namespace="global">
        <metrics complexity="39" methods="12" coveredmethods="9" conditionals="0" coveredconditionals="0" statements="112" coveredstatements="104" elements="124" coveredelements="113"/>
      </class>
      <line num="30" type="method" name="__construct" complexity="1" crap="1" count="7"/>
      <line num="31" type="stmt" count="7"/>
      <line num="32" type="stmt" count="7"/>
      <line num="76" type="method" name="flowWarshall3" visibility="protected" complexity="5" crap="5" count="7"/>
      <line num="77" type="stmt" count="7"/>
      <line num="78" type="stmt" count="7"/>
      <line num="79" type="stmt" count="7"/>
      <line num="80" type="stmt" count="7"/>
      <line num="84" type="stmt" count="7"/>
      <line num="89" type="method" name="flowdWarshall2" visibility="protected" complexity="3" crap="3" count="7"/>
      <line num="90" type="stmt" count="7"/>
      <line num="91" type="stmt" count="7"/>
      <line num="92" type="stmt" count="7"/>
      <line num="95" type="stmt" count="7"/>
      <line num="103" type="method" name="floydWarshall" visibility="protected" complexity="5" crap="5" count="7"/>
      <line num="104" type="stmt" count="7"/>
      <line num="105" type="stmt" count="7"/>
      <line num="106" type="stmt" count="7"/>
      <line num="107" type="stmt" count="7"/>
      <line num="108" type="stmt" count="7"/>
      <line num="109" type="stmt" count="7"/>
      <line num="110" type="stmt" count="1"/>
      <line num="112" type="stmt" count="7"/>
      <line num="117" type="stmt" count="7"/>
      <line num="118" type="stmt" count="7"/>
      <line num="121" type="method" name="beatsP" visibility="protected" complexity="1" crap="1" count="7"/>
      <line num="122" type="stmt" count="7"/>
      <line num="129" type="method" name="findWinner" visibility="protected" complexity="1" crap="1" count="7"/>
      <line num="130" type="stmt" count="7"/>
      <line num="131" type="stmt" count="7"/>
      <line num="132" type="stmt" count="7"/>
      <line num="133" type="stmt" count="7"/>
      <line num="151" type="method" name="printMatrixCell" visibility="protected" complexity="4" crap="4" count="7"/>
      <line num="152" type="stmt" count="7"/>
      <line num="153" type="stmt" count="7"/>
      <line num="155" type="stmt" count="7"/>
      <line num="156" type="stmt" count="1"/>
      <line num="157" type="stmt" count="7"/>
      <line num="158" type="stmt" count="1"/>
      <line num="159" type="stmt" count="1"/>
      <line num="161" type="stmt" count="6"/>
      <line num="163" type="stmt" count="7"/>
      <line num="165" type="stmt" count="7"/>
      <line num="176" type="method" name="printMatrixRow" visibility="protected" complexity="4" crap="4" count="7"/>
      <line num="177" type="stmt" count="7"/>
      <line num="178" type="stmt" count="7"/>
      <line num="179" type="stmt" count="7"/>
      <line num="180" type="stmt" count="7"/>
      <line num="182" type="stmt" count="7"/>
      <line num="185" type="stmt" count="7"/>
      <line num="195" type="method" name="printMatrix" visibility="protected" complexity="3" crap="3" count="7"/>
      <line num="196" type="stmt" count="7"/>
      <line num="200" type="stmt" count="7"/>
      <line num="201" type="stmt" count="7"/>
      <line num="203" type="stmt" count="7"/>
      <line num="204" type="stmt" count="7"/>
      <line num="205" type="stmt" count="7"/>
      <line num="206" type="stmt" count="7"/>
      <line num="207" type="stmt" count="7"/>
      <line num="209" type="stmt" count="7"/>
      <line num="213" type="method" name="showResultTableRow" visibility="protected" complexity="8" crap="8.70" count="1"/>
      <line num="214" type="stmt" count="1"/>
      <line num="215" type="stmt" count="1"/>
      <line num="216" type="stmt" count="1"/>
      <line num="217" type="stmt" count="1"/>
      <line num="219" type="stmt" count="1"/>
      <line num="220" type="stmt" count="1"/>
      <line num="221" type="stmt" count="0"/>
      <line num="223" type="stmt" count="1"/>
      <line num="224" type="stmt" count="0"/>
      <line num="226" type="stmt" count="1"/>
      <line num="227" type="stmt" count="0"/>
      <line num="228" type="stmt" count="0"/>
      <line num="230" type="stmt" count="1"/>
      <line num="231" type="stmt" count="1"/>
      <line num="232" type="stmt" count="1"/>
      <line num="233" type="stmt" count="1"/>
      <line num="234" type="stmt" count="1"/>
      <line num="236" type="stmt" count="1"/>
      <line num="246" type="method" name="showResultTable" visibility="protected" complexity="4" crap="4.32" count="1"/>
      <line num="253" type="stmt" count="1"/>
      <line num="254" type="stmt" count="1"/>
      <line num="255" type="stmt" count="1"/>
      <line num="256" type="stmt" count="1"/>
      <line num="257" type="stmt" count="1"/>
      <line num="258" type="stmt" count="0"/>
      <line num="259" type="stmt" count="0"/>
      <line num="260" type="stmt" count="1"/>
      <line num="262" type="stmt" count="0"/>
      <line num="264" type="stmt" count="1"/>
      <line num="266" type="stmt" count="1"/>
      <line num="273" type="method" name="findNotAccepted" visibility="protected" complexity="3" crap="3" count="1"/>
      <line num="274" type="stmt" count="1"/>
      <line num="275" type="stmt" count="1"/>
      <line num="276" type="stmt" count="1"/>
      <line num="277" type="stmt" count="1"/>
      <line num="280" type="stmt" count="1"/>
      <line num="288" type="method" name="computeAccepteds" visibility="protected" complexity="2" crap="2" count="1"/>
      <line num="289" type="stmt" count="1"/>
      <line num="290" type="stmt" count="1"/>
      <line num="291" type="stmt" count="1"/>
      <line num="293" type="stmt" count="1"/>
      <line num="300" type="method" name="computeValues" visibility="protected" complexity="2" crap="2" count="1"/>
      <line num="301" type="stmt" count="1"/>
      <line num="302" type="stmt" count="1"/>
      <line num="303" type="stmt" count="1"/>
      <line num="304" type="stmt" count="1"/>
      <line num="305" type="stmt" count="1"/>
      <line num="306" type="stmt" count="1"/>
      <line num="307" type="stmt" count="1"/>
      <line num="308" type="stmt" count="1"/>
      <line num="309" type="stmt" count="1"/>
      <line num="310" type="stmt" count="1"/>
      <line num="311" type="stmt" count="1"/>
      <line num="312" type="stmt" count="1"/>
      <line num="314" type="stmt" count="1"/>
      <line num="322" type="method" name="showResultResort" visibility="protected" complexity="2" crap="2" count="1"/>
      <line num="323" type="stmt" count="1"/>
      <line num="324" type="stmt" count="1"/>
      <line num="325" type="stmt" count="1"/>
      <line num="326" type="stmt" count="1"/>
      <line num="327" type="stmt" count="1"/>
      <line num="329" type="stmt" count="1"/>
      <line num="330" type="stmt" count="1"/>
      <line num="331" type="stmt" count="1"/>
      <line num="337" type="method" name="showResultCheckCondorcetWinner" visibility="protected" complexity="3" crap="3" count="1"/>
      <line num="338" type="stmt" count="1"/>
      <line num="339" type="stmt" count="1"/>
      <line num="340" type="stmt" count="1"/>
      <line num="341" type="stmt" count="1"/>
      <line num="342" type="stmt" count="1"/>
      <line num="345" type="stmt" count="1"/>
      <line num="351" type="method" name="showResult" visibility="protected" complexity="3" crap="3.01" count="7"/>
      <line num="352" type="stmt" count="7"/>
      <line num="353" type="stmt" count="6"/>
      <line num="354" type="stmt" count="1"/>
      <line num="355" type="stmt" count="0"/>
      <line num="357" type="stmt" count="1"/>
      <line num="358" type="stmt" count="1"/>
      <line num="359" type="stmt" count="1"/>
      <line num="360" type="stmt" count="1"/>
      <line num="361" type="stmt" count="1"/>
      <line num="362" type="stmt" count="1"/>
      <line num="364" type="stmt" count="7"/>
      <line num="370" type="method" name="report" visibility="public" complexity="1" crap="1" count="7"/>
      <line num="371" type="stmt" count="7"/>
      <line num="372" type="stmt" count="7"/>
      <line num="373" type="stmt" count="7"/>
      <line num="374" type="stmt" count="7"/>
      <line num="375" type="stmt" count="7"/>
      <line num="376" type="stmt" count="7"/>
      <line num="378" type="stmt" count="7"/>
      <line num="379" type="stmt" count="7"/>
      <line num="380" type="stmt" count="7"/>
      <line num="381" type="stmt" count="7"/>
      <line num="382" type="stmt" count="7"/>
      <metrics loc="387" ncloc="238" classes="2" methods="18" coveredmethods="15" conditionals="0" coveredconditionals="0" statements="138" coveredstatements="130" elements="156" coveredelements="145"/>
    </file>
    <file name="/var/www/html/elovalasztok2/github/component/site/elovalasztok.php">
      <class name="SzavazoController" namespace="global">
        <metrics complexity="68" methods="15" coveredmethods="5" conditionals="0" coveredconditionals="0" statements="255" coveredstatements="210" elements="270" coveredelements="215"/>
      </class>
      <line num="52" type="method" name="displayTestMsg" visibility="protected" complexity="2" crap="2" count="13"/>
      <line num="53" type="stmt" count="13"/>
      <line num="54" type="stmt" count="2"/>
      <line num="56" type="stmt" count="13"/>
      <line num="63" type="method" name="displaySzavazoForm" visibility="protected" complexity="2" crap="2" count="3"/>
      <line num="64" type="stmt" count="3"/>
      <line num="65" type="stmt" count="3"/>
      <line num="66" type="stmt" count="1"/>
      <line num="68" type="stmt" count="2"/>
      <line num="70" type="stmt" count="3"/>
      <line num="75" type="method" name="cookieCheck" visibility="private" complexity="2" crap="2.26" count="15"/>
      <line num="76" type="stmt" count="15"/>
      <line num="77" type="stmt" count="15"/>
      <line num="78" type="stmt" count="0"/>
      <line num="79" type="stmt" count="0"/>
      <line num="81" type="stmt" count="15"/>
      <line num="88" type="method" name="szavazok" visibility="public" complexity="5" crap="5" count="6"/>
      <line num="89" type="stmt" count="6"/>
      <line num="90" type="stmt" count="6"/>
      <line num="91" type="stmt" count="6"/>
      <line num="92" type="stmt" count="6"/>
      <line num="93" type="stmt" count="6"/>
      <line num="94" type="stmt" count="1"/>
      <line num="95" type="stmt" count="1"/>
      <line num="97" type="stmt" count="5"/>
      <line num="98" type="stmt" count="5"/>
      <line num="99" type="stmt" count="5"/>
      <line num="100" type="stmt" count="1"/>
      <line num="101" type="stmt" count="4"/>
      <line num="102" type="stmt" count="1"/>
      <line num="104" type="stmt" count="3"/>
      <line num="105" type="stmt" count="2"/>
      <line num="107" type="stmt" count="1"/>
      <line num="110" type="stmt" count="5"/>
      <line num="118" type="method" name="eredmeny" visibility="public" complexity="4" crap="4.03" count="7"/>
      <line num="119" type="stmt" count="7"/>
      <line num="120" type="stmt" count="7"/>
      <line num="121" type="stmt" count="7"/>
      <line num="122" type="stmt" count="7"/>
      <line num="123" type="stmt" count="7"/>
      <line num="125" type="stmt" count="7"/>
      <line num="126" type="stmt" count="0"/>
      <line num="127" type="stmt" count="0"/>
      <line num="129" type="stmt" count="7"/>
      <line num="130" type="stmt" count="7"/>
      <line num="131" type="stmt" count="7"/>
      <line num="133" type="stmt" count="7"/>
      <line num="134" type="stmt" count="7"/>
      <line num="136" type="stmt" count="7"/>
      <line num="137" type="stmt" count="7"/>
      <line num="138" type="stmt" count="7"/>
      <line num="139" type="stmt" count="7"/>
      <line num="140" type="stmt" count="7"/>
      <line num="142" type="stmt" count="7"/>
      <line num="144" type="stmt" count="7"/>
      <line num="149" type="stmt" count="7"/>
      <line num="150" type="stmt" count="7"/>
      <line num="153" type="stmt" count="0"/>
      <line num="155" type="stmt" count="7"/>
      <line num="156" type="stmt" count="7"/>
      <line num="162" type="method" name="szavazatSave" visibility="public" complexity="7" crap="7.13" count="4"/>
      <line num="163" type="stmt" count="4"/>
      <line num="164" type="stmt" count="4"/>
      <line num="165" type="stmt" count="4"/>
      <line num="166" type="stmt" count="4"/>
      <line num="167" type="stmt" count="4"/>
      <line num="168" type="stmt" count="0"/>
      <line num="170" type="stmt" count="4"/>
      <line num="171" type="stmt" count="1"/>
      <line num="172" type="stmt" count="1"/>
      <line num="175" type="stmt" count="3"/>
      <line num="176" type="stmt" count="3"/>
      <line num="177" type="stmt" count="3"/>
      <line num="178" type="stmt" count="3"/>
      <line num="179" type="stmt" count="3"/>
      <line num="180" type="stmt" count="3"/>
      <line num="181" type="stmt" count="1"/>
      <line num="182" type="stmt" count="1"/>
      <line num="183" type="stmt" count="1"/>
      <line num="184" type="stmt" count="1"/>
      <line num="185" type="stmt" count="1"/>
      <line num="186" type="stmt" count="1"/>
      <line num="187" type="stmt" count="1"/>
      <line num="189" type="stmt" count="0"/>
      <line num="190" type="stmt" count="1"/>
      <line num="193" type="stmt" count="3"/>
      <line num="196" type="stmt" count="0"/>
      <line num="197" type="stmt" count="0"/>
      <line num="199" type="stmt" count="3"/>
      <line num="200" type="stmt" count="3"/>
      <line num="208" type="method" name="szavazatok" visibility="public" complexity="5" crap="5" count="1"/>
      <line num="209" type="stmt" count="1"/>
      <line num="210" type="stmt" count="1"/>
      <line num="211" type="stmt" count="1"/>
      <line num="213" type="stmt" count="1"/>
      <line num="216" type="stmt" count="1"/>
      <line num="217" type="stmt" count="1"/>
      <line num="218" type="stmt" count="1"/>
      <line num="219" type="stmt" count="1"/>
      <line num="220" type="stmt" count="1"/>
      <line num="222" type="stmt" count="1"/>
      <line num="224" type="stmt" count="1"/>
      <line num="225" type="stmt" count="1"/>
      <line num="227" type="stmt" count="1"/>
      <line num="228" type="stmt" count="1"/>
      <line num="230" type="stmt" count="1"/>
      <line num="231" type="stmt" count="1"/>
      <line num="232" type="stmt" count="1"/>
      <line num="234" type="stmt" count="1"/>
      <line num="238" type="stmt" count="1"/>
      <line num="246" type="method" name="szavazatokcsv" visibility="public" complexity="6" crap="7.90" count="1"/>
      <line num="247" type="stmt" count="1"/>
      <line num="248" type="stmt" count="0"/>
      <line num="250" type="stmt" count="1"/>
      <line num="251" type="stmt" count="0"/>
      <line num="252" type="stmt" count="0"/>
      <line num="253" type="stmt" count="0"/>
      <line num="254" type="stmt" count="0"/>
      <line num="256" type="stmt" count="1"/>
      <line num="258" type="stmt" count="1"/>
      <line num="259" type="stmt" count="1"/>
      <line num="260" type="stmt" count="1"/>
      <line num="261" type="stmt" count="1"/>
      <line num="262" type="stmt" count="1"/>
      <line num="265" type="stmt" count="1"/>
      <line num="266" type="stmt" count="0"/>
      <line num="268" type="stmt" count="1"/>
      <line num="275" type="method" name="javaslatok" visibility="public" complexity="2" crap="2" count="1"/>
      <line num="276" type="stmt" count="1"/>
      <line num="277" type="stmt" count="1"/>
      <line num="278" type="stmt" count="1"/>
      <line num="279" type="stmt" count="1"/>
      <line num="280" type="stmt" count="1"/>
      <line num="281" type="stmt" count="1"/>
      <line num="283" type="stmt" count="1"/>
      <line num="284" type="stmt" count="1"/>
      <line num="285" type="stmt" count="1"/>
      <line num="291" type="method" name="javaslat" visibility="public" complexity="3" crap="3.00" count="1"/>
      <line num="292" type="stmt" count="1"/>
      <line num="293" type="stmt" count="1"/>
      <line num="294" type="stmt" count="1"/>
      <line num="295" type="stmt" count="1"/>
      <line num="296" type="stmt" count="1"/>
      <line num="297" type="stmt" count="1"/>
      <line num="299" type="stmt" count="1"/>
      <line num="300" type="stmt" count="1"/>
      <line num="301" type="stmt" count="1"/>
      <line num="302" type="stmt" count="1"/>
      <line num="303" type="stmt" count="1"/>
      <line num="305" type="stmt" count="0"/>
      <line num="307" type="stmt" count="1"/>
      <line num="312" type="method" name="tamogatom" visibility="public" complexity="6" crap="6.79" count="2"/>
      <line num="313" type="stmt" count="2"/>
      <line num="314" type="stmt" count="2"/>
      <line num="315" type="stmt" count="2"/>
      <line num="316" type="stmt" count="2"/>
      <line num="317" type="stmt" count="2"/>
      <line num="318" type="stmt" count="2"/>
      <line num="319" type="stmt" count="0"/>
      <line num="320" type="stmt" count="0"/>
      <line num="322" type="stmt" count="2"/>
      <line num="323" type="stmt" count="2"/>
      <line num="324" type="stmt" count="2"/>
      <line num="326" type="stmt" count="2"/>
      <line num="327" type="stmt" count="2"/>
      <line num="328" type="stmt" count="2"/>
      <line num="329" type="stmt" count="2"/>
      <line num="330" type="stmt" count="2"/>
      <line num="331" type="stmt" count="0"/>
      <line num="333" type="stmt" count="2"/>
      <line num="334" type="stmt" count="2"/>
      <line num="337" type="stmt" count="0"/>
      <line num="338" type="stmt" count="0"/>
      <line num="340" type="stmt" count="2"/>
      <line num="342" type="stmt" count="0"/>
      <line num="343" type="stmt" count="0"/>
      <line num="345" type="stmt" count="2"/>
      <line num="350" type="method" name="nemtamogatom" visibility="public" complexity="5" crap="5.44" count="1"/>
      <line num="351" type="stmt" count="1"/>
      <line num="352" type="stmt" count="1"/>
      <line num="353" type="stmt" count="1"/>
      <line num="354" type="stmt" count="1"/>
      <line num="355" type="stmt" count="1"/>
      <line num="356" type="stmt" count="0"/>
      <line num="357" type="stmt" count="0"/>
      <line num="359" type="stmt" count="1"/>
      <line num="360" type="stmt" count="1"/>
      <line num="361" type="stmt" count="1"/>
      <line num="362" type="stmt" count="1"/>
      <line num="363" type="stmt" count="1"/>
      <line num="364" type="stmt" count="1"/>
      <line num="366" type="stmt" count="1"/>
      <line num="367" type="stmt" count="1"/>
      <line num="368" type="stmt" count="1"/>
      <line num="369" type="stmt" count="1"/>
      <line num="371" type="stmt" count="0"/>
      <line num="372" type="stmt" count="0"/>
      <line num="374" type="stmt" count="1"/>
      <line num="376" type="stmt" count="0"/>
      <line num="377" type="stmt" count="0"/>
      <line num="379" type="stmt" count="1"/>
      <line num="384" type="method" name="javaslatform" visibility="public" complexity="5" crap="5.09" count="1"/>
      <line num="385" type="stmt" count="1"/>
      <line num="386" type="stmt" count="1"/>
      <line num="387" type="stmt" count="1"/>
      <line num="388" type="stmt" count="0"/>
      <line num="389" type="stmt" count="0"/>
      <line num="391" type="stmt" count="1"/>
      <line num="392" type="stmt" count="1"/>
      <line num="393" type="stmt" count="1"/>
      <line num="394" type="stmt" count="1"/>
      <line num="396" type="stmt" count="1"/>
      <line num="397" type="stmt" count="1"/>
      <line num="398" type="stmt" count="1"/>
      <line num="401" type="stmt" count="1"/>
      <line num="407" type="method" name="javaslatSave0" visibility="private" complexity="7" crap="8.20" count="1"/>
      <line num="408" type="stmt" count="1"/>
      <line num="409" type="stmt" count="1"/>
      <line num="410" type="stmt" count="1"/>
      <line num="411" type="stmt" count="1"/>
      <line num="412" type="stmt" count="1"/>
      <line num="413" type="stmt" count="1"/>
      <line num="414" type="stmt" count="1"/>
      <line num="415" type="stmt" count="1"/>
      <line num="416" type="stmt" count="1"/>
      <line num="417" type="stmt" count="1"/>
      <line num="418" type="stmt" count="1"/>
      <line num="419" type="stmt" count="1"/>
      <line num="420" type="stmt" count="1"/>
      <line num="421" type="stmt" count="0"/>
      <line num="422" type="stmt" count="0"/>
      <line num="424" type="stmt" count="1"/>
      <line num="425" type="stmt" count="0"/>
      <line num="426" type="stmt" count="0"/>
      <line num="428" type="stmt" count="1"/>
      <line num="429" type="stmt" count="0"/>
      <line num="430" type="stmt" count="0"/>
      <line num="432" type="stmt" count="1"/>
      <line num="433" type="stmt" count="0"/>
      <line num="434" type="stmt" count="0"/>
      <line num="436" type="stmt" count="1"/>
      <line num="437" type="stmt" count="1"/>
      <line num="438" type="stmt" count="1"/>
      <line num="439" type="stmt" count="1"/>
      <line num="440" type="stmt" count="1"/>
      <line num="442" type="stmt" count="0"/>
      <line num="445" type="stmt" count="1"/>
      <line num="452" type="method" name="javaslatSave" visibility="public" complexity="7" crap="7.58" count="1"/>
      <line num="453" type="stmt" count="1"/>
      <line num="454" type="stmt" count="1"/>
      <line num="455" type="stmt" count="1"/>
      <line num="456" type="stmt" count="1"/>
      <line num="457" type="stmt" count="1"/>
      <line num="458" type="stmt" count="1"/>
      <line num="459" type="stmt" count="0"/>
      <line num="460" type="stmt" count="0"/>
      <line num="463" type="stmt" count="1"/>
      <line num="464" type="stmt" count="0"/>
      <line num="465" type="stmt" count="0"/>
      <line num="467" type="stmt" count="1"/>
      <line num="468" type="stmt" count="1"/>
      <line num="469" type="stmt" count="1"/>
      <line num="470" type="stmt" count="1"/>
      <line num="472" type="stmt" count="1"/>
      <line num="473" type="stmt" count="1"/>
      <line num="474" type="stmt" count="1"/>
      <line num="475" type="stmt" count="1"/>
      <line num="477" type="stmt" count="1"/>
      <line num="480" type="stmt" count="0"/>
      <line num="482" type="stmt" count="1"/>
      <metrics loc="490" ncloc="398" classes="1" methods="15" coveredmethods="5" conditionals="0" coveredconditionals="0" statements="255" coveredstatements="210" elements="270" coveredelements="215"/>
    </file>
    <file name="/var/www/html/elovalasztok2/github/component/site/funkciok.php">
      <line num="15" type="stmt" count="15"/>
      <line num="16" type="stmt" count="15"/>
      <line num="17" type="stmt" count="1"/>
      <line num="19" type="stmt" count="15"/>
      <line num="20" type="stmt" count="15"/>
      <line num="22" type="stmt" count="15"/>
      <line num="23" type="stmt" count="15"/>
      <line num="27" type="stmt" count="15"/>
      <line num="31" type="stmt" count="7"/>
      <line num="56" type="stmt" count="5"/>
      <line num="57" type="stmt" count="5"/>
      <line num="59" type="stmt" count="5"/>
      <line num="60" type="stmt" count="5"/>
      <line num="64" type="stmt" count="5"/>
      <metrics loc="85" ncloc="66" classes="0" methods="0" coveredmethods="0" conditionals="0" coveredconditionals="0" statements="14" coveredstatements="14" elements="14" coveredelements="14"/>
    </file>
    <file name="/var/www/html/elovalasztok2/github/component/site/models/javaslatok.php">
      <class name="JavaslatokModel" namespace="global">
        <metrics complexity="16" methods="7" coveredmethods="4" conditionals="0" coveredconditionals="0" statements="65" coveredstatements="55" elements="72" coveredelements="59"/>
      </class>
      <line num="18" type="method" name="__construct" complexity="2" crap="2.15" count="6"/>
      <line num="19" type="stmt" count="6"/>
      <line num="20" type="stmt" count="6"/>
      <line num="29" type="stmt" count="6"/>
      <line num="30" type="stmt" count="0"/>
      <line num="31" type="stmt" count="0"/>
      <line num="33" type="stmt" count="6"/>
      <line num="41" type="method" name="getJavaslatok" visibility="public" complexity="1" crap="1" count="1"/>
      <line num="42" type="stmt" count="1"/>
      <line num="43" type="stmt" count="1"/>
      <line num="45" type="stmt" count="1"/>
      <line num="48" type="stmt" count="1"/>
      <line num="52" type="stmt" count="1"/>
      <line num="53" type="stmt" count="1"/>
      <line num="54" type="stmt" count="1"/>
      <line num="58" type="method" name="getErrorMsg" visibility="public" complexity="1" crap="2" count="0"/>
      <line num="59" type="stmt" count="0"/>
      <line num="69" type="method" name="createArticle" complexity="2" crap="2" count="1"/>
      <line num="70" type="stmt" count="1"/>
      <line num="71" type="stmt" count="1"/>
      <line num="72" type="stmt" count="1"/>
      <line num="76" type="stmt" count="1"/>
      <line num="77" type="stmt" count="1"/>
      <line num="78" type="stmt" count="1"/>
      <line num="79" type="stmt" count="1"/>
      <line num="80" type="stmt" count="1"/>
      <line num="81" type="stmt" count="1"/>
      <line num="82" type="stmt" count="1"/>
      <line num="83" type="stmt" count="1"/>
      <line num="84" type="stmt" count="1"/>
      <line num="85" type="stmt" count="1"/>
      <line num="87" type="stmt" count="1"/>
      <line num="88" type="stmt" count="1"/>
      <line num="89" type="stmt" count="1"/>
      <line num="90" type="stmt" count="1"/>
      <line num="98" type="stmt" count="1"/>
      <line num="99" type="stmt" count="1"/>
      <line num="100" type="stmt" count="1"/>
      <line num="101" type="stmt" count="1"/>
      <line num="102" type="stmt" count="1"/>
      <line num="103" type="stmt" count="1"/>
      <line num="106" type="stmt" count="1"/>
      <line num="107" type="stmt" count="1"/>
      <line num="108" type="stmt" count="1"/>
      <line num="109" type="stmt" count="1"/>
      <line num="110" type="stmt" count="1"/>
      <line num="111" type="stmt" count="1"/>
      <line num="113" type="stmt" count="1"/>
      <line num="114" type="stmt" count="1"/>
      <line num="115" type="stmt" count="1"/>
      <line num="116" type="stmt" count="1"/>
      <line num="117" type="stmt" count="1"/>
      <line num="118" type="stmt" count="1"/>
      <line num="119" type="stmt" count="1"/>
      <line num="120" type="stmt" count="1"/>
      <line num="121" type="stmt" count="1"/>
      <line num="123" type="stmt" count="1"/>
      <line num="124" type="stmt" count="1"/>
      <line num="125" type="stmt" count="0"/>
      <line num="127" type="stmt" count="1"/>
      <line num="129" type="stmt" count="1"/>
      <line num="138" type="method" name="getJavaslat" visibility="public" complexity="1" crap="1" count="1"/>
      <line num="139" type="stmt" count="1"/>
      <line num="140" type="stmt" count="1"/>
      <line num="142" type="stmt" count="1"/>
      <line num="145" type="stmt" count="1"/>
      <line num="149" type="stmt" count="1"/>
      <line num="150" type="stmt" count="1"/>
      <line num="151" type="stmt" count="1"/>
      <line num="161" type="method" name="tamogatom" visibility="public" complexity="3" crap="3" count="3"/>
      <line num="162" type="stmt" count="3"/>
      <line num="163" type="stmt" count="3"/>
      <line num="164" type="stmt" count="3"/>
      <line num="165" type="stmt" count="3"/>
      <line num="166" type="stmt" count="3"/>
      <line num="167" type="stmt" count="3"/>
      <line num="168" type="stmt" count="2"/>
      <line num="169" type="stmt" count="2"/>
      <line num="170" type="stmt" count="2"/>
      <line num="171" type="stmt" count="2"/>
      <line num="174" type="stmt" count="3"/>
      <line num="182" type="method" name="checkSupportCount" visibility="protected" complexity="3" crap="3.75" count="2"/>
      <line num="183" type="stmt" count="2"/>
      <line num="184" type="stmt" count="2"/>
      <line num="185" type="stmt" count="2"/>
      <line num="186" type="stmt" count="2"/>
      <line num="187" type="stmt" count="2"/>
      <line num="189" type="stmt" count="2"/>
      <line num="190" type="stmt" count="2"/>
      <line num="191" type="stmt" count="2"/>
      <line num="192" type="stmt" count="0"/>
      <line num="193" type="stmt" count="0"/>
      <line num="194" type="stmt" count="0"/>
      <line num="195" type="stmt" count="0"/>
      <line num="196" type="stmt" count="0"/>
      <line num="197" type="stmt" count="0"/>
      <line num="199" type="stmt" count="0"/>
      <line num="202" type="stmt" count="2"/>
      <metrics loc="205" ncloc="162" classes="1" methods="7" coveredmethods="4" conditionals="0" coveredconditionals="0" statements="91" coveredstatements="80" elements="98" coveredelements="84"/>
    </file>
    <file name="/var/www/html/elovalasztok2/github/component/site/models/szavazok.php">
      <class name="MyCondorcet" namespace="global">
        <metrics complexity="13" methods="4" coveredmethods="4" conditionals="0" coveredconditionals="0" statements="46" coveredstatements="46" elements="50" coveredelements="50"/>
      </class>
      <class name="SzavazokModel" namespace="global">
        <metrics complexity="27" methods="11" coveredmethods="5" conditionals="0" coveredconditionals="0" statements="110" coveredstatements="92" elements="121" coveredelements="97"/>
      </class>
      <line num="18" type="method" name="getCandidates" visibility="protected" complexity="2" crap="2" count="7"/>
      <line num="19" type="stmt" count="7"/>
      <line num="22" type="stmt" count="7"/>
      <line num="23" type="stmt" count="7"/>
      <line num="24" type="stmt" count="7"/>
      <line num="25" type="stmt" count="7"/>
      <line num="26" type="stmt" count="7"/>
      <line num="27" type="stmt" count="7"/>
      <line num="29" type="stmt" count="7"/>
      <line num="32" type="method" name="loadDiffMatrix" visibility="protected" complexity="7" crap="7" count="7"/>
      <line num="34" type="stmt" count="7"/>
      <line num="36" type="stmt" count="7"/>
      <line num="37" type="stmt" count="7"/>
      <line num="38" type="stmt" count="7"/>
      <line num="43" type="stmt" count="7"/>
      <line num="44" type="stmt" count="7"/>
      <line num="45" type="stmt" count="7"/>
      <line num="46" type="stmt" count="7"/>
      <line num="47" type="stmt" count="1"/>
      <line num="48" type="stmt" count="1"/>
      <line num="49" type="stmt" count="1"/>
      <line num="50" type="stmt" count="1"/>
      <line num="51" type="stmt" count="1"/>
      <line num="53" type="stmt" count="1"/>
      <line num="55" type="stmt" count="7"/>
      <line num="56" type="stmt" count="7"/>
      <line num="57" type="stmt" count="6"/>
      <line num="59" type="stmt" count="7"/>
      <line num="60" type="stmt" count="7"/>
      <line num="61" type="stmt" count="7"/>
      <line num="65" type="stmt" count="7"/>
      <line num="68" type="method" name="loadInFirst" visibility="protected" complexity="3" crap="3" count="7"/>
      <line num="69" type="stmt" count="7"/>
      <line num="70" type="stmt" count="7"/>
      <line num="71" type="stmt" count="7"/>
      <line num="73" type="stmt" count="7"/>
      <line num="74" type="stmt" count="7"/>
      <line num="75" type="stmt" count="7"/>
      <line num="78" type="stmt" count="7"/>
      <line num="79" type="stmt" count="7"/>
      <line num="80" type="stmt" count="1"/>
      <line num="82" type="stmt" count="7"/>
      <line num="85" type="method" name="loadVoteCount" visibility="protected" complexity="1" crap="1" count="7"/>
      <line num="86" type="stmt" count="7"/>
      <line num="87" type="stmt" count="7"/>
      <line num="88" type="stmt" count="7"/>
      <line num="90" type="stmt" count="7"/>
      <line num="91" type="stmt" count="7"/>
      <line num="92" type="stmt" count="7"/>
      <line num="93" type="stmt" count="7"/>
      <line num="102" type="method" name="__construct" complexity="3" crap="3.58" count="16"/>
      <line num="103" type="stmt" count="16"/>
      <line num="104" type="stmt" count="16"/>
      <line num="119" type="stmt" count="16"/>
      <line num="120" type="stmt" count="0"/>
      <line num="121" type="stmt" count="0"/>
      <line num="124" type="stmt" count="16"/>
      <line num="133" type="stmt" count="16"/>
      <line num="134" type="stmt" count="0"/>
      <line num="135" type="stmt" count="0"/>
      <line num="137" type="stmt" count="16"/>
      <line num="144" type="method" name="getPollRecord" visibility="public" complexity="1" crap="1" count="11"/>
      <line num="145" type="stmt" count="11"/>
      <line num="146" type="stmt" count="11"/>
      <line num="147" type="stmt" count="11"/>
      <line num="155" type="method" name="getItem" visibility="public" complexity="4" crap="4.02" count="3"/>
      <line num="156" type="stmt" count="3"/>
      <line num="157" type="stmt" count="3"/>
      <line num="158" type="stmt" count="3"/>
      <line num="159" type="stmt" count="3"/>
      <line num="160" type="stmt" count="3"/>
      <line num="161" type="stmt" count="3"/>
      <line num="162" type="stmt" count="3"/>
      <line num="163" type="stmt" count="3"/>
      <line num="164" type="stmt" count="3"/>
      <line num="168" type="stmt" count="3"/>
      <line num="171" type="stmt" count="3"/>
      <line num="172" type="stmt" count="0"/>
      <line num="173" type="stmt" count="0"/>
      <line num="175" type="stmt" count="3"/>
      <line num="176" type="stmt" count="2"/>
      <line num="177" type="stmt" count="2"/>
      <line num="178" type="stmt" count="2"/>
      <line num="179" type="stmt" count="2"/>
      <line num="180" type="stmt" count="2"/>
      <line num="183" type="stmt" count="3"/>
      <line num="186" type="method" name="getErrorMsg" visibility="public" complexity="1" crap="2" count="0"/>
      <line num="187" type="stmt" count="0"/>
      <line num="197" type="method" name="saveCheck" visibility="private" complexity="3" crap="3.79" count="1"/>
      <line num="198" type="stmt" count="1"/>
      <line num="199" type="stmt" count="1"/>
      <line num="200" type="stmt" count="1"/>
      <line num="201" type="stmt" count="0"/>
      <line num="202" type="stmt" count="0"/>
      <line num="205" type="stmt" count="1"/>
      <line num="206" type="stmt" count="0"/>
      <line num="207" type="stmt" count="0"/>
      <line num="209" type="stmt" count="1"/>
      <line num="217" type="method" name="getCatId" visibility="private" complexity="2" crap="2.03" count="1"/>
      <line num="218" type="stmt" count="1"/>
      <line num="219" type="stmt" count="1"/>
      <line num="220" type="stmt" count="1"/>
      <line num="222" type="stmt" count="0"/>
      <line num="224" type="stmt" count="1"/>
      <line num="234" type="method" name="save" visibility="public" complexity="9" crap="9.27" count="1"/>
      <line num="235" type="stmt" count="1"/>
      <line num="236" type="stmt" count="1"/>
      <line num="237" type="stmt" count="1"/>
      <line num="238" type="stmt" count="1"/>
      <line num="239" type="stmt" count="1"/>
      <line num="240" type="stmt" count="0"/>
      <line num="242" type="stmt" count="1"/>
      <line num="243" type="stmt" count="1"/>
      <line num="244" type="stmt" count="1"/>
      <line num="247" type="stmt" count="1"/>
      <line num="249" type="stmt" count="1"/>
      <line num="250" type="stmt" count="1"/>
      <line num="251" type="stmt" count="1"/>
      <line num="252" type="stmt" count="0"/>
      <line num="253" type="stmt" count="0"/>
      <line num="256" type="stmt" count="1"/>
      <line num="257" type="stmt" count="1"/>
      <line num="259" type="stmt" count="1"/>
      <line num="260" type="stmt" count="1"/>
      <line num="261" type="stmt" count="1"/>
      <line num="262" type="stmt" count="1"/>
      <line num="271" type="stmt" count="1"/>
      <line num="272" type="stmt" count="1"/>
      <line num="273" type="stmt" count="1"/>
      <line num="274" type="stmt" count="1"/>
      <line num="275" type="stmt" count="1"/>
      <line num="276" type="stmt" count="1"/>
      <line num="278" type="stmt" count="1"/>
      <line num="279" type="stmt" count="0"/>
      <line num="280" type="stmt" count="1"/>
      <line num="282" type="stmt" count="0"/>
      <line num="283" type="stmt" count="1"/>
      <line num="289" type="stmt" count="1"/>
      <line num="291" type="stmt" count="1"/>
      <line num="292" type="stmt" count="1"/>
      <line num="294" type="stmt" count="1"/>
      <line num="295" type="stmt" count="1"/>
      <line num="297" type="stmt" count="0"/>
      <line num="299" type="stmt" count="1"/>
      <line num="301" type="stmt" count="1"/>
      <line num="309" type="method" name="getFromCache" visibility="public" complexity="1" crap="1" count="7"/>
      <line num="310" type="stmt" count="7"/>
      <line num="311" type="stmt" count="7"/>
      <line num="313" type="stmt" count="7"/>
      <line num="314" type="stmt" count="7"/>
      <line num="322" type="method" name="initCache" visibility="public" complexity="1" crap="1" count="7"/>
      <line num="323" type="stmt" count="7"/>
      <line num="324" type="stmt" count="7"/>
      <line num="327" type="stmt" count="7"/>
      <line num="328" type="stmt" count="7"/>
      <line num="329" type="stmt" count="7"/>
      <line num="338" type="method" name="saveToCache" visibility="public" complexity="1" crap="1" count="7"/>
      <line num="339" type="stmt" count="7"/>
      <line num="340" type="stmt" count="7"/>
      <line num="341" type="stmt" count="7"/>
      <line num="342" type="stmt" count="7"/>
      <line num="343" type="stmt" count="7"/>
      <line num="344" type="stmt" count="7"/>
      <line num="345" type="stmt" count="7"/>
      <line num="346" type="stmt" count="7"/>
      <line num="353" type="method" name="getSzavazatok" visibility="public" complexity="1" crap="1" count="2"/>
      <line num="354" type="stmt" count="2"/>
      <line num="355" type="stmt" count="2"/>
      <line num="357" type="stmt" count="2"/>
      <line num="361" type="stmt" count="2"/>
      <line num="364" type="stmt" count="2"/>
      <metrics loc="368" ncloc="292" classes="2" methods="15" coveredmethods="9" conditionals="0" coveredconditionals="0" statements="156" coveredstatements="138" elements="171" coveredelements="147"/>
    </file>
    <file name="/var/www/html/elovalasztok2/github/component/site/views/eredmeny.php">
      <line num="5" type="stmt" count="7"/>
      <line num="6" type="stmt" count="7"/>
      <line num="7" type="stmt" count="7"/>
      <line num="9" type="stmt" count="7"/>
      <line num="10" type="stmt" count="3"/>
      <line num="12" type="stmt" count="7"/>
      <line num="13" type="stmt" count="1"/>
      <line num="15" type="stmt" count="7"/>
      <line num="16" type="stmt" count="1"/>
      <line num="18" type="stmt" count="7"/>
      <line num="19" type="stmt" count="1"/>
      <line num="21" type="stmt" count="7"/>
      <line num="22" type="stmt" count="1"/>
      <line num="26" type="stmt" count="7"/>
      <line num="33" type="stmt" count="6"/>
      <line num="35" type="stmt" count="1"/>
      <line num="38" type="stmt" count="7"/>
      <line num="46" type="stmt" count="7"/>
      <line num="53" type="stmt" count="7"/>
      <metrics loc="72" ncloc="70" classes="0" methods="0" coveredmethods="0" conditionals="0" coveredconditionals="0" statements="19" coveredstatements="19" elements="19" coveredelements="19"/>
    </file>
    <file name="/var/www/html/elovalasztok2/github/component/site/views/javaslat.php">
      <line num="11" type="stmt" count="1"/>
      <line num="12" type="stmt" count="1"/>
      <line num="13" type="stmt" count="1"/>
      <line num="16" type="stmt" count="1"/>
      <line num="18" type="stmt" count="1"/>
      <line num="32" type="stmt" count="1"/>
      <line num="40" type="stmt" count="1"/>
      <line num="47" type="stmt" count="1"/>
      <line num="51" type="stmt" count="1"/>
      <line num="57" type="stmt" count="1"/>
      <metrics loc="56" ncloc="48" classes="0" methods="0" coveredmethods="0" conditionals="0" coveredconditionals="0" statements="9" coveredstatements="9" elements="9" coveredelements="9"/>
    </file>
    <file name="/var/www/html/elovalasztok2/github/component/site/views/javaslatform.php">
      <line num="11" type="stmt" count="1"/>
      <line num="21" type="stmt" count="1"/>
      <line num="22" type="stmt" count="1"/>
      <line num="23" type="stmt" count="1"/>
      <line num="24" type="stmt" count="1"/>
      <line num="26" type="stmt" count="1"/>
      <line num="45" type="stmt" count="1"/>
      <metrics loc="44" ncloc="36" classes="0" methods="0" coveredmethods="0" conditionals="0" coveredconditionals="0" statements="6" coveredstatements="6" elements="6" coveredelements="6"/>
    </file>
    <file name="/var/www/html/elovalasztok2/github/component/site/views/javaslatok.php">
      <line num="10" type="stmt" count="1"/>
      <line num="11" type="stmt" count="1"/>
      <line num="12" type="stmt" count="1"/>
      <line num="14" type="stmt" count="1"/>
      <line num="25" type="stmt" count="1"/>
      <line num="34" type="stmt" count="1"/>
      <line num="50" type="stmt" count="1"/>
      <line num="57" type="stmt" count="1"/>
      <line num="59" type="stmt" count="1"/>
      <line num="62" type="stmt" count="1"/>
      <line num="68" type="stmt" count="1"/>
      <metrics loc="67" ncloc="59" classes="0" methods="0" coveredmethods="0" conditionals="0" coveredconditionals="0" statements="10" coveredstatements="10" elements="10" coveredelements="10"/>
    </file>
    <file name="/var/www/html/elovalasztok2/github/component/site/views/szavazoform.php">
      <line num="5" type="stmt" count="2"/>
      <line num="7" type="stmt" count="2"/>
      <line num="8" type="stmt" count="2"/>
      <line num="12" type="stmt" count="2"/>
      <line num="15" type="stmt" count="2"/>
      <line num="17" type="stmt" count="2"/>
      <line num="21" type="stmt" count="2"/>
      <line num="22" type="stmt" count="2"/>
      <line num="23" type="stmt" count="2"/>
      <line num="25" type="stmt" count="2"/>
      <line num="26" type="stmt" count="0"/>
      <line num="28" type="stmt" count="0"/>
      <line num="29" type="stmt" count="0"/>
      <line num="32" type="stmt" count="2"/>
      <line num="36" type="stmt" count="2"/>
      <line num="44" type="stmt" count="2"/>
      <line num="49" type="stmt" count="2"/>
      <line num="50" type="stmt" count="2"/>
      <line num="51" type="stmt" count="2"/>
      <line num="52" type="stmt" count="0"/>
      <line num="54" type="stmt" count="2"/>
      <line num="56" type="stmt" count="2"/>
      <line num="57" type="stmt" count="2"/>
      <line num="58" type="stmt" count="2"/>
      <line num="59" type="stmt" count="2"/>
      <line num="60" type="stmt" count="2"/>
      <line num="61" type="stmt" count="2"/>
      <line num="62" type="stmt" count="2"/>
      <line num="63" type="stmt" count="2"/>
      <line num="65" type="stmt" count="2"/>
      <line num="68" type="stmt" count="2"/>
      <line num="69" type="stmt" count="2"/>
      <line num="75" type="stmt" count="2"/>
      <metrics loc="82" ncloc="76" classes="0" methods="0" coveredmethods="0" conditionals="0" coveredconditionals="0" statements="33" coveredstatements="29" elements="33" coveredelements="29"/>
    </file>
    <file name="/var/www/html/elovalasztok2/github/test/siteControllerTest.php">
      <class name="elovalasztokControllerTest" namespace="global">
        <metrics complexity="28" methods="28" coveredmethods="27" conditionals="0" coveredconditionals="0" statements="443" coveredstatements="415" elements="471" coveredelements="442"/>
      </class>
      <line num="23" type="method" name="__construct" complexity="1" crap="2" count="0"/>
      <line num="24" type="stmt" count="0"/>
      <line num="25" type="stmt" count="0"/>
      <line num="27" type="stmt" count="0"/>
      <line num="28" type="stmt" count="0"/>
      <line num="29" type="stmt" count="0"/>
      <line num="30" type="stmt" count="0"/>
      <line num="31" type="stmt" count="0"/>
      <line num="39" type="stmt" count="0"/>
      <line num="53" type="stmt" count="0"/>
      <line num="61" type="stmt" count="0"/>
      <line num="67" type="stmt" count="0"/>
      <line num="68" type="stmt" count="0"/>
      <line num="69" type="stmt" count="0"/>
      <line num="70" type="stmt" count="0"/>
      <line num="71" type="stmt" count="0"/>
      <line num="72" type="stmt" count="0"/>
      <line num="73" type="stmt" count="0"/>
      <line num="74" type="stmt" count="0"/>
      <line num="75" type="stmt" count="0"/>
      <line num="76" type="stmt" count="0"/>
      <line num="77" type="stmt" count="0"/>
      <line num="78" type="stmt" count="0"/>
      <line num="79" type="stmt" count="0"/>
      <line num="80" type="stmt" count="0"/>
      <line num="81" type="stmt" count="0"/>
      <line num="82" type="stmt" count="0"/>
      <line num="83" type="stmt" count="0"/>
      <line num="84" type="stmt" count="0"/>
      <line num="85" type="method" name="setupConfig" visibility="protected" complexity="1" crap="1" count="19"/>
      <line num="86" type="stmt" count="19"/>
      <line num="87" type="method" name="test_szavazok_notTestUzemmod_notlogedUser" visibility="public" complexity="1" crap="1" count="1"/>
      <line num="88" type="stmt" count="1"/>
      <line num="89" type="stmt" count="1"/>
      <line num="90" type="stmt" count="1"/>
      <line num="91" type="stmt" count="1"/>
      <line num="92" type="stmt" count="1"/>
      <line num="93" type="stmt" count="1"/>
      <line num="94" type="stmt" count="1"/>
      <line num="96" type="method" name="test_szavazok_notTestUzemmod_loggedUser_nemBudapesti_nemSzavazottmeg" visibility="public" complexity="1" crap="1" count="1"/>
      <line num="97" type="stmt" count="1"/>
      <line num="98" type="stmt" count="1"/>
      <line num="99" type="stmt" count="1"/>
      <line num="100" type="stmt" count="1"/>
      <line num="101" type="stmt" count="1"/>
      <line num="102" type="stmt" count="1"/>
      <line num="103" type="stmt" count="1"/>
      <line num="104" type="stmt" count="1"/>
      <line num="105" type="stmt" count="1"/>
      <line num="106" type="stmt" count="1"/>
      <line num="107" type="stmt" count="1"/>
      <line num="108" type="stmt" count="1"/>
      <line num="110" type="method" name="test_szavazok_TestUzemmod_loggedUser_nemBudapesti_nemSzavazottmeg" visibility="public" complexity="1" crap="1" count="1"/>
      <line num="111" type="stmt" count="1"/>
      <line num="112" type="stmt" count="1"/>
      <line num="113" type="stmt" count="1"/>
      <line num="114" type="stmt" count="1"/>
      <line num="115" type="stmt" count="1"/>
      <line num="116" type="stmt" count="1"/>
      <line num="117" type="stmt" count="1"/>
      <line num="118" type="stmt" count="1"/>
      <line num="119" type="stmt" count="1"/>
      <line num="120" type="stmt" count="1"/>
      <line num="121" type="stmt" count="1"/>
      <line num="122" type="stmt" count="1"/>
      <line num="124" type="method" name="test_szavazok_notTestUzemmod_loggedUser_budapest_nemSzavazottmeg" visibility="public" complexity="1" crap="1" count="1"/>
      <line num="125" type="stmt" count="1"/>
      <line num="126" type="stmt" count="1"/>
      <line num="127" type="stmt" count="1"/>
      <line num="128" type="stmt" count="1"/>
      <line num="129" type="stmt" count="1"/>
      <line num="130" type="stmt" count="1"/>
      <line num="131" type="stmt" count="1"/>
      <line num="132" type="stmt" count="1"/>
      <line num="133" type="stmt" count="1"/>
      <line num="134" type="stmt" count="1"/>
      <line num="135" type="stmt" count="1"/>
      <line num="136" type="stmt" count="1"/>
      <line num="138" type="method" name="test_szavazok_notTestUzemmod_loggedUser_budapest_lezartSzavazas" visibility="public" complexity="1" crap="1" count="1"/>
      <line num="139" type="stmt" count="1"/>
      <line num="140" type="stmt" count="1"/>
      <line num="141" type="stmt" count="1"/>
      <line num="142" type="stmt" count="1"/>
      <line num="143" type="stmt" count="1"/>
      <line num="144" type="stmt" count="1"/>
      <line num="145" type="stmt" count="1"/>
      <line num="146" type="stmt" count="1"/>
      <line num="147" type="stmt" count="1"/>
      <line num="148" type="stmt" count="1"/>
      <line num="149" type="stmt" count="1"/>
      <line num="150" type="stmt" count="1"/>
      <line num="151" type="stmt" count="1"/>
      <line num="153" type="method" name="test_eredmeny" visibility="public" complexity="1" crap="1" count="1"/>
      <line num="154" type="stmt" count="1"/>
      <line num="155" type="stmt" count="1"/>
      <line num="156" type="stmt" count="1"/>
      <line num="157" type="stmt" count="1"/>
      <line num="158" type="stmt" count="1"/>
      <line num="159" type="stmt" count="1"/>
      <line num="160" type="stmt" count="1"/>
      <line num="161" type="stmt" count="1"/>
      <line num="162" type="stmt" count="1"/>
      <line num="164" type="method" name="test_reszeredmeny_magyar" visibility="public" complexity="1" crap="1" count="1"/>
      <line num="165" type="stmt" count="1"/>
      <line num="166" type="stmt" count="1"/>
      <line num="167" type="stmt" count="1"/>
      <line num="168" type="stmt" count="1"/>
      <line num="169" type="stmt" count="1"/>
      <line num="170" type="stmt" count="1"/>
      <line num="171" type="stmt" count="1"/>
      <line num="172" type="stmt" count="1"/>
      <line num="173" type="stmt" count="1"/>
      <line num="174" type="stmt" count="1"/>
      <line num="176" type="method" name="test_reszeredmeny_hiteles" visibility="public" complexity="1" crap="1" count="1"/>
      <line num="177" type="stmt" count="1"/>
      <line num="178" type="stmt" count="1"/>
      <line num="179" type="stmt" count="1"/>
      <line num="180" type="stmt" count="1"/>
      <line num="181" type="stmt" count="1"/>
      <line num="182" type="stmt" count="1"/>
      <line num="183" type="stmt" count="1"/>
      <line num="184" type="stmt" count="1"/>
      <line num="185" type="stmt" count="1"/>
      <line num="186" type="stmt" count="1"/>
      <line num="188" type="method" name="test_reszeredmeny_offline" visibility="public" complexity="1" crap="1" count="1"/>
      <line num="189" type="stmt" count="1"/>
      <line num="190" type="stmt" count="1"/>
      <line num="191" type="stmt" count="1"/>
      <line num="192" type="stmt" count="1"/>
      <line num="193" type="stmt" count="1"/>
      <line num="194" type="stmt" count="1"/>
      <line num="195" type="stmt" count="1"/>
      <line num="196" type="stmt" count="1"/>
      <line num="197" type="stmt" count="1"/>
      <line num="198" type="stmt" count="1"/>
      <line num="200" type="method" name="test_reszeredmeny_appmagyar" visibility="public" complexity="1" crap="1" count="1"/>
      <line num="201" type="stmt" count="1"/>
      <line num="202" type="stmt" count="1"/>
      <line num="203" type="stmt" count="1"/>
      <line num="204" type="stmt" count="1"/>
      <line num="205" type="stmt" count="1"/>
      <line num="206" type="stmt" count="1"/>
      <line num="207" type="stmt" count="1"/>
      <line num="208" type="stmt" count="1"/>
      <line num="209" type="stmt" count="1"/>
      <line num="210" type="stmt" count="1"/>
      <line num="212" type="method" name="test_reszeredmeny_osszes" visibility="public" complexity="1" crap="1" count="1"/>
      <line num="213" type="stmt" count="1"/>
      <line num="214" type="stmt" count="1"/>
      <line num="215" type="stmt" count="1"/>
      <line num="216" type="stmt" count="1"/>
      <line num="217" type="stmt" count="1"/>
      <line num="218" type="stmt" count="1"/>
      <line num="219" type="stmt" count="1"/>
      <line num="220" type="stmt" count="1"/>
      <line num="221" type="stmt" count="1"/>
      <line num="222" type="stmt" count="1"/>
      <line num="225" type="method" name="test_szavazat_save_notTest_notLoged" visibility="public" complexity="1" crap="1" count="1"/>
      <line num="226" type="stmt" count="1"/>
      <line num="227" type="stmt" count="1"/>
      <line num="228" type="stmt" count="1"/>
      <line num="229" type="stmt" count="1"/>
      <line num="231" type="stmt" count="1"/>
      <line num="232" type="stmt" count="1"/>
      <line num="233" type="stmt" count="1"/>
      <line num="234" type="stmt" count="1"/>
      <line num="236" type="method" name="test_szavazat_save_notTest_nemBudapesti_nemSzavazottMeg" visibility="public" complexity="1" crap="1" count="1"/>
      <line num="237" type="stmt" count="1"/>
      <line num="238" type="stmt" count="1"/>
      <line num="239" type="stmt" count="1"/>
      <line num="240" type="stmt" count="1"/>
      <line num="241" type="stmt" count="1"/>
      <line num="242" type="stmt" count="1"/>
      <line num="243" type="stmt" count="1"/>
      <line num="245" type="stmt" count="1"/>
      <line num="246" type="stmt" count="1"/>
      <line num="248" type="stmt" count="1"/>
      <line num="249" type="stmt" count="1"/>
      <line num="250" type="stmt" count="1"/>
      <line num="251" type="stmt" count="1"/>
      <line num="253" type="method" name="test_szavazat_save_notTest_budapesti_nemSzavazottMeg" visibility="public" complexity="1" crap="1" count="1"/>
      <line num="254" type="stmt" count="1"/>
      <line num="255" type="stmt" count="1"/>
      <line num="256" type="stmt" count="1"/>
      <line num="257" type="stmt" count="1"/>
      <line num="258" type="stmt" count="1"/>
      <line num="259" type="stmt" count="1"/>
      <line num="260" type="stmt" count="1"/>
      <line num="262" type="stmt" count="1"/>
      <line num="263" type="stmt" count="1"/>
      <line num="264" type="stmt" count="1"/>
      <line num="265" type="stmt" count="1"/>
      <line num="266" type="stmt" count="1"/>
      <line num="267" type="stmt" count="1"/>
      <line num="269" type="method" name="test_szavazat_save_notTest_budapesti_lezartSzavazas" visibility="public" complexity="1" crap="1" count="1"/>
      <line num="270" type="stmt" count="1"/>
      <line num="271" type="stmt" count="1"/>
      <line num="272" type="stmt" count="1"/>
      <line num="273" type="stmt" count="1"/>
      <line num="274" type="stmt" count="1"/>
      <line num="275" type="stmt" count="1"/>
      <line num="276" type="stmt" count="1"/>
      <line num="277" type="stmt" count="1"/>
      <line num="280" type="stmt" count="1"/>
      <line num="281" type="stmt" count="1"/>
      <line num="282" type="stmt" count="1"/>
      <line num="283" type="stmt" count="1"/>
      <line num="284" type="stmt" count="1"/>
      <line num="285" type="stmt" count="1"/>
      <line num="287" type="method" name="test_wiki_Shulze_pelda" visibility="public" complexity="1" crap="1" count="1"/>
      <line num="297" type="stmt" count="1"/>
      <line num="298" type="stmt" count="1"/>
      <line num="300" type="stmt" count="1"/>
      <line num="302" type="stmt" count="1"/>
      <line num="303" type="stmt" count="1"/>
      <line num="304" type="stmt" count="1"/>
      <line num="305" type="stmt" count="1"/>
      <line num="308" type="stmt" count="1"/>
      <line num="309" type="stmt" count="1"/>
      <line num="310" type="stmt" count="1"/>
      <line num="311" type="stmt" count="1"/>
      <line num="313" type="stmt" count="1"/>
      <line num="314" type="stmt" count="1"/>
      <line num="315" type="stmt" count="1"/>
      <line num="316" type="stmt" count="1"/>
      <line num="318" type="stmt" count="1"/>
      <line num="319" type="stmt" count="1"/>
      <line num="320" type="stmt" count="1"/>
      <line num="321" type="stmt" count="1"/>
      <line num="323" type="stmt" count="1"/>
      <line num="324" type="stmt" count="1"/>
      <line num="325" type="stmt" count="1"/>
      <line num="326" type="stmt" count="1"/>
      <line num="328" type="stmt" count="1"/>
      <line num="329" type="stmt" count="1"/>
      <line num="330" type="stmt" count="1"/>
      <line num="331" type="stmt" count="1"/>
      <line num="333" type="stmt" count="1"/>
      <line num="334" type="stmt" count="1"/>
      <line num="335" type="stmt" count="1"/>
      <line num="336" type="stmt" count="1"/>
      <line num="338" type="stmt" count="1"/>
      <line num="339" type="stmt" count="1"/>
      <line num="340" type="stmt" count="1"/>
      <line num="341" type="stmt" count="1"/>
      <line num="343" type="stmt" count="1"/>
      <line num="344" type="stmt" count="1"/>
      <line num="345" type="stmt" count="1"/>
      <line num="346" type="stmt" count="1"/>
      <line num="349" type="stmt" count="1"/>
      <line num="350" type="stmt" count="1"/>
      <line num="351" type="stmt" count="1"/>
      <line num="352" type="stmt" count="1"/>
      <line num="354" type="stmt" count="1"/>
      <line num="355" type="stmt" count="1"/>
      <line num="356" type="stmt" count="1"/>
      <line num="357" type="stmt" count="1"/>
      <line num="360" type="stmt" count="1"/>
      <line num="361" type="stmt" count="1"/>
      <line num="362" type="stmt" count="1"/>
      <line num="363" type="stmt" count="1"/>
      <line num="365" type="stmt" count="1"/>
      <line num="366" type="stmt" count="1"/>
      <line num="367" type="stmt" count="1"/>
      <line num="368" type="stmt" count="1"/>
      <line num="370" type="stmt" count="1"/>
      <line num="371" type="stmt" count="1"/>
      <line num="372" type="stmt" count="1"/>
      <line num="373" type="stmt" count="1"/>
      <line num="375" type="stmt" count="1"/>
      <line num="376" type="stmt" count="1"/>
      <line num="377" type="stmt" count="1"/>
      <line num="378" type="stmt" count="1"/>
      <line num="381" type="stmt" count="1"/>
      <line num="382" type="stmt" count="1"/>
      <line num="383" type="stmt" count="1"/>
      <line num="384" type="stmt" count="1"/>
      <line num="386" type="stmt" count="1"/>
      <line num="387" type="stmt" count="1"/>
      <line num="388" type="stmt" count="1"/>
      <line num="389" type="stmt" count="1"/>
      <line num="391" type="stmt" count="1"/>
      <line num="392" type="stmt" count="1"/>
      <line num="393" type="stmt" count="1"/>
      <line num="394" type="stmt" count="1"/>
      <line num="396" type="stmt" count="1"/>
      <line num="397" type="stmt" count="1"/>
      <line num="398" type="stmt" count="1"/>
      <line num="399" type="stmt" count="1"/>
      <line num="403" type="stmt" count="1"/>
      <line num="404" type="stmt" count="1"/>
      <line num="405" type="stmt" count="1"/>
      <line num="406" type="stmt" count="1"/>
      <line num="408" type="stmt" count="1"/>
      <line num="409" type="stmt" count="1"/>
      <line num="410" type="stmt" count="1"/>
      <line num="411" type="stmt" count="1"/>
      <line num="413" type="stmt" count="1"/>
      <line num="414" type="stmt" count="1"/>
      <line num="415" type="stmt" count="1"/>
      <line num="416" type="stmt" count="1"/>
      <line num="418" type="stmt" count="1"/>
      <line num="420" type="stmt" count="1"/>
      <line num="421" type="stmt" count="1"/>
      <line num="422" type="stmt" count="1"/>
      <line num="423" type="stmt" count="1"/>
      <line num="424" type="stmt" count="1"/>
      <line num="425" type="stmt" count="1"/>
      <line num="426" type="stmt" count="1"/>
      <line num="427" type="stmt" count="1"/>
      <line num="428" type="stmt" count="1"/>
      <line num="429" type="stmt" count="1"/>
      <line num="431" type="stmt" count="1"/>
      <line num="433" type="method" name="test_szavazatok" visibility="public" complexity="1" crap="1" count="1"/>
      <line num="434" type="stmt" count="1"/>
      <line num="435" type="stmt" count="1"/>
      <line num="436" type="stmt" count="1"/>
      <line num="437" type="stmt" count="1"/>
      <line num="438" type="stmt" count="1"/>
      <line num="439" type="stmt" count="1"/>
      <line num="440" type="stmt" count="1"/>
      <line num="441" type="stmt" count="1"/>
      <line num="442" type="stmt" count="1"/>
      <line num="443" type="stmt" count="1"/>
      <line num="445" type="method" name="test_szavazatokcsv" visibility="public" complexity="1" crap="1" count="1"/>
      <line num="446" type="stmt" count="1"/>
      <line num="447" type="stmt" count="1"/>
      <line num="448" type="stmt" count="1"/>
      <line num="449" type="stmt" count="1"/>
      <line num="450" type="stmt" count="1"/>
      <line num="451" type="stmt" count="1"/>
      <line num="452" type="stmt" count="1"/>
      <line num="453" type="stmt" count="1"/>
      <line num="455" type="stmt" count="1"/>
      <line num="457" type="method" name="test_szavazok_notTestUzemmod_loggedUser_budapest_nincs_jelolt" visibility="public" complexity="1" crap="1" count="1"/>
      <line num="458" type="stmt" count="1"/>
      <line num="459" type="stmt" count="1"/>
      <line num="460" type="stmt" count="1"/>
      <line num="461" type="stmt" count="1"/>
      <line num="462" type="stmt" count="1"/>
      <line num="463" type="stmt" count="1"/>
      <line num="464" type="stmt" count="1"/>
      <line num="465" type="stmt" count="1"/>
      <line num="466" type="stmt" count="1"/>
      <line num="467" type="stmt" count="1"/>
      <line num="468" type="stmt" count="1"/>
      <line num="469" type="stmt" count="1"/>
      <line num="470" type="stmt" count="1"/>
      <line num="472" type="method" name="test_javaslatForm" visibility="public" complexity="1" crap="1" count="1"/>
      <line num="473" type="stmt" count="1"/>
      <line num="474" type="stmt" count="1"/>
      <line num="475" type="stmt" count="1"/>
      <line num="476" type="stmt" count="1"/>
      <line num="477" type="stmt" count="1"/>
      <line num="478" type="stmt" count="1"/>
      <line num="479" type="stmt" count="1"/>
      <line num="481" type="stmt" count="1"/>
      <line num="482" type="stmt" count="1"/>
      <line num="483" type="stmt" count="1"/>
      <line num="484" type="stmt" count="1"/>
      <line num="485" type="stmt" count="1"/>
      <line num="487" type="method" name="test_javaslat_save" visibility="public" complexity="1" crap="1" count="1"/>
      <line num="488" type="stmt" count="1"/>
      <line num="489" type="stmt" count="1"/>
      <line num="490" type="stmt" count="1"/>
      <line num="491" type="stmt" count="1"/>
      <line num="492" type="stmt" count="1"/>
      <line num="493" type="stmt" count="1"/>
      <line num="494" type="stmt" count="1"/>
      <line num="496" type="stmt" count="1"/>
      <line num="497" type="stmt" count="1"/>
      <line num="498" type="stmt" count="1"/>
      <line num="499" type="stmt" count="1"/>
      <line num="500" type="stmt" count="1"/>
      <line num="501" type="stmt" count="1"/>
      <line num="502" type="stmt" count="1"/>
      <line num="503" type="stmt" count="1"/>
      <line num="504" type="stmt" count="1"/>
      <line num="505" type="stmt" count="1"/>
      <line num="507" type="method" name="test_javaslatok" visibility="public" complexity="1" crap="1" count="1"/>
      <line num="508" type="stmt" count="1"/>
      <line num="509" type="stmt" count="1"/>
      <line num="510" type="stmt" count="1"/>
      <line num="511" type="stmt" count="1"/>
      <line num="512" type="stmt" count="1"/>
      <line num="513" type="stmt" count="1"/>
      <line num="514" type="stmt" count="1"/>
      <line num="517" type="stmt" count="1"/>
      <line num="518" type="stmt" count="1"/>
      <line num="519" type="stmt" count="1"/>
      <line num="520" type="stmt" count="1"/>
      <line num="523" type="stmt" count="1"/>
      <line num="524" type="stmt" count="1"/>
      <line num="526" type="stmt" count="1"/>
      <line num="527" type="stmt" count="1"/>
      <line num="528" type="stmt" count="1"/>
      <line num="529" type="stmt" count="1"/>
      <line num="530" type="stmt" count="1"/>
      <line num="532" type="method" name="test_nemtamogatom_pollIdInput" visibility="public" complexity="1" crap="1" count="1"/>
      <line num="533" type="stmt" count="1"/>
      <line num="534" type="stmt" count="1"/>
      <line num="535" type="stmt" count="1"/>
      <line num="536" type="stmt" count="1"/>
      <line num="537" type="stmt" count="1"/>
      <line num="538" type="stmt" count="1"/>
      <line num="541" type="stmt" count="1"/>
      <line num="542" type="stmt" count="1"/>
      <line num="543" type="stmt" count="1"/>
      <line num="544" type="stmt" count="1"/>
      <line num="546" type="stmt" count="1"/>
      <line num="547" type="stmt" count="1"/>
      <line num="548" type="stmt" count="1"/>
      <line num="549" type="stmt" count="1"/>
      <line num="550" type="stmt" count="1"/>
      <line num="551" type="stmt" count="1"/>
      <line num="552" type="stmt" count="1"/>
      <line num="554" type="stmt" count="1"/>
      <line num="557" type="method" name="test_tamogatom_1" visibility="public" complexity="1" crap="1" count="1"/>
      <line num="558" type="stmt" count="1"/>
      <line num="559" type="stmt" count="1"/>
      <line num="560" type="stmt" count="1"/>
      <line num="561" type="stmt" count="1"/>
      <line num="562" type="stmt" count="1"/>
      <line num="563" type="stmt" count="1"/>
      <line num="566" type="stmt" count="1"/>
      <line num="567" type="stmt" count="1"/>
      <line num="568" type="stmt" count="1"/>
      <line num="569" type="stmt" count="1"/>
      <line num="571" type="stmt" count="1"/>
      <line num="572" type="stmt" count="1"/>
      <line num="573" type="stmt" count="1"/>
      <line num="574" type="stmt" count="1"/>
      <line num="575" type="stmt" count="1"/>
      <line num="576" type="stmt" count="1"/>
      <line num="578" type="stmt" count="1"/>
      <line num="580" type="method" name="test_getJavaslat" visibility="public" complexity="1" crap="1" count="1"/>
      <line num="581" type="stmt" count="1"/>
      <line num="582" type="stmt" count="1"/>
      <line num="583" type="stmt" count="1"/>
      <line num="584" type="stmt" count="1"/>
      <line num="585" type="stmt" count="1"/>
      <line num="586" type="stmt" count="1"/>
      <line num="589" type="stmt" count="1"/>
      <line num="590" type="stmt" count="1"/>
      <line num="591" type="stmt" count="1"/>
      <line num="592" type="stmt" count="1"/>
      <line num="594" type="stmt" count="1"/>
      <line num="595" type="stmt" count="1"/>
      <line num="596" type="stmt" count="1"/>
      <line num="597" type="stmt" count="1"/>
      <line num="598" type="stmt" count="1"/>
      <line num="599" type="stmt" count="1"/>
      <line num="601" type="stmt" count="1"/>
      <line num="603" type="method" name="test_tamogatom_requestedSupport" visibility="public" complexity="1" crap="1" count="1"/>
      <line num="604" type="stmt" count="1"/>
      <line num="605" type="stmt" count="1"/>
      <line num="606" type="stmt" count="1"/>
      <line num="607" type="stmt" count="1"/>
      <line num="608" type="stmt" count="1"/>
      <line num="609" type="stmt" count="1"/>
      <line num="612" type="stmt" count="1"/>
      <line num="613" type="stmt" count="1"/>
      <line num="614" type="stmt" count="1"/>
      <line num="615" type="stmt" count="1"/>
      <line num="617" type="stmt" count="1"/>
      <line num="618" type="stmt" count="1"/>
      <line num="619" type="stmt" count="1"/>
      <line num="620" type="stmt" count="1"/>
      <line num="621" type="stmt" count="1"/>
      <line num="622" type="stmt" count="1"/>
      <line num="624" type="stmt" count="1"/>
      <metrics loc="627" ncloc="578" classes="1" methods="28" coveredmethods="27" conditionals="0" coveredconditionals="0" statements="443" coveredstatements="415" elements="471" coveredelements="442"/>
    </file>
    <file name="/var/www/html/elovalasztok2/github/test/testJoomlaFramework.php">
      <class name="testDataClass" namespace="global">
        <metrics complexity="12" methods="9" coveredmethods="2" conditionals="0" coveredconditionals="0" statements="37" coveredstatements="10" elements="46" coveredelements="12"/>
      </class>
      <class name="JFactory" namespace="global">
        <metrics complexity="11" methods="7" coveredmethods="3" conditionals="0" coveredconditionals="0" statements="18" coveredstatements="12" elements="25" coveredelements="15"/>
      </class>
      <class name="JApplication" namespace="global">
        <metrics complexity="5" methods="5" coveredmethods="0" conditionals="0" coveredconditionals="0" statements="14" coveredstatements="0" elements="19" coveredelements="0"/>
      </class>
      <class name="JDocument" namespace="global">
        <metrics complexity="1" methods="1" coveredmethods="0" conditionals="0" coveredconditionals="0" statements="1" coveredstatements="0" elements="2" coveredelements="0"/>
      </class>
      <class name="JInput" namespace="global">
        <metrics complexity="2" methods="2" coveredmethods="1" conditionals="0" coveredconditionals="0" statements="5" coveredstatements="2" elements="7" coveredelements="3"/>
      </class>
      <class name="JRequest" namespace="global">
        <metrics complexity="4" methods="4" coveredmethods="0" conditionals="0" coveredconditionals="0" statements="7" coveredstatements="0" elements="11" coveredelements="0"/>
      </class>
      <class name="JURI" namespace="global">
        <metrics complexity="2" methods="2" coveredmethods="2" conditionals="0" coveredconditionals="0" statements="2" coveredstatements="2" elements="4" coveredelements="4"/>
      </class>
      <class name="JText" namespace="global">
        <metrics complexity="1" methods="1" coveredmethods="0" conditionals="0" coveredconditionals="0" statements="1" coveredstatements="0" elements="2" coveredelements="0"/>
      </class>
      <class name="JHTML" namespace="global">
        <metrics complexity="1" methods="1" coveredmethods="1" conditionals="0" coveredconditionals="0" statements="1" coveredstatements="1" elements="2" coveredelements="2"/>
      </class>
      <class name="JDatabase" namespace="global">
        <metrics complexity="23" methods="10" coveredmethods="5" conditionals="0" coveredconditionals="0" statements="67" coveredstatements="49" elements="77" coveredelements="54"/>
      </class>
      <class name="JDatabaseQuery" namespace="global">
        <metrics complexity="6" methods="6" coveredmethods="0" conditionals="0" coveredconditionals="0" statements="6" coveredstatements="0" elements="12" coveredelements="0"/>
      </class>
      <class name="JUser" namespace="global">
        <metrics complexity="5" methods="5" coveredmethods="0" conditionals="0" coveredconditionals="0" statements="5" coveredstatements="0" elements="10" coveredelements="0"/>
      </class>
      <class name="JLanguage" namespace="global">
        <metrics complexity="0" methods="0" coveredmethods="0" conditionals="0" coveredconditionals="0" statements="0" coveredstatements="0" elements="0" coveredelements="0"/>
      </class>
      <class name="JTable" namespace="global">
        <metrics complexity="4" methods="4" coveredmethods="0" conditionals="0" coveredconditionals="0" statements="4" coveredstatements="0" elements="8" coveredelements="0"/>
      </class>
      <class name="JControllerLegacy" namespace="global">
        <metrics complexity="16" methods="10" coveredmethods="3" conditionals="0" coveredconditionals="0" statements="37" coveredstatements="10" elements="47" coveredelements="13"/>
      </class>
      <class name="JModelLegacy" namespace="global">
        <metrics complexity="22" methods="20" coveredmethods="0" conditionals="0" coveredconditionals="0" statements="27" coveredstatements="0" elements="47" coveredelements="0"/>
      </class>
      <class name="JModelList" namespace="global">
        <metrics complexity="3" methods="3" coveredmethods="0" conditionals="0" coveredconditionals="0" statements="3" coveredstatements="0" elements="6" coveredelements="0"/>
      </class>
      <class name="JViewLegacy" namespace="global">
        <metrics complexity="7" methods="4" coveredmethods="0" conditionals="0" coveredconditionals="0" statements="14" coveredstatements="0" elements="18" coveredelements="0"/>
      </class>
      <class name="JSession" namespace="global">
        <metrics complexity="5" methods="4" coveredmethods="3" conditionals="0" coveredconditionals="0" statements="10" coveredstatements="9" elements="14" coveredelements="12"/>
      </class>
      <class name="JPagination" namespace="global">
        <metrics complexity="2" methods="2" coveredmethods="0" conditionals="0" coveredconditionals="0" statements="2" coveredstatements="0" elements="4" coveredelements="0"/>
      </class>
      <class name="UsersModelGroup" namespace="global">
        <metrics complexity="2" methods="2" coveredmethods="0" conditionals="0" coveredconditionals="0" statements="2" coveredstatements="0" elements="4" coveredelements="0"/>
      </class>
      <line num="55" type="method" name="__construct" complexity="1" crap="2" count="0"/>
      <line num="56" type="stmt" count="0"/>
      <line num="57" type="stmt" count="0"/>
      <line num="58" type="stmt" count="0"/>
      <line num="59" type="stmt" count="0"/>
      <line num="60" type="method" name="clear" visibility="public" complexity="1" crap="2" count="0"/>
      <line num="61" type="stmt" count="0"/>
      <line num="62" type="stmt" count="0"/>
      <line num="63" type="stmt" count="0"/>
      <line num="64" type="stmt" count="0"/>
      <line num="65" type="stmt" count="0"/>
      <line num="66" type="stmt" count="0"/>
      <line num="67" type="stmt" count="0"/>
      <line num="68" type="stmt" count="0"/>
      <line num="69" type="method" name="addDbResult" complexity="1" crap="2" count="0"/>
      <line num="70" type="stmt" count="0"/>
      <line num="71" type="stmt" count="0"/>
      <line num="72" type="method" name="setInput" complexity="1" crap="1" count="15"/>
      <line num="73" type="stmt" count="15"/>
      <line num="74" type="stmt" count="15"/>
      <line num="75" type="method" name="addRemoteResult" complexity="1" crap="2" count="0"/>
      <line num="76" type="stmt" count="0"/>
      <line num="77" type="stmt" count="0"/>
      <line num="79" type="method" name="remoteCall" complexity="1" crap="2" count="0"/>
      <line num="80" type="stmt" count="0"/>
      <line num="81" type="stmt" count="0"/>
      <line num="82" type="stmt" count="0"/>
      <line num="83" type="stmt" count="0"/>
      <line num="84" type="stmt" count="0"/>
      <line num="87" type="method" name="getDbResult" visibility="public" complexity="2" crap="2.03" count="24"/>
      <line num="88" type="stmt" count="24"/>
      <line num="89" type="stmt" count="0"/>
      <line num="91" type="stmt" count="24"/>
      <line num="92" type="stmt" count="24"/>
      <line num="93" type="stmt" count="24"/>
      <line num="95" type="method" name="getRemoteResult" visibility="public" complexity="2" crap="6" count="0"/>
      <line num="96" type="stmt" count="0"/>
      <line num="97" type="stmt" count="0"/>
      <line num="99" type="stmt" count="0"/>
      <line num="100" type="stmt" count="0"/>
      <line num="101" type="stmt" count="0"/>
      <line num="103" type="method" name="getInput" visibility="public" complexity="2" crap="2" count="15"/>
      <line num="104" type="stmt" count="15"/>
      <line num="105" type="stmt" count="13"/>
      <line num="107" type="stmt" count="3"/>
      <line num="108" type="stmt" count="15"/>
      <line num="119" type="method" name="getApplication" visibility="public" complexity="2" crap="2" count="15"/>
      <line num="120" type="stmt" count="15"/>
      <line num="121" type="stmt" count="15"/>
      <line num="122" type="stmt" count="15"/>
      <line num="124" type="method" name="getDocument" visibility="public" complexity="2" crap="6" count="0"/>
      <line num="125" type="stmt" count="0"/>
      <line num="126" type="stmt" count="0"/>
      <line num="127" type="stmt" count="0"/>
      <line num="129" type="method" name="getUser" visibility="public" complexity="2" crap="2" count="7"/>
      <line num="130" type="stmt" count="7"/>
      <line num="131" type="stmt" count="7"/>
      <line num="132" type="stmt" count="7"/>
      <line num="133" type="stmt" count="7"/>
      <line num="134" type="stmt" count="7"/>
      <line num="136" type="method" name="getLanguage" visibility="public" complexity="1" crap="2" count="0"/>
      <line num="137" type="stmt" count="0"/>
      <line num="139" type="method" name="getDBO" visibility="public" complexity="2" crap="2.06" count="24"/>
      <line num="140" type="stmt" count="24"/>
      <line num="141" type="stmt" count="24"/>
      <line num="142" type="stmt" count="0"/>
      <line num="144" type="stmt" count="24"/>
      <line num="146" type="method" name="getSession" visibility="public" complexity="1" crap="1" count="17"/>
      <line num="147" type="stmt" count="17"/>
      <line num="149" type="method" name="getConfig" visibility="public" complexity="1" crap="2" count="0"/>
      <line num="150" type="stmt" count="0"/>
      <line num="156" type="method" name="__construct" complexity="1" crap="2" count="0"/>
      <line num="157" type="stmt" count="0"/>
      <line num="158" type="stmt" count="0"/>
      <line num="159" type="method" name="getUserStateFromRequest" visibility="public" complexity="1" crap="2" count="0"/>
      <line num="160" type="stmt" count="0"/>
      <line num="162" type="method" name="getCfg" visibility="public" complexity="1" crap="2" count="0"/>
      <line num="163" type="stmt" count="0"/>
      <line num="165" type="method" name="login" visibility="public" complexity="1" crap="2" count="0"/>
      <line num="166" type="stmt" count="0"/>
      <line num="167" type="stmt" count="0"/>
      <line num="168" type="stmt" count="0"/>
      <line num="169" type="stmt" count="0"/>
      <line num="170" type="stmt" count="0"/>
      <line num="172" type="method" name="logout" visibility="public" complexity="1" crap="2" count="0"/>
      <line num="173" type="stmt" count="0"/>
      <line num="174" type="stmt" count="0"/>
      <line num="175" type="stmt" count="0"/>
      <line num="176" type="stmt" count="0"/>
      <line num="177" type="stmt" count="0"/>
      <line num="181" type="method" name="getType" visibility="public" complexity="1" crap="2" count="0"/>
      <line num="182" type="stmt" count="0"/>
      <line num="187" type="method" name="get" visibility="public" complexity="1" crap="1" count="15"/>
      <line num="188" type="stmt" count="15"/>
      <line num="189" type="stmt" count="15"/>
      <line num="191" type="method" name="set" visibility="public" complexity="1" crap="2" count="0"/>
      <line num="192" type="stmt" count="0"/>
      <line num="193" type="stmt" count="0"/>
      <line num="194" type="stmt" count="0"/>
      <line num="198" type="method" name="getVar" visibility="public" complexity="1" crap="2" count="0"/>
      <line num="199" type="stmt" count="0"/>
      <line num="200" type="stmt" count="0"/>
      <line num="202" type="method" name="getWord" visibility="public" complexity="1" crap="2" count="0"/>
      <line num="203" type="stmt" count="0"/>
      <line num="205" type="method" name="getCmd" visibility="public" complexity="1" crap="2" count="0"/>
      <line num="206" type="stmt" count="0"/>
      <line num="208" type="method" name="setVar" visibility="public" complexity="1" crap="2" count="0"/>
      <line num="209" type="stmt" count="0"/>
      <line num="210" type="stmt" count="0"/>
      <line num="211" type="stmt" count="0"/>
      <line num="215" type="method" name="base" visibility="public" complexity="1" crap="1" count="3"/>
      <line num="216" type="stmt" count="3"/>
      <line num="218" type="method" name="root" visibility="public" complexity="1" crap="1" count="9"/>
      <line num="219" type="stmt" count="9"/>
      <line num="224" type="method" name="_" visibility="public" complexity="1" crap="2" count="0"/>
      <line num="225" type="stmt" count="0"/>
      <line num="229" type="method" name="_" visibility="public" complexity="1" crap="1" count="2"/>
      <line num="230" type="stmt" count="2"/>
      <line num="239" type="method" name="__construct" complexity="1" crap="2" count="0"/>
      <line num="240" type="stmt" count="0"/>
      <line num="241" type="stmt" count="0"/>
      <line num="242" type="method" name="setQuery" visibility="public" complexity="1" crap="1" count="24"/>
      <line num="243" type="stmt" count="24"/>
      <line num="244" type="stmt" count="24"/>
      <line num="245" type="method" name="getQuery" visibility="public" complexity="1" crap="2" count="0"/>
      <line num="246" type="stmt" count="0"/>
      <line num="248" type="method" name="loadObjectList" visibility="public" complexity="7" crap="7.85" count="19"/>
      <line num="249" type="stmt" count="19"/>
      <line num="250" type="stmt" count="19"/>
      <line num="251" type="stmt" count="19"/>
      <line num="252" type="stmt" count="19"/>
      <line num="253" type="stmt" count="19"/>
      <line num="254" type="stmt" count="19"/>
      <line num="256" type="stmt" count="19"/>
      <line num="257" type="stmt" count="5"/>
      <line num="259" type="stmt" count="5"/>
      <line num="261" type="stmt" count="5"/>
      <line num="262" type="stmt" count="0"/>
      <line num="263" type="stmt" count="0"/>
      <line num="264" type="stmt" count="0"/>
      <line num="265" type="stmt" count="5"/>
      <line num="267" type="stmt" count="0"/>
      <line num="268" type="stmt" count="0"/>
      <line num="269" type="stmt" count="0"/>
      <line num="270" type="stmt" count="0"/>
      <line num="273" type="stmt" count="19"/>
      <line num="274" type="stmt" count="19"/>
      <line num="275" type="stmt" count="19"/>
      <line num="276" type="stmt" count="19"/>
      <line num="277" type="stmt" count="19"/>
      <line num="278" type="stmt" count="19"/>
      <line num="280" type="stmt" count="19"/>
      <line num="281" type="stmt" count="19"/>
      <line num="285" type="stmt" count="19"/>
      <line num="287" type="method" name="loadObject" visibility="public" complexity="3" crap="3" count="17"/>
      <line num="288" type="stmt" count="17"/>
      <line num="289" type="stmt" count="17"/>
      <line num="290" type="stmt" count="17"/>
      <line num="291" type="stmt" count="17"/>
      <line num="292" type="stmt" count="17"/>
      <line num="293" type="stmt" count="17"/>
      <line num="295" type="stmt" count="7"/>
      <line num="298" type="stmt" count="17"/>
      <line num="300" type="method" name="query" visibility="public" complexity="6" crap="7.33" count="24"/>
      <line num="301" type="stmt" count="24"/>
      <line num="302" type="stmt" count="24"/>
      <line num="303" type="stmt" count="24"/>
      <line num="304" type="stmt" count="24"/>
      <line num="306" type="stmt" count="24"/>
      <line num="307" type="stmt" count="22"/>
      <line num="308" type="stmt" count="22"/>
      <line num="309" type="stmt" count="18"/>
      <line num="311" type="stmt" count="18"/>
      <line num="313" type="stmt" count="18"/>
      <line num="314" type="stmt" count="18"/>
      <line num="315" type="stmt" count="18"/>
      <line num="316" type="stmt" count="0"/>
      <line num="317" type="stmt" count="0"/>
      <line num="318" type="stmt" count="0"/>
      <line num="319" type="stmt" count="18"/>
      <line num="321" type="stmt" count="0"/>
      <line num="322" type="stmt" count="0"/>
      <line num="323" type="stmt" count="0"/>
      <line num="324" type="stmt" count="0"/>
      <line num="329" type="stmt" count="24"/>
      <line num="331" type="method" name="getErrorNum" visibility="public" complexity="1" crap="2" count="0"/>
      <line num="332" type="stmt" count="0"/>
      <line num="334" type="method" name="getErrorMsg" visibility="public" complexity="1" crap="1" count="2"/>
      <line num="335" type="stmt" count="2"/>
      <line num="337" type="method" name="quote" visibility="public" complexity="1" crap="1" count="19"/>
      <line num="338" type="stmt" count="19"/>
      <line num="340" type="method" name="exec" visibility="public" complexity="1" crap="1" count="9"/>
      <line num="341" type="stmt" count="9"/>
      <line num="342" type="stmt" count="9"/>
      <line num="343" type="stmt" count="9"/>
      <line num="347" type="method" name="select" visibility="public" complexity="1" crap="2" count="0"/>
      <line num="349" type="stmt" count="0"/>
      <line num="350" type="method" name="from" visibility="public" complexity="1" crap="2" count="0"/>
      <line num="352" type="stmt" count="0"/>
      <line num="353" type="method" name="where" visibility="public" complexity="1" crap="2" count="0"/>
      <line num="355" type="stmt" count="0"/>
      <line num="356" type="method" name="order" visibility="public" complexity="1" crap="2" count="0"/>
      <line num="358" type="stmt" count="0"/>
      <line num="359" type="method" name="__toString" visibility="public" complexity="1" crap="2" count="0"/>
      <line num="360" type="stmt" count="0"/>
      <line num="362" type="method" name="join" visibility="public" complexity="1" crap="2" count="0"/>
      <line num="364" type="stmt" count="0"/>
      <line num="372" type="method" name="save" visibility="public" complexity="1" crap="2" count="0"/>
      <line num="373" type="stmt" count="0"/>
      <line num="375" type="method" name="getParam" visibility="public" complexity="1" crap="2" count="0"/>
      <line num="376" type="stmt" count="0"/>
      <line num="378" type="method" name="setParam" visibility="public" complexity="1" crap="2" count="0"/>
      <line num="380" type="stmt" count="0"/>
      <line num="381" type="method" name="bind" visibility="public" complexity="1" crap="2" count="0"/>
      <line num="382" type="stmt" count="0"/>
      <line num="384" type="method" name="getError" visibility="public" complexity="1" crap="2" count="0"/>
      <line num="385" type="stmt" count="0"/>
      <line num="394" type="method" name="bind" visibility="public" complexity="1" crap="2" count="0"/>
      <line num="396" type="stmt" count="0"/>
      <line num="397" type="method" name="getTableName" visibility="public" complexity="1" crap="2" count="0"/>
      <line num="398" type="stmt" count="0"/>
      <line num="400" type="method" name="setError" visibility="public" complexity="1" crap="2" count="0"/>
      <line num="402" type="stmt" count="0"/>
      <line num="403" type="method" name="getError" visibility="public" complexity="1" crap="2" count="0"/>
      <line num="405" type="stmt" count="0"/>
      <line num="411" type="method" name="getView" visibility="public" complexity="2" crap="6" count="0"/>
      <line num="412" type="stmt" count="0"/>
      <line num="413" type="stmt" count="0"/>
      <line num="414" type="stmt" count="0"/>
      <line num="415" type="stmt" count="0"/>
      <line num="416" type="stmt" count="0"/>
      <line num="417" type="stmt" count="0"/>
      <line num="419" type="method" name="getModel" visibility="public" complexity="5" crap="30" count="0"/>
      <line num="420" type="stmt" count="0"/>
      <line num="421" type="stmt" count="0"/>
      <line num="422" type="stmt" count="0"/>
      <line num="423" type="stmt" count="0"/>
      <line num="424" type="stmt" count="0"/>
      <line num="425" type="stmt" count="0"/>
      <line num="426" type="stmt" count="0"/>
      <line num="427" type="stmt" count="0"/>
      <line num="429" type="stmt" count="0"/>
      <line num="430" type="stmt" count="0"/>
      <line num="432" type="stmt" count="0"/>
      <line num="434" type="method" name="setRedirect" visibility="public" complexity="1" crap="1" count="3"/>
      <line num="435" type="stmt" count="3"/>
      <line num="436" type="stmt" count="3"/>
      <line num="437" type="method" name="redirect" visibility="public" complexity="1" crap="1" count="3"/>
      <line num="438" type="stmt" count="3"/>
      <line num="439" type="stmt" count="3"/>
      <line num="440" type="stmt" count="3"/>
      <line num="441" type="stmt" count="3"/>
      <line num="442" type="stmt" count="3"/>
      <line num="443" type="method" name="edit" visibility="public" complexity="1" crap="2" count="0"/>
      <line num="444" type="stmt" count="0"/>
      <line num="445" type="stmt" count="0"/>
      <line num="446" type="method" name="add" visibility="public" complexity="1" crap="2" count="0"/>
      <line num="447" type="stmt" count="0"/>
      <line num="448" type="stmt" count="0"/>
      <line num="449" type="method" name="save" visibility="public" complexity="1" crap="2" count="0"/>
      <line num="450" type="stmt" count="0"/>
      <line num="451" type="stmt" count="0"/>
      <line num="452" type="method" name="remove" visibility="public" complexity="1" crap="2" count="0"/>
      <line num="453" type="stmt" count="0"/>
      <line num="454" type="stmt" count="0"/>
      <line num="455" type="method" name="browse" visibility="public" complexity="1" crap="2" count="0"/>
      <line num="456" type="stmt" count="0"/>
      <line num="457" type="stmt" count="0"/>
      <line num="458" type="method" name="setMessage" visibility="public" complexity="1" crap="1" count="2"/>
      <line num="459" type="stmt" count="2"/>
      <line num="460" type="stmt" count="2"/>
      <line num="461" type="stmt" count="2"/>
      <line num="465" type="method" name="__construct" complexity="1" crap="2" count="0"/>
      <line num="466" type="stmt" count="0"/>
      <line num="467" type="method" name="set" visibility="public" complexity="1" crap="2" count="0"/>
      <line num="468" type="stmt" count="0"/>
      <line num="469" type="stmt" count="0"/>
      <line num="470" type="method" name="addIncludePath" visibility="public" complexity="1" crap="2" count="0"/>
      <line num="472" type="stmt" count="0"/>
      <line num="473" type="method" name="addTablePath" visibility="public" complexity="1" crap="2" count="0"/>
      <line num="475" type="stmt" count="0"/>
      <line num="476" type="method" name="def" visibility="public" complexity="2" crap="6" count="0"/>
      <line num="477" type="stmt" count="0"/>
      <line num="478" type="stmt" count="0"/>
      <line num="480" type="method" name="get" visibility="public" complexity="2" crap="6" count="0"/>
      <line num="481" type="stmt" count="0"/>
      <line num="482" type="stmt" count="0"/>
      <line num="484" type="stmt" count="0"/>
      <line num="487" type="method" name="getDbo" visibility="public" complexity="1" crap="2" count="0"/>
      <line num="488" type="stmt" count="0"/>
      <line num="490" type="method" name="setError" visibility="public" complexity="1" crap="2" count="0"/>
      <line num="491" type="stmt" count="0"/>
      <line num="492" type="stmt" count="0"/>
      <line num="493" type="method" name="getError" visibility="public" complexity="1" crap="2" count="0"/>
      <line num="494" type="stmt" count="0"/>
      <line num="496" type="method" name="getErrors" visibility="public" complexity="1" crap="2" count="0"/>
      <line num="497" type="stmt" count="0"/>
      <line num="499" type="method" name="getInstance" visibility="public" complexity="1" crap="2" count="0"/>
      <line num="500" type="stmt" count="0"/>
      <line num="502" type="method" name="getName" visibility="public" complexity="1" crap="2" count="0"/>
      <line num="503" type="stmt" count="0"/>
      <line num="504" type="stmt" count="0"/>
      <line num="506" type="method" name="getProperties" visibility="public" complexity="1" crap="2" count="0"/>
      <line num="507" type="stmt" count="0"/>
      <line num="509" type="method" name="setState" visibility="public" complexity="1" crap="2" count="0"/>
      <line num="511" type="stmt" count="0"/>
      <line num="512" type="method" name="getState" visibility="public" complexity="1" crap="2" count="0"/>
      <line num="513" type="stmt" count="0"/>
      <line num="515" type="method" name="getTable" visibility="public" complexity="1" crap="2" count="0"/>
      <line num="516" type="stmt" count="0"/>
      <line num="518" type="method" name="loadHistory" visibility="public" complexity="1" crap="2" count="0"/>
      <line num="519" type="stmt" count="0"/>
      <line num="521" type="method" name="setDbo" visibility="public" complexity="1" crap="2" count="0"/>
      <line num="522" type="stmt" count="0"/>
      <line num="523" type="stmt" count="0"/>
      <line num="524" type="method" name="setProperties" visibility="public" complexity="1" crap="2" count="0"/>
      <line num="525" type="stmt" count="0"/>
      <line num="527" type="method" name="getListCount" visibility="protected" complexity="1" crap="2" count="0"/>
      <line num="528" type="stmt" count="0"/>
      <line num="532" type="method" name="getQuery" visibility="public" complexity="1" crap="2" count="0"/>
      <line num="533" type="stmt" count="0"/>
      <line num="535" type="method" name="getTotal" visibility="public" complexity="1" crap="2" count="0"/>
      <line num="536" type="stmt" count="0"/>
      <line num="538" type="method" name="getItems" visibility="public" complexity="1" crap="2" count="0"/>
      <line num="539" type="stmt" count="0"/>
      <line num="545" type="method" name="set" visibility="public" complexity="1" crap="2" count="0"/>
      <line num="546" type="stmt" count="0"/>
      <line num="547" type="stmt" count="0"/>
      <line num="548" type="method" name="setLayout" visibility="public" complexity="1" crap="2" count="0"/>
      <line num="549" type="stmt" count="0"/>
      <line num="550" type="stmt" count="0"/>
      <line num="551" type="method" name="display" visibility="public" complexity="3" crap="12" count="0"/>
      <line num="552" type="stmt" count="0"/>
      <line num="553" type="stmt" count="0"/>
      <line num="554" type="stmt" count="0"/>
      <line num="556" type="stmt" count="0"/>
      <line num="557" type="stmt" count="0"/>
      <line num="559" type="stmt" count="0"/>
      <line num="560" type="stmt" count="0"/>
      <line num="561" type="stmt" count="0"/>
      <line num="562" type="method" name="setModel" visibility="public" complexity="1" crap="2" count="0"/>
      <line num="563" type="stmt" count="0"/>
      <line num="564" type="stmt" count="0"/>
      <line num="568" type="method" name="get" visibility="public" complexity="2" crap="2.03" count="15"/>
      <line num="569" type="stmt" count="15"/>
      <line num="570" type="stmt" count="15"/>
      <line num="571" type="stmt" count="15"/>
      <line num="573" type="stmt" count="0"/>
      <line num="574" type="stmt" count="15"/>
      <line num="576" type="method" name="set" visibility="public" complexity="1" crap="1" count="7"/>
      <line num="577" type="stmt" count="7"/>
      <line num="578" type="stmt" count="7"/>
      <line num="579" type="stmt" count="7"/>
      <line num="580" type="method" name="checkToken" visibility="public" complexity="1" crap="1" count="4"/>
      <line num="581" type="stmt" count="4"/>
      <line num="583" type="method" name="getFormToken" visibility="public" complexity="1" crap="1" count="3"/>
      <line num="584" type="stmt" count="3"/>
      <line num="589" type="method" name="__construct" complexity="1" crap="2" count="0"/>
      <line num="591" type="stmt" count="0"/>
      <line num="592" type="method" name="getListFooter" visibility="public" complexity="1" crap="2" count="0"/>
      <line num="593" type="stmt" count="0"/>
      <line num="597" type="method" name="save" visibility="public" complexity="1" crap="2" count="0"/>
      <line num="598" type="stmt" count="0"/>
      <line num="600" type="method" name="getItem" visibility="public" complexity="1" crap="2" count="0"/>
      <line num="601" type="stmt" count="0"/>
      <metrics loc="613" ncloc="586" classes="21" methods="102" coveredmethods="20" conditionals="0" coveredconditionals="0" statements="263" coveredstatements="95" elements="365" coveredelements="115"/>
    </file>
    <metrics files="13" loc="3154" ncloc="2651" classes="28" methods="185" coveredmethods="80" conditionals="0" coveredconditionals="0" statements="1457" coveredstatements="1175" elements="1642" coveredelements="1255"/>
  </project>
</coverage>
