<?xml version="1.0" encoding="UTF-8"?>
<coverage generated="1543047537">
  <project timestamp="1543047537">
    <file name="/var/www/html/elovalasztok2/github/component/site/accesscontrol.php">
      <line num="15" type="stmt" count="2"/>
      <line num="16" type="stmt" count="2"/>
      <line num="17" type="stmt" count="2"/>
      <line num="22" type="stmt" count="2"/>
      <line num="26" type="stmt" count="7"/>
      <line num="27" type="stmt" count="1"/>
      <line num="28" type="stmt" count="1"/>
      <line num="30" type="stmt" count="6"/>
      <line num="31" type="stmt" count="4"/>
      <line num="32" type="stmt" count="4"/>
      <line num="34" type="stmt" count="2"/>
      <line num="35" type="stmt" count="2"/>
      <line num="38" type="stmt" count="7"/>
      <line num="50" type="stmt" count="9"/>
      <line num="51" type="stmt" count="9"/>
      <line num="52" type="stmt" count="9"/>
      <line num="53" type="stmt" count="9"/>
      <line num="54" type="stmt" count="2"/>
      <line num="56" type="stmt" count="9"/>
      <line num="57" type="stmt" count="7"/>
      <line num="59" type="stmt" count="9"/>
      <metrics loc="62" ncloc="46" classes="0" methods="0" coveredmethods="0" conditionals="0" coveredconditionals="0" statements="21" coveredstatements="21" elements="21" coveredelements="21"/>
    </file>
    <file name="/var/www/html/elovalasztok2/github/component/site/condorcet.php">
      <class name="CondorcetObj" namespace="global">
        <metrics complexity="16" methods="6" coveredmethods="6" conditionals="0" coveredconditionals="0" statements="26" coveredstatements="26" elements="32" coveredelements="32"/>
      </class>
      <class name="Condorcet" namespace="global">
        <metrics complexity="39" methods="12" coveredmethods="9" conditionals="0" coveredconditionals="0" statements="112" coveredstatements="106" elements="124" coveredelements="115"/>
      </class>
      <line num="30" type="method" name="__construct" complexity="1" crap="1" count="2"/>
      <line num="31" type="stmt" count="2"/>
      <line num="32" type="stmt" count="2"/>
      <line num="76" type="method" name="flowWarshall3" visibility="protected" complexity="5" crap="5" count="2"/>
      <line num="77" type="stmt" count="2"/>
      <line num="78" type="stmt" count="2"/>
      <line num="79" type="stmt" count="2"/>
      <line num="80" type="stmt" count="2"/>
      <line num="84" type="stmt" count="2"/>
      <line num="89" type="method" name="flowdWarshall2" visibility="protected" complexity="3" crap="3" count="2"/>
      <line num="90" type="stmt" count="2"/>
      <line num="91" type="stmt" count="2"/>
      <line num="92" type="stmt" count="2"/>
      <line num="95" type="stmt" count="2"/>
      <line num="103" type="method" name="floydWarshall" visibility="protected" complexity="5" crap="5" count="2"/>
      <line num="104" type="stmt" count="2"/>
      <line num="105" type="stmt" count="2"/>
      <line num="106" type="stmt" count="2"/>
      <line num="107" type="stmt" count="2"/>
      <line num="108" type="stmt" count="2"/>
      <line num="109" type="stmt" count="2"/>
      <line num="110" type="stmt" count="2"/>
      <line num="112" type="stmt" count="2"/>
      <line num="117" type="stmt" count="2"/>
      <line num="118" type="stmt" count="2"/>
      <line num="121" type="method" name="beatsP" visibility="protected" complexity="1" crap="1" count="2"/>
      <line num="122" type="stmt" count="2"/>
      <line num="129" type="method" name="findWinner" visibility="protected" complexity="1" crap="1" count="2"/>
      <line num="130" type="stmt" count="2"/>
      <line num="131" type="stmt" count="2"/>
      <line num="132" type="stmt" count="2"/>
      <line num="133" type="stmt" count="2"/>
      <line num="151" type="method" name="printMatrixCell" visibility="protected" complexity="4" crap="4.02" count="2"/>
      <line num="152" type="stmt" count="2"/>
      <line num="153" type="stmt" count="2"/>
      <line num="155" type="stmt" count="2"/>
      <line num="156" type="stmt" count="2"/>
      <line num="157" type="stmt" count="2"/>
      <line num="158" type="stmt" count="2"/>
      <line num="159" type="stmt" count="2"/>
      <line num="161" type="stmt" count="0"/>
      <line num="163" type="stmt" count="2"/>
      <line num="165" type="stmt" count="2"/>
      <line num="176" type="method" name="printMatrixRow" visibility="protected" complexity="4" crap="4" count="2"/>
      <line num="177" type="stmt" count="2"/>
      <line num="178" type="stmt" count="2"/>
      <line num="179" type="stmt" count="2"/>
      <line num="180" type="stmt" count="2"/>
      <line num="182" type="stmt" count="2"/>
      <line num="185" type="stmt" count="2"/>
      <line num="195" type="method" name="printMatrix" visibility="protected" complexity="3" crap="3" count="2"/>
      <line num="196" type="stmt" count="2"/>
      <line num="200" type="stmt" count="2"/>
      <line num="201" type="stmt" count="2"/>
      <line num="203" type="stmt" count="2"/>
      <line num="204" type="stmt" count="2"/>
      <line num="205" type="stmt" count="2"/>
      <line num="206" type="stmt" count="2"/>
      <line num="207" type="stmt" count="2"/>
      <line num="209" type="stmt" count="2"/>
      <line num="213" type="method" name="showResultTableRow" visibility="protected" complexity="8" crap="8.30" count="2"/>
      <line num="214" type="stmt" count="2"/>
      <line num="215" type="stmt" count="2"/>
      <line num="216" type="stmt" count="2"/>
      <line num="217" type="stmt" count="2"/>
      <line num="219" type="stmt" count="2"/>
      <line num="220" type="stmt" count="2"/>
      <line num="221" type="stmt" count="1"/>
      <line num="223" type="stmt" count="2"/>
      <line num="224" type="stmt" count="0"/>
      <line num="226" type="stmt" count="2"/>
      <line num="227" type="stmt" count="0"/>
      <line num="228" type="stmt" count="0"/>
      <line num="230" type="stmt" count="2"/>
      <line num="231" type="stmt" count="2"/>
      <line num="232" type="stmt" count="2"/>
      <line num="233" type="stmt" count="2"/>
      <line num="234" type="stmt" count="2"/>
      <line num="236" type="stmt" count="2"/>
      <line num="246" type="method" name="showResultTable" visibility="protected" complexity="4" crap="4" count="2"/>
      <line num="253" type="stmt" count="2"/>
      <line num="254" type="stmt" count="2"/>
      <line num="255" type="stmt" count="2"/>
      <line num="256" type="stmt" count="2"/>
      <line num="257" type="stmt" count="2"/>
      <line num="258" type="stmt" count="1"/>
      <line num="259" type="stmt" count="1"/>
      <line num="260" type="stmt" count="2"/>
      <line num="262" type="stmt" count="1"/>
      <line num="264" type="stmt" count="2"/>
      <line num="266" type="stmt" count="2"/>
      <line num="273" type="method" name="findNotAccepted" visibility="protected" complexity="3" crap="3" count="2"/>
      <line num="274" type="stmt" count="2"/>
      <line num="275" type="stmt" count="2"/>
      <line num="276" type="stmt" count="2"/>
      <line num="277" type="stmt" count="2"/>
      <line num="280" type="stmt" count="2"/>
      <line num="288" type="method" name="computeAccepteds" visibility="protected" complexity="2" crap="2" count="2"/>
      <line num="289" type="stmt" count="2"/>
      <line num="290" type="stmt" count="2"/>
      <line num="291" type="stmt" count="2"/>
      <line num="293" type="stmt" count="2"/>
      <line num="300" type="method" name="computeValues" visibility="protected" complexity="2" crap="2" count="2"/>
      <line num="301" type="stmt" count="2"/>
      <line num="302" type="stmt" count="2"/>
      <line num="303" type="stmt" count="2"/>
      <line num="304" type="stmt" count="2"/>
      <line num="305" type="stmt" count="2"/>
      <line num="306" type="stmt" count="2"/>
      <line num="307" type="stmt" count="2"/>
      <line num="308" type="stmt" count="2"/>
      <line num="309" type="stmt" count="2"/>
      <line num="310" type="stmt" count="2"/>
      <line num="311" type="stmt" count="2"/>
      <line num="312" type="stmt" count="2"/>
      <line num="314" type="stmt" count="2"/>
      <line num="322" type="method" name="showResultResort" visibility="protected" complexity="2" crap="2" count="2"/>
      <line num="323" type="stmt" count="2"/>
      <line num="324" type="stmt" count="2"/>
      <line num="325" type="stmt" count="2"/>
      <line num="326" type="stmt" count="2"/>
      <line num="327" type="stmt" count="2"/>
      <line num="329" type="stmt" count="2"/>
      <line num="330" type="stmt" count="2"/>
      <line num="331" type="stmt" count="2"/>
      <line num="337" type="method" name="showResultCheckCondorcetWinner" visibility="protected" complexity="3" crap="3" count="2"/>
      <line num="338" type="stmt" count="2"/>
      <line num="339" type="stmt" count="2"/>
      <line num="340" type="stmt" count="2"/>
      <line num="341" type="stmt" count="2"/>
      <line num="342" type="stmt" count="2"/>
      <line num="345" type="stmt" count="2"/>
      <line num="351" type="method" name="showResult" visibility="protected" complexity="3" crap="3.05" count="2"/>
      <line num="352" type="stmt" count="2"/>
      <line num="353" type="stmt" count="0"/>
      <line num="354" type="stmt" count="2"/>
      <line num="355" type="stmt" count="0"/>
      <line num="357" type="stmt" count="2"/>
      <line num="358" type="stmt" count="2"/>
      <line num="359" type="stmt" count="2"/>
      <line num="360" type="stmt" count="2"/>
      <line num="361" type="stmt" count="2"/>
      <line num="362" type="stmt" count="2"/>
      <line num="364" type="stmt" count="2"/>
      <line num="370" type="method" name="report" visibility="public" complexity="1" crap="1" count="2"/>
      <line num="371" type="stmt" count="2"/>
      <line num="372" type="stmt" count="2"/>
      <line num="373" type="stmt" count="2"/>
      <line num="374" type="stmt" count="2"/>
      <line num="375" type="stmt" count="2"/>
      <line num="376" type="stmt" count="2"/>
      <line num="378" type="stmt" count="2"/>
      <line num="379" type="stmt" count="2"/>
      <line num="380" type="stmt" count="2"/>
      <line num="381" type="stmt" count="2"/>
      <line num="382" type="stmt" count="2"/>
      <metrics loc="387" ncloc="238" classes="2" methods="18" coveredmethods="15" conditionals="0" coveredconditionals="0" statements="138" coveredstatements="132" elements="156" coveredelements="147"/>
    </file>
    <file name="/var/www/html/elovalasztok2/github/component/site/elovalasztok.php">
      <class name="SzavazoController" namespace="global">
        <metrics complexity="29" methods="7" coveredmethods="4" conditionals="0" coveredconditionals="0" statements="107" coveredstatements="89" elements="114" coveredelements="93"/>
      </class>
      <line num="36" type="method" name="displayTestMsg" visibility="protected" complexity="2" crap="2" count="9"/>
      <line num="37" type="stmt" count="9"/>
      <line num="38" type="stmt" count="2"/>
      <line num="40" type="stmt" count="9"/>
      <line num="47" type="method" name="displaySzavazoForm" visibility="protected" complexity="2" crap="2" count="3"/>
      <line num="48" type="stmt" count="3"/>
      <line num="49" type="stmt" count="3"/>
      <line num="50" type="stmt" count="1"/>
      <line num="52" type="stmt" count="2"/>
      <line num="54" type="stmt" count="3"/>
      <line num="61" type="method" name="szavazok" visibility="public" complexity="6" crap="6" count="7"/>
      <line num="62" type="stmt" count="7"/>
      <line num="63" type="stmt" count="7"/>
      <line num="64" type="stmt" count="7"/>
      <line num="65" type="stmt" count="7"/>
      <line num="66" type="stmt" count="1"/>
      <line num="67" type="stmt" count="1"/>
      <line num="69" type="stmt" count="6"/>
      <line num="70" type="stmt" count="6"/>
      <line num="71" type="stmt" count="6"/>
      <line num="72" type="stmt" count="1"/>
      <line num="73" type="stmt" count="5"/>
      <line num="74" type="stmt" count="1"/>
      <line num="76" type="stmt" count="4"/>
      <line num="77" type="stmt" count="1"/>
      <line num="78" type="stmt" count="3"/>
      <line num="79" type="stmt" count="2"/>
      <line num="81" type="stmt" count="1"/>
      <line num="84" type="stmt" count="6"/>
      <line num="92" type="method" name="eredmeny" visibility="public" complexity="4" crap="4.04" count="2"/>
      <line num="93" type="stmt" count="2"/>
      <line num="94" type="stmt" count="2"/>
      <line num="95" type="stmt" count="2"/>
      <line num="96" type="stmt" count="2"/>
      <line num="97" type="stmt" count="0"/>
      <line num="98" type="stmt" count="0"/>
      <line num="100" type="stmt" count="2"/>
      <line num="101" type="stmt" count="2"/>
      <line num="103" type="stmt" count="2"/>
      <line num="104" type="stmt" count="2"/>
      <line num="106" type="stmt" count="2"/>
      <line num="107" type="stmt" count="2"/>
      <line num="108" type="stmt" count="2"/>
      <line num="109" type="stmt" count="2"/>
      <line num="110" type="stmt" count="2"/>
      <line num="112" type="stmt" count="2"/>
      <line num="114" type="stmt" count="2"/>
      <line num="115" type="stmt" count="2"/>
      <line num="116" type="stmt" count="2"/>
      <line num="119" type="stmt" count="0"/>
      <line num="121" type="stmt" count="2"/>
      <line num="122" type="stmt" count="2"/>
      <line num="128" type="method" name="szavazatSave" visibility="public" complexity="7" crap="7.06" count="5"/>
      <line num="129" type="stmt" count="5"/>
      <line num="130" type="stmt" count="5"/>
      <line num="131" type="stmt" count="5"/>
      <line num="132" type="stmt" count="5"/>
      <line num="133" type="stmt" count="0"/>
      <line num="135" type="stmt" count="5"/>
      <line num="136" type="stmt" count="1"/>
      <line num="137" type="stmt" count="1"/>
      <line num="140" type="stmt" count="4"/>
      <line num="141" type="stmt" count="4"/>
      <line num="142" type="stmt" count="4"/>
      <line num="143" type="stmt" count="4"/>
      <line num="144" type="stmt" count="4"/>
      <line num="145" type="stmt" count="4"/>
      <line num="146" type="stmt" count="2"/>
      <line num="147" type="stmt" count="2"/>
      <line num="148" type="stmt" count="2"/>
      <line num="149" type="stmt" count="1"/>
      <line num="150" type="stmt" count="1"/>
      <line num="151" type="stmt" count="1"/>
      <line num="152" type="stmt" count="1"/>
      <line num="154" type="stmt" count="1"/>
      <line num="155" type="stmt" count="2"/>
      <line num="158" type="stmt" count="4"/>
      <line num="161" type="stmt" count="0"/>
      <line num="162" type="stmt" count="0"/>
      <line num="164" type="stmt" count="4"/>
      <line num="165" type="stmt" count="4"/>
      <line num="173" type="method" name="szavazatok" visibility="public" complexity="5" crap="5" count="1"/>
      <line num="174" type="stmt" count="1"/>
      <line num="175" type="stmt" count="1"/>
      <line num="176" type="stmt" count="1"/>
      <line num="178" type="stmt" count="1"/>
      <line num="181" type="stmt" count="1"/>
      <line num="182" type="stmt" count="1"/>
      <line num="183" type="stmt" count="1"/>
      <line num="184" type="stmt" count="1"/>
      <line num="185" type="stmt" count="1"/>
      <line num="187" type="stmt" count="1"/>
      <line num="189" type="stmt" count="1"/>
      <line num="190" type="stmt" count="1"/>
      <line num="192" type="stmt" count="1"/>
      <line num="193" type="stmt" count="1"/>
      <line num="195" type="stmt" count="1"/>
      <line num="196" type="stmt" count="1"/>
      <line num="197" type="stmt" count="1"/>
      <line num="199" type="stmt" count="1"/>
      <line num="203" type="stmt" count="1"/>
      <line num="211" type="method" name="szavazatokcsv" visibility="public" complexity="3" crap="12" count="0"/>
      <line num="212" type="stmt" count="0"/>
      <line num="213" type="stmt" count="0"/>
      <line num="214" type="stmt" count="0"/>
      <line num="215" type="stmt" count="0"/>
      <line num="216" type="stmt" count="0"/>
      <line num="217" type="stmt" count="0"/>
      <line num="218" type="stmt" count="0"/>
      <line num="219" type="stmt" count="0"/>
      <line num="220" type="stmt" count="0"/>
      <line num="221" type="stmt" count="0"/>
      <line num="224" type="stmt" count="0"/>
      <line num="225" type="stmt" count="0"/>
      <metrics loc="232" ncloc="170" classes="1" methods="7" coveredmethods="4" conditionals="0" coveredconditionals="0" statements="107" coveredstatements="89" elements="114" coveredelements="93"/>
    </file>
    <file name="/var/www/html/elovalasztok2/github/component/site/funkciok.php">
      <line num="15" type="stmt" count="11"/>
      <line num="16" type="stmt" count="11"/>
      <line num="17" type="stmt" count="2"/>
      <line num="19" type="stmt" count="11"/>
      <line num="20" type="stmt" count="11"/>
      <line num="22" type="stmt" count="11"/>
      <line num="23" type="stmt" count="11"/>
      <line num="27" type="stmt" count="11"/>
      <line num="31" type="stmt" count="2"/>
      <line num="43" type="stmt" count="8"/>
      <line num="44" type="stmt" count="8"/>
      <line num="45" type="stmt" count="8"/>
      <line num="46" type="stmt" count="8"/>
      <line num="47" type="stmt" count="8"/>
      <line num="48" type="stmt" count="8"/>
      <line num="52" type="stmt" count="8"/>
      <line num="56" type="stmt" count="6"/>
      <line num="57" type="stmt" count="6"/>
      <line num="59" type="stmt" count="6"/>
      <line num="60" type="stmt" count="6"/>
      <line num="64" type="stmt" count="6"/>
      <metrics loc="85" ncloc="66" classes="0" methods="0" coveredmethods="0" conditionals="0" coveredconditionals="0" statements="21" coveredstatements="21" elements="21" coveredelements="21"/>
    </file>
    <file name="/var/www/html/elovalasztok2/github/component/site/models/szavazok.php">
      <class name="MyCondorcet" namespace="global">
        <metrics complexity="13" methods="4" coveredmethods="4" conditionals="0" coveredconditionals="0" statements="42" coveredstatements="42" elements="46" coveredelements="46"/>
      </class>
      <class name="SzavazokModel" namespace="global">
        <metrics complexity="22" methods="9" coveredmethods="6" conditionals="0" coveredconditionals="0" statements="95" coveredstatements="83" elements="104" coveredelements="89"/>
      </class>
      <line num="16" type="method" name="getCandidates" visibility="protected" complexity="2" crap="2" count="2"/>
      <line num="17" type="stmt" count="2"/>
      <line num="20" type="stmt" count="2"/>
      <line num="21" type="stmt" count="2"/>
      <line num="22" type="stmt" count="2"/>
      <line num="23" type="stmt" count="2"/>
      <line num="24" type="stmt" count="2"/>
      <line num="25" type="stmt" count="2"/>
      <line num="27" type="stmt" count="2"/>
      <line num="30" type="method" name="loadDiffMatrix" visibility="protected" complexity="7" crap="7" count="2"/>
      <line num="31" type="stmt" count="2"/>
      <line num="35" type="stmt" count="2"/>
      <line num="40" type="stmt" count="2"/>
      <line num="41" type="stmt" count="2"/>
      <line num="42" type="stmt" count="2"/>
      <line num="43" type="stmt" count="2"/>
      <line num="44" type="stmt" count="2"/>
      <line num="45" type="stmt" count="2"/>
      <line num="46" type="stmt" count="2"/>
      <line num="47" type="stmt" count="2"/>
      <line num="48" type="stmt" count="2"/>
      <line num="50" type="stmt" count="2"/>
      <line num="52" type="stmt" count="2"/>
      <line num="53" type="stmt" count="2"/>
      <line num="54" type="stmt" count="1"/>
      <line num="56" type="stmt" count="2"/>
      <line num="57" type="stmt" count="2"/>
      <line num="58" type="stmt" count="2"/>
      <line num="62" type="stmt" count="2"/>
      <line num="65" type="method" name="loadInFirst" visibility="protected" complexity="3" crap="3" count="2"/>
      <line num="66" type="stmt" count="2"/>
      <line num="67" type="stmt" count="2"/>
      <line num="68" type="stmt" count="2"/>
      <line num="70" type="stmt" count="2"/>
      <line num="72" type="stmt" count="2"/>
      <line num="75" type="stmt" count="2"/>
      <line num="76" type="stmt" count="2"/>
      <line num="77" type="stmt" count="2"/>
      <line num="79" type="stmt" count="2"/>
      <line num="82" type="method" name="loadVoteCount" visibility="protected" complexity="1" crap="1" count="2"/>
      <line num="83" type="stmt" count="2"/>
      <line num="84" type="stmt" count="2"/>
      <line num="87" type="stmt" count="2"/>
      <line num="88" type="stmt" count="2"/>
      <line num="89" type="stmt" count="2"/>
      <line num="90" type="stmt" count="2"/>
      <line num="96" type="method" name="__construct" complexity="3" crap="3.58" count="12"/>
      <line num="97" type="stmt" count="12"/>
      <line num="98" type="stmt" count="12"/>
      <line num="113" type="stmt" count="12"/>
      <line num="114" type="stmt" count="0"/>
      <line num="115" type="stmt" count="0"/>
      <line num="118" type="stmt" count="12"/>
      <line num="126" type="stmt" count="12"/>
      <line num="127" type="stmt" count="0"/>
      <line num="128" type="stmt" count="0"/>
      <line num="130" type="stmt" count="12"/>
      <line num="137" type="method" name="getPollRecord" visibility="public" complexity="1" crap="1" count="6"/>
      <line num="138" type="stmt" count="6"/>
      <line num="139" type="stmt" count="6"/>
      <line num="140" type="stmt" count="6"/>
      <line num="148" type="method" name="getItem" visibility="public" complexity="4" crap="4.02" count="3"/>
      <line num="149" type="stmt" count="3"/>
      <line num="150" type="stmt" count="3"/>
      <line num="151" type="stmt" count="3"/>
      <line num="152" type="stmt" count="3"/>
      <line num="153" type="stmt" count="3"/>
      <line num="154" type="stmt" count="3"/>
      <line num="155" type="stmt" count="3"/>
      <line num="156" type="stmt" count="3"/>
      <line num="157" type="stmt" count="3"/>
      <line num="161" type="stmt" count="3"/>
      <line num="164" type="stmt" count="3"/>
      <line num="165" type="stmt" count="0"/>
      <line num="166" type="stmt" count="0"/>
      <line num="168" type="stmt" count="3"/>
      <line num="169" type="stmt" count="2"/>
      <line num="170" type="stmt" count="2"/>
      <line num="171" type="stmt" count="2"/>
      <line num="172" type="stmt" count="2"/>
      <line num="173" type="stmt" count="2"/>
      <line num="176" type="stmt" count="3"/>
      <line num="179" type="method" name="getErrorMsg" visibility="public" complexity="1" crap="1" count="1"/>
      <line num="180" type="stmt" count="1"/>
      <line num="190" type="method" name="save" visibility="public" complexity="9" crap="9.25" count="2"/>
      <line num="191" type="stmt" count="2"/>
      <line num="192" type="stmt" count="2"/>
      <line num="193" type="stmt" count="2"/>
      <line num="194" type="stmt" count="2"/>
      <line num="195" type="stmt" count="2"/>
      <line num="196" type="stmt" count="1"/>
      <line num="197" type="stmt" count="1"/>
      <line num="201" type="stmt" count="1"/>
      <line num="202" type="stmt" count="0"/>
      <line num="203" type="stmt" count="0"/>
      <line num="206" type="stmt" count="1"/>
      <line num="207" type="stmt" count="1"/>
      <line num="208" type="stmt" count="1"/>
      <line num="211" type="stmt" count="1"/>
      <line num="212" type="stmt" count="1"/>
      <line num="213" type="stmt" count="1"/>
      <line num="215" type="stmt" count="0"/>
      <line num="217" type="stmt" count="1"/>
      <line num="219" type="stmt" count="1"/>
      <line num="220" type="stmt" count="1"/>
      <line num="221" type="stmt" count="1"/>
      <line num="222" type="stmt" count="1"/>
      <line num="231" type="stmt" count="1"/>
      <line num="232" type="stmt" count="1"/>
      <line num="233" type="stmt" count="1"/>
      <line num="234" type="stmt" count="1"/>
      <line num="235" type="stmt" count="1"/>
      <line num="236" type="stmt" count="1"/>
      <line num="238" type="stmt" count="1"/>
      <line num="239" type="stmt" count="0"/>
      <line num="240" type="stmt" count="1"/>
      <line num="242" type="stmt" count="0"/>
      <line num="243" type="stmt" count="1"/>
      <line num="249" type="stmt" count="1"/>
      <line num="251" type="stmt" count="1"/>
      <line num="252" type="stmt" count="1"/>
      <line num="254" type="stmt" count="1"/>
      <line num="255" type="stmt" count="1"/>
      <line num="257" type="stmt" count="0"/>
      <line num="259" type="stmt" count="1"/>
      <line num="261" type="stmt" count="1"/>
      <line num="269" type="method" name="getFromCache" visibility="public" complexity="1" crap="1" count="2"/>
      <line num="270" type="stmt" count="2"/>
      <line num="271" type="stmt" count="2"/>
      <line num="273" type="stmt" count="2"/>
      <line num="274" type="stmt" count="2"/>
      <line num="282" type="method" name="initCache" visibility="public" complexity="1" crap="1" count="2"/>
      <line num="283" type="stmt" count="2"/>
      <line num="284" type="stmt" count="2"/>
      <line num="287" type="stmt" count="2"/>
      <line num="288" type="stmt" count="2"/>
      <line num="289" type="stmt" count="2"/>
      <line num="298" type="method" name="saveToCache" visibility="public" complexity="1" crap="1" count="2"/>
      <line num="299" type="stmt" count="2"/>
      <line num="300" type="stmt" count="2"/>
      <line num="301" type="stmt" count="2"/>
      <line num="302" type="stmt" count="2"/>
      <line num="303" type="stmt" count="2"/>
      <line num="304" type="stmt" count="2"/>
      <line num="305" type="stmt" count="2"/>
      <line num="312" type="method" name="getSzavazatok" visibility="public" complexity="1" crap="1" count="1"/>
      <line num="313" type="stmt" count="1"/>
      <line num="314" type="stmt" count="1"/>
      <line num="320" type="stmt" count="1"/>
      <line num="323" type="stmt" count="1"/>
      <metrics loc="327" ncloc="266" classes="2" methods="13" coveredmethods="10" conditionals="0" coveredconditionals="0" statements="137" coveredstatements="125" elements="150" coveredelements="135"/>
    </file>
    <file name="/var/www/html/elovalasztok2/github/component/site/views/eredmeny.php">
      <line num="5" type="stmt" count="2"/>
      <line num="6" type="stmt" count="2"/>
      <line num="7" type="stmt" count="2"/>
      <line num="10" type="stmt" count="2"/>
      <line num="17" type="stmt" count="1"/>
      <line num="19" type="stmt" count="1"/>
      <line num="22" type="stmt" count="2"/>
      <line num="30" type="stmt" count="2"/>
      <line num="37" type="stmt" count="2"/>
      <metrics loc="56" ncloc="54" classes="0" methods="0" coveredmethods="0" conditionals="0" coveredconditionals="0" statements="9" coveredstatements="9" elements="9" coveredelements="9"/>
    </file>
    <file name="/var/www/html/elovalasztok2/github/component/site/views/szavazoform.php">
      <line num="5" type="stmt" count="2"/>
      <line num="7" type="stmt" count="2"/>
      <line num="8" type="stmt" count="2"/>
      <line num="12" type="stmt" count="2"/>
      <line num="15" type="stmt" count="2"/>
      <line num="17" type="stmt" count="2"/>
      <line num="21" type="stmt" count="2"/>
      <line num="22" type="stmt" count="2"/>
      <line num="23" type="stmt" count="2"/>
      <line num="25" type="stmt" count="2"/>
      <line num="26" type="stmt" count="0"/>
      <line num="28" type="stmt" count="0"/>
      <line num="29" type="stmt" count="0"/>
      <line num="32" type="stmt" count="2"/>
      <line num="36" type="stmt" count="2"/>
      <line num="43" type="stmt" count="2"/>
      <line num="48" type="stmt" count="2"/>
      <line num="49" type="stmt" count="2"/>
      <line num="50" type="stmt" count="2"/>
      <line num="51" type="stmt" count="0"/>
      <line num="53" type="stmt" count="2"/>
      <line num="55" type="stmt" count="2"/>
      <line num="56" type="stmt" count="2"/>
      <line num="57" type="stmt" count="2"/>
      <line num="58" type="stmt" count="2"/>
      <line num="59" type="stmt" count="2"/>
      <line num="60" type="stmt" count="2"/>
      <line num="61" type="stmt" count="2"/>
      <line num="62" type="stmt" count="2"/>
      <line num="64" type="stmt" count="2"/>
      <line num="67" type="stmt" count="2"/>
      <line num="68" type="stmt" count="2"/>
      <line num="74" type="stmt" count="2"/>
      <metrics loc="81" ncloc="75" classes="0" methods="0" coveredmethods="0" conditionals="0" coveredconditionals="0" statements="33" coveredstatements="29" elements="33" coveredelements="29"/>
    </file>
    <file name="/var/www/html/elovalasztok2/github/test/siteControllerTest.php">
      <class name="elovalasztokControllerTest" namespace="global">
        <metrics complexity="17" methods="17" coveredmethods="16" conditionals="0" coveredconditionals="0" statements="285" coveredstatements="263" elements="302" coveredelements="279"/>
      </class>
      <line num="19" type="method" name="__construct" complexity="1" crap="2" count="0"/>
      <line num="20" type="stmt" count="0"/>
      <line num="21" type="stmt" count="0"/>
      <line num="23" type="stmt" count="0"/>
      <line num="24" type="stmt" count="0"/>
      <line num="25" type="stmt" count="0"/>
      <line num="26" type="stmt" count="0"/>
      <line num="27" type="stmt" count="0"/>
      <line num="35" type="stmt" count="0"/>
      <line num="43" type="stmt" count="0"/>
      <line num="49" type="stmt" count="0"/>
      <line num="50" type="stmt" count="0"/>
      <line num="51" type="stmt" count="0"/>
      <line num="52" type="stmt" count="0"/>
      <line num="53" type="stmt" count="0"/>
      <line num="54" type="stmt" count="0"/>
      <line num="55" type="stmt" count="0"/>
      <line num="56" type="stmt" count="0"/>
      <line num="57" type="stmt" count="0"/>
      <line num="58" type="stmt" count="0"/>
      <line num="59" type="stmt" count="0"/>
      <line num="60" type="stmt" count="0"/>
      <line num="61" type="stmt" count="0"/>
      <line num="62" type="method" name="setupConfig" visibility="protected" complexity="1" crap="1" count="15"/>
      <line num="63" type="stmt" count="15"/>
      <line num="65" type="method" name="test_szavazok_notTestUzemmod_notlogedUser" visibility="public" complexity="1" crap="1" count="1"/>
      <line num="66" type="stmt" count="1"/>
      <line num="67" type="stmt" count="1"/>
      <line num="68" type="stmt" count="1"/>
      <line num="69" type="stmt" count="1"/>
      <line num="70" type="stmt" count="1"/>
      <line num="71" type="stmt" count="1"/>
      <line num="72" type="stmt" count="1"/>
      <line num="74" type="method" name="test_szavazok_notTestUzemmod_loggedUser_nemBudapesti_nemSzavazottmeg" visibility="public" complexity="1" crap="1" count="1"/>
      <line num="75" type="stmt" count="1"/>
      <line num="76" type="stmt" count="1"/>
      <line num="77" type="stmt" count="1"/>
      <line num="78" type="stmt" count="1"/>
      <line num="79" type="stmt" count="1"/>
      <line num="80" type="stmt" count="1"/>
      <line num="81" type="stmt" count="1"/>
      <line num="82" type="stmt" count="1"/>
      <line num="83" type="stmt" count="1"/>
      <line num="84" type="stmt" count="1"/>
      <line num="85" type="stmt" count="1"/>
      <line num="86" type="stmt" count="1"/>
      <line num="88" type="method" name="test_szavazok_TestUzemmod_loggedUser_nemBudapesti_nemSzavazottmeg" visibility="public" complexity="1" crap="1" count="1"/>
      <line num="89" type="stmt" count="1"/>
      <line num="90" type="stmt" count="1"/>
      <line num="91" type="stmt" count="1"/>
      <line num="92" type="stmt" count="1"/>
      <line num="93" type="stmt" count="1"/>
      <line num="94" type="stmt" count="1"/>
      <line num="95" type="stmt" count="1"/>
      <line num="96" type="stmt" count="1"/>
      <line num="97" type="stmt" count="1"/>
      <line num="98" type="stmt" count="1"/>
      <line num="99" type="stmt" count="1"/>
      <line num="100" type="stmt" count="1"/>
      <line num="102" type="method" name="test_szavazok_notTestUzemmod_loggedUser_budapest_nemSzavazottmeg" visibility="public" complexity="1" crap="1" count="1"/>
      <line num="103" type="stmt" count="1"/>
      <line num="104" type="stmt" count="1"/>
      <line num="105" type="stmt" count="1"/>
      <line num="106" type="stmt" count="1"/>
      <line num="107" type="stmt" count="1"/>
      <line num="108" type="stmt" count="1"/>
      <line num="109" type="stmt" count="1"/>
      <line num="110" type="stmt" count="1"/>
      <line num="111" type="stmt" count="1"/>
      <line num="112" type="stmt" count="1"/>
      <line num="113" type="stmt" count="1"/>
      <line num="114" type="stmt" count="1"/>
      <line num="116" type="method" name="test_szavazok_notTestUzemmod_loggedUser_budapest_lezartSzavazas" visibility="public" complexity="1" crap="1" count="1"/>
      <line num="117" type="stmt" count="1"/>
      <line num="118" type="stmt" count="1"/>
      <line num="119" type="stmt" count="1"/>
      <line num="120" type="stmt" count="1"/>
      <line num="121" type="stmt" count="1"/>
      <line num="122" type="stmt" count="1"/>
      <line num="123" type="stmt" count="1"/>
      <line num="124" type="stmt" count="1"/>
      <line num="125" type="stmt" count="1"/>
      <line num="126" type="stmt" count="1"/>
      <line num="127" type="stmt" count="1"/>
      <line num="128" type="stmt" count="1"/>
      <line num="129" type="stmt" count="1"/>
      <line num="131" type="method" name="test_szavazok_notTestUzemmod_loggedUser_budapest_marSzavazott" visibility="public" complexity="1" crap="1" count="1"/>
      <line num="132" type="stmt" count="1"/>
      <line num="133" type="stmt" count="1"/>
      <line num="134" type="stmt" count="1"/>
      <line num="135" type="stmt" count="1"/>
      <line num="136" type="stmt" count="1"/>
      <line num="137" type="stmt" count="1"/>
      <line num="138" type="stmt" count="1"/>
      <line num="139" type="stmt" count="1"/>
      <line num="140" type="stmt" count="1"/>
      <line num="141" type="stmt" count="1"/>
      <line num="142" type="stmt" count="1"/>
      <line num="143" type="stmt" count="1"/>
      <line num="144" type="stmt" count="1"/>
      <line num="145" type="stmt" count="1"/>
      <line num="147" type="method" name="test_eredmeny" visibility="public" complexity="1" crap="1" count="1"/>
      <line num="148" type="stmt" count="1"/>
      <line num="149" type="stmt" count="1"/>
      <line num="150" type="stmt" count="1"/>
      <line num="151" type="stmt" count="1"/>
      <line num="152" type="stmt" count="1"/>
      <line num="153" type="stmt" count="1"/>
      <line num="154" type="stmt" count="1"/>
      <line num="155" type="stmt" count="1"/>
      <line num="157" type="method" name="test_szavazat_save_notTest_notLoged" visibility="public" complexity="1" crap="1" count="1"/>
      <line num="158" type="stmt" count="1"/>
      <line num="159" type="stmt" count="1"/>
      <line num="160" type="stmt" count="1"/>
      <line num="161" type="stmt" count="1"/>
      <line num="163" type="stmt" count="1"/>
      <line num="164" type="stmt" count="1"/>
      <line num="165" type="stmt" count="1"/>
      <line num="166" type="stmt" count="1"/>
      <line num="168" type="method" name="test_szavazat_save_notTest_marSzavazott" visibility="public" complexity="1" crap="1" count="1"/>
      <line num="169" type="stmt" count="1"/>
      <line num="170" type="stmt" count="1"/>
      <line num="171" type="stmt" count="1"/>
      <line num="172" type="stmt" count="1"/>
      <line num="173" type="stmt" count="1"/>
      <line num="174" type="stmt" count="1"/>
      <line num="176" type="stmt" count="1"/>
      <line num="177" type="stmt" count="1"/>
      <line num="178" type="stmt" count="1"/>
      <line num="179" type="stmt" count="1"/>
      <line num="181" type="method" name="test_szavazat_save_notTest_nemBudapesti_nemSzavazottMeg" visibility="public" complexity="1" crap="1" count="1"/>
      <line num="182" type="stmt" count="1"/>
      <line num="183" type="stmt" count="1"/>
      <line num="184" type="stmt" count="1"/>
      <line num="185" type="stmt" count="1"/>
      <line num="186" type="stmt" count="1"/>
      <line num="187" type="stmt" count="1"/>
      <line num="188" type="stmt" count="1"/>
      <line num="190" type="stmt" count="1"/>
      <line num="191" type="stmt" count="1"/>
      <line num="193" type="stmt" count="1"/>
      <line num="194" type="stmt" count="1"/>
      <line num="195" type="stmt" count="1"/>
      <line num="196" type="stmt" count="1"/>
      <line num="198" type="method" name="test_szavazat_save_notTest_budapesti_nemSzavazottMeg" visibility="public" complexity="1" crap="1" count="1"/>
      <line num="199" type="stmt" count="1"/>
      <line num="200" type="stmt" count="1"/>
      <line num="201" type="stmt" count="1"/>
      <line num="202" type="stmt" count="1"/>
      <line num="203" type="stmt" count="1"/>
      <line num="204" type="stmt" count="1"/>
      <line num="205" type="stmt" count="1"/>
      <line num="207" type="stmt" count="1"/>
      <line num="208" type="stmt" count="1"/>
      <line num="209" type="stmt" count="1"/>
      <line num="210" type="stmt" count="1"/>
      <line num="211" type="stmt" count="1"/>
      <line num="212" type="stmt" count="1"/>
      <line num="214" type="method" name="test_szavazat_save_notTest_budapesti_lezartSzavazas" visibility="public" complexity="1" crap="1" count="1"/>
      <line num="215" type="stmt" count="1"/>
      <line num="216" type="stmt" count="1"/>
      <line num="217" type="stmt" count="1"/>
      <line num="218" type="stmt" count="1"/>
      <line num="219" type="stmt" count="1"/>
      <line num="220" type="stmt" count="1"/>
      <line num="221" type="stmt" count="1"/>
      <line num="222" type="stmt" count="1"/>
      <line num="225" type="stmt" count="1"/>
      <line num="226" type="stmt" count="1"/>
      <line num="227" type="stmt" count="1"/>
      <line num="228" type="stmt" count="1"/>
      <line num="229" type="stmt" count="1"/>
      <line num="230" type="stmt" count="1"/>
      <line num="232" type="method" name="test_wiki_Shulze_pelda" visibility="public" complexity="1" crap="1" count="1"/>
      <line num="242" type="stmt" count="1"/>
      <line num="243" type="stmt" count="1"/>
      <line num="245" type="stmt" count="1"/>
      <line num="247" type="stmt" count="1"/>
      <line num="248" type="stmt" count="1"/>
      <line num="249" type="stmt" count="1"/>
      <line num="250" type="stmt" count="1"/>
      <line num="253" type="stmt" count="1"/>
      <line num="254" type="stmt" count="1"/>
      <line num="255" type="stmt" count="1"/>
      <line num="256" type="stmt" count="1"/>
      <line num="258" type="stmt" count="1"/>
      <line num="259" type="stmt" count="1"/>
      <line num="260" type="stmt" count="1"/>
      <line num="261" type="stmt" count="1"/>
      <line num="263" type="stmt" count="1"/>
      <line num="264" type="stmt" count="1"/>
      <line num="265" type="stmt" count="1"/>
      <line num="266" type="stmt" count="1"/>
      <line num="268" type="stmt" count="1"/>
      <line num="269" type="stmt" count="1"/>
      <line num="270" type="stmt" count="1"/>
      <line num="271" type="stmt" count="1"/>
      <line num="273" type="stmt" count="1"/>
      <line num="274" type="stmt" count="1"/>
      <line num="275" type="stmt" count="1"/>
      <line num="276" type="stmt" count="1"/>
      <line num="278" type="stmt" count="1"/>
      <line num="279" type="stmt" count="1"/>
      <line num="280" type="stmt" count="1"/>
      <line num="281" type="stmt" count="1"/>
      <line num="283" type="stmt" count="1"/>
      <line num="284" type="stmt" count="1"/>
      <line num="285" type="stmt" count="1"/>
      <line num="286" type="stmt" count="1"/>
      <line num="288" type="stmt" count="1"/>
      <line num="289" type="stmt" count="1"/>
      <line num="290" type="stmt" count="1"/>
      <line num="291" type="stmt" count="1"/>
      <line num="294" type="stmt" count="1"/>
      <line num="295" type="stmt" count="1"/>
      <line num="296" type="stmt" count="1"/>
      <line num="297" type="stmt" count="1"/>
      <line num="299" type="stmt" count="1"/>
      <line num="300" type="stmt" count="1"/>
      <line num="301" type="stmt" count="1"/>
      <line num="302" type="stmt" count="1"/>
      <line num="305" type="stmt" count="1"/>
      <line num="306" type="stmt" count="1"/>
      <line num="307" type="stmt" count="1"/>
      <line num="308" type="stmt" count="1"/>
      <line num="310" type="stmt" count="1"/>
      <line num="311" type="stmt" count="1"/>
      <line num="312" type="stmt" count="1"/>
      <line num="313" type="stmt" count="1"/>
      <line num="315" type="stmt" count="1"/>
      <line num="316" type="stmt" count="1"/>
      <line num="317" type="stmt" count="1"/>
      <line num="318" type="stmt" count="1"/>
      <line num="320" type="stmt" count="1"/>
      <line num="321" type="stmt" count="1"/>
      <line num="322" type="stmt" count="1"/>
      <line num="323" type="stmt" count="1"/>
      <line num="326" type="stmt" count="1"/>
      <line num="327" type="stmt" count="1"/>
      <line num="328" type="stmt" count="1"/>
      <line num="329" type="stmt" count="1"/>
      <line num="331" type="stmt" count="1"/>
      <line num="332" type="stmt" count="1"/>
      <line num="333" type="stmt" count="1"/>
      <line num="334" type="stmt" count="1"/>
      <line num="336" type="stmt" count="1"/>
      <line num="337" type="stmt" count="1"/>
      <line num="338" type="stmt" count="1"/>
      <line num="339" type="stmt" count="1"/>
      <line num="341" type="stmt" count="1"/>
      <line num="342" type="stmt" count="1"/>
      <line num="343" type="stmt" count="1"/>
      <line num="344" type="stmt" count="1"/>
      <line num="348" type="stmt" count="1"/>
      <line num="349" type="stmt" count="1"/>
      <line num="350" type="stmt" count="1"/>
      <line num="351" type="stmt" count="1"/>
      <line num="353" type="stmt" count="1"/>
      <line num="354" type="stmt" count="1"/>
      <line num="355" type="stmt" count="1"/>
      <line num="356" type="stmt" count="1"/>
      <line num="358" type="stmt" count="1"/>
      <line num="359" type="stmt" count="1"/>
      <line num="360" type="stmt" count="1"/>
      <line num="361" type="stmt" count="1"/>
      <line num="363" type="stmt" count="1"/>
      <line num="365" type="stmt" count="1"/>
      <line num="366" type="stmt" count="1"/>
      <line num="367" type="stmt" count="1"/>
      <line num="368" type="stmt" count="1"/>
      <line num="369" type="stmt" count="1"/>
      <line num="370" type="stmt" count="1"/>
      <line num="371" type="stmt" count="1"/>
      <line num="372" type="stmt" count="1"/>
      <line num="373" type="stmt" count="1"/>
      <line num="374" type="stmt" count="1"/>
      <line num="376" type="stmt" count="1"/>
      <line num="378" type="method" name="test_szavazatok" visibility="public" complexity="1" crap="1" count="1"/>
      <line num="379" type="stmt" count="1"/>
      <line num="380" type="stmt" count="1"/>
      <line num="381" type="stmt" count="1"/>
      <line num="382" type="stmt" count="1"/>
      <line num="383" type="stmt" count="1"/>
      <line num="384" type="stmt" count="1"/>
      <line num="385" type="stmt" count="1"/>
      <line num="386" type="stmt" count="1"/>
      <line num="387" type="stmt" count="1"/>
      <line num="388" type="stmt" count="1"/>
      <line num="390" type="method" name="test_szavazok_notTestUzemmod_loggedUser_budapest_nincs_jelolt" visibility="public" complexity="1" crap="1" count="1"/>
      <line num="391" type="stmt" count="1"/>
      <line num="392" type="stmt" count="1"/>
      <line num="393" type="stmt" count="1"/>
      <line num="394" type="stmt" count="1"/>
      <line num="395" type="stmt" count="1"/>
      <line num="396" type="stmt" count="1"/>
      <line num="397" type="stmt" count="1"/>
      <line num="398" type="stmt" count="1"/>
      <line num="399" type="stmt" count="1"/>
      <line num="400" type="stmt" count="1"/>
      <line num="401" type="stmt" count="1"/>
      <line num="402" type="stmt" count="1"/>
      <line num="403" type="stmt" count="1"/>
      <metrics loc="406" ncloc="379" classes="1" methods="17" coveredmethods="16" conditionals="0" coveredconditionals="0" statements="285" coveredstatements="263" elements="302" coveredelements="279"/>
    </file>
    <file name="/var/www/html/elovalasztok2/github/test/testJoomlaFramework.php">
      <class name="testDataClass" namespace="global">
        <metrics complexity="12" methods="9" coveredmethods="2" conditionals="0" coveredconditionals="0" statements="37" coveredstatements="10" elements="46" coveredelements="12"/>
      </class>
      <class name="JFactory" namespace="global">
        <metrics complexity="11" methods="7" coveredmethods="1" conditionals="0" coveredconditionals="0" statements="18" coveredstatements="6" elements="25" coveredelements="7"/>
      </class>
      <class name="JApplication" namespace="global">
        <metrics complexity="5" methods="5" coveredmethods="0" conditionals="0" coveredconditionals="0" statements="14" coveredstatements="0" elements="19" coveredelements="0"/>
      </class>
      <class name="JDocument" namespace="global">
        <metrics complexity="1" methods="1" coveredmethods="0" conditionals="0" coveredconditionals="0" statements="1" coveredstatements="0" elements="2" coveredelements="0"/>
      </class>
      <class name="JInput" namespace="global">
        <metrics complexity="2" methods="2" coveredmethods="1" conditionals="0" coveredconditionals="0" statements="5" coveredstatements="2" elements="7" coveredelements="3"/>
      </class>
      <class name="JRequest" namespace="global">
        <metrics complexity="4" methods="4" coveredmethods="0" conditionals="0" coveredconditionals="0" statements="7" coveredstatements="0" elements="11" coveredelements="0"/>
      </class>
      <class name="JURI" namespace="global">
        <metrics complexity="2" methods="2" coveredmethods="1" conditionals="0" coveredconditionals="0" statements="2" coveredstatements="1" elements="4" coveredelements="2"/>
      </class>
      <class name="JText" namespace="global">
        <metrics complexity="1" methods="1" coveredmethods="0" conditionals="0" coveredconditionals="0" statements="1" coveredstatements="0" elements="2" coveredelements="0"/>
      </class>
      <class name="JHTML" namespace="global">
        <metrics complexity="1" methods="1" coveredmethods="1" conditionals="0" coveredconditionals="0" statements="1" coveredstatements="1" elements="2" coveredelements="2"/>
      </class>
      <class name="JDatabase" namespace="global">
        <metrics complexity="23" methods="10" coveredmethods="4" conditionals="0" coveredconditionals="0" statements="67" coveredstatements="48" elements="77" coveredelements="52"/>
      </class>
      <class name="JDatabaseQuery" namespace="global">
        <metrics complexity="6" methods="6" coveredmethods="0" conditionals="0" coveredconditionals="0" statements="6" coveredstatements="0" elements="12" coveredelements="0"/>
      </class>
      <class name="JUser" namespace="global">
        <metrics complexity="5" methods="5" coveredmethods="0" conditionals="0" coveredconditionals="0" statements="5" coveredstatements="0" elements="10" coveredelements="0"/>
      </class>
      <class name="JLanguage" namespace="global">
        <metrics complexity="0" methods="0" coveredmethods="0" conditionals="0" coveredconditionals="0" statements="0" coveredstatements="0" elements="0" coveredelements="0"/>
      </class>
      <class name="JTable" namespace="global">
        <metrics complexity="4" methods="4" coveredmethods="0" conditionals="0" coveredconditionals="0" statements="4" coveredstatements="0" elements="8" coveredelements="0"/>
      </class>
      <class name="JControllerLegacy" namespace="global">
        <metrics complexity="16" methods="10" coveredmethods="0" conditionals="0" coveredconditionals="0" statements="35" coveredstatements="0" elements="45" coveredelements="0"/>
      </class>
      <class name="JModelLegacy" namespace="global">
        <metrics complexity="22" methods="20" coveredmethods="0" conditionals="0" coveredconditionals="0" statements="27" coveredstatements="0" elements="47" coveredelements="0"/>
      </class>
      <class name="JModelList" namespace="global">
        <metrics complexity="3" methods="3" coveredmethods="0" conditionals="0" coveredconditionals="0" statements="3" coveredstatements="0" elements="6" coveredelements="0"/>
      </class>
      <class name="JViewLegacy" namespace="global">
        <metrics complexity="7" methods="4" coveredmethods="0" conditionals="0" coveredconditionals="0" statements="14" coveredstatements="0" elements="18" coveredelements="0"/>
      </class>
      <class name="JSession" namespace="global">
        <metrics complexity="4" methods="4" coveredmethods="1" conditionals="0" coveredconditionals="0" statements="4" coveredstatements="1" elements="8" coveredelements="2"/>
      </class>
      <class name="JPagination" namespace="global">
        <metrics complexity="2" methods="2" coveredmethods="0" conditionals="0" coveredconditionals="0" statements="2" coveredstatements="0" elements="4" coveredelements="0"/>
      </class>
      <class name="UsersModelGroup" namespace="global">
        <metrics complexity="2" methods="2" coveredmethods="0" conditionals="0" coveredconditionals="0" statements="2" coveredstatements="0" elements="4" coveredelements="0"/>
      </class>
      <line num="53" type="method" name="__construct" complexity="1" crap="2" count="0"/>
      <line num="54" type="stmt" count="0"/>
      <line num="55" type="stmt" count="0"/>
      <line num="56" type="stmt" count="0"/>
      <line num="57" type="stmt" count="0"/>
      <line num="58" type="method" name="clear" visibility="public" complexity="1" crap="2" count="0"/>
      <line num="59" type="stmt" count="0"/>
      <line num="60" type="stmt" count="0"/>
      <line num="61" type="stmt" count="0"/>
      <line num="62" type="stmt" count="0"/>
      <line num="63" type="stmt" count="0"/>
      <line num="64" type="stmt" count="0"/>
      <line num="65" type="stmt" count="0"/>
      <line num="66" type="stmt" count="0"/>
      <line num="67" type="method" name="addDbResult" complexity="1" crap="2" count="0"/>
      <line num="68" type="stmt" count="0"/>
      <line num="69" type="stmt" count="0"/>
      <line num="70" type="method" name="setInput" complexity="1" crap="1" count="3"/>
      <line num="71" type="stmt" count="3"/>
      <line num="72" type="stmt" count="3"/>
      <line num="73" type="method" name="addRemoteResult" complexity="1" crap="2" count="0"/>
      <line num="74" type="stmt" count="0"/>
      <line num="75" type="stmt" count="0"/>
      <line num="77" type="method" name="remoteCall" complexity="1" crap="2" count="0"/>
      <line num="78" type="stmt" count="0"/>
      <line num="79" type="stmt" count="0"/>
      <line num="80" type="stmt" count="0"/>
      <line num="81" type="stmt" count="0"/>
      <line num="82" type="stmt" count="0"/>
      <line num="85" type="method" name="getDbResult" visibility="public" complexity="2" crap="2.03" count="14"/>
      <line num="86" type="stmt" count="14"/>
      <line num="87" type="stmt" count="0"/>
      <line num="89" type="stmt" count="14"/>
      <line num="90" type="stmt" count="14"/>
      <line num="91" type="stmt" count="14"/>
      <line num="93" type="method" name="getRemoteResult" visibility="public" complexity="2" crap="6" count="0"/>
      <line num="94" type="stmt" count="0"/>
      <line num="95" type="stmt" count="0"/>
      <line num="97" type="stmt" count="0"/>
      <line num="98" type="stmt" count="0"/>
      <line num="99" type="stmt" count="0"/>
      <line num="101" type="method" name="getInput" visibility="public" complexity="2" crap="2" count="4"/>
      <line num="102" type="stmt" count="4"/>
      <line num="103" type="stmt" count="3"/>
      <line num="105" type="stmt" count="1"/>
      <line num="106" type="stmt" count="4"/>
      <line num="117" type="method" name="getApplication" visibility="public" complexity="2" crap="2" count="4"/>
      <line num="118" type="stmt" count="4"/>
      <line num="119" type="stmt" count="4"/>
      <line num="120" type="stmt" count="4"/>
      <line num="122" type="method" name="getDocument" visibility="public" complexity="2" crap="6" count="0"/>
      <line num="123" type="stmt" count="0"/>
      <line num="124" type="stmt" count="0"/>
      <line num="125" type="stmt" count="0"/>
      <line num="127" type="method" name="getUser" visibility="public" complexity="2" crap="6" count="0"/>
      <line num="128" type="stmt" count="0"/>
      <line num="129" type="stmt" count="0"/>
      <line num="130" type="stmt" count="0"/>
      <line num="131" type="stmt" count="0"/>
      <line num="132" type="stmt" count="0"/>
      <line num="134" type="method" name="getLanguage" visibility="public" complexity="1" crap="2" count="0"/>
      <line num="135" type="stmt" count="0"/>
      <line num="137" type="method" name="getDBO" visibility="public" complexity="2" crap="2.06" count="14"/>
      <line num="138" type="stmt" count="14"/>
      <line num="139" type="stmt" count="14"/>
      <line num="140" type="stmt" count="0"/>
      <line num="142" type="stmt" count="14"/>
      <line num="144" type="method" name="getSession" visibility="public" complexity="1" crap="2" count="0"/>
      <line num="145" type="stmt" count="0"/>
      <line num="147" type="method" name="getConfig" visibility="public" complexity="1" crap="2" count="0"/>
      <line num="148" type="stmt" count="0"/>
      <line num="154" type="method" name="__construct" complexity="1" crap="2" count="0"/>
      <line num="155" type="stmt" count="0"/>
      <line num="156" type="stmt" count="0"/>
      <line num="157" type="method" name="getUserStateFromRequest" visibility="public" complexity="1" crap="2" count="0"/>
      <line num="158" type="stmt" count="0"/>
      <line num="160" type="method" name="getCfg" visibility="public" complexity="1" crap="2" count="0"/>
      <line num="161" type="stmt" count="0"/>
      <line num="163" type="method" name="login" visibility="public" complexity="1" crap="2" count="0"/>
      <line num="164" type="stmt" count="0"/>
      <line num="165" type="stmt" count="0"/>
      <line num="166" type="stmt" count="0"/>
      <line num="167" type="stmt" count="0"/>
      <line num="168" type="stmt" count="0"/>
      <line num="170" type="method" name="logout" visibility="public" complexity="1" crap="2" count="0"/>
      <line num="171" type="stmt" count="0"/>
      <line num="172" type="stmt" count="0"/>
      <line num="173" type="stmt" count="0"/>
      <line num="174" type="stmt" count="0"/>
      <line num="175" type="stmt" count="0"/>
      <line num="179" type="method" name="getType" visibility="public" complexity="1" crap="2" count="0"/>
      <line num="180" type="stmt" count="0"/>
      <line num="185" type="method" name="get" visibility="public" complexity="1" crap="1" count="4"/>
      <line num="186" type="stmt" count="4"/>
      <line num="187" type="stmt" count="4"/>
      <line num="189" type="method" name="set" visibility="public" complexity="1" crap="2" count="0"/>
      <line num="190" type="stmt" count="0"/>
      <line num="191" type="stmt" count="0"/>
      <line num="192" type="stmt" count="0"/>
      <line num="196" type="method" name="getVar" visibility="public" complexity="1" crap="2" count="0"/>
      <line num="197" type="stmt" count="0"/>
      <line num="198" type="stmt" count="0"/>
      <line num="200" type="method" name="getWord" visibility="public" complexity="1" crap="2" count="0"/>
      <line num="201" type="stmt" count="0"/>
      <line num="203" type="method" name="getCmd" visibility="public" complexity="1" crap="2" count="0"/>
      <line num="204" type="stmt" count="0"/>
      <line num="206" type="method" name="setVar" visibility="public" complexity="1" crap="2" count="0"/>
      <line num="207" type="stmt" count="0"/>
      <line num="208" type="stmt" count="0"/>
      <line num="209" type="stmt" count="0"/>
      <line num="213" type="method" name="base" visibility="public" complexity="1" crap="2" count="0"/>
      <line num="214" type="stmt" count="0"/>
      <line num="216" type="method" name="root" visibility="public" complexity="1" crap="1" count="4"/>
      <line num="217" type="stmt" count="4"/>
      <line num="222" type="method" name="_" visibility="public" complexity="1" crap="2" count="0"/>
      <line num="223" type="stmt" count="0"/>
      <line num="227" type="method" name="_" visibility="public" complexity="1" crap="1" count="2"/>
      <line num="228" type="stmt" count="2"/>
      <line num="237" type="method" name="__construct" complexity="1" crap="2" count="0"/>
      <line num="238" type="stmt" count="0"/>
      <line num="239" type="stmt" count="0"/>
      <line num="240" type="method" name="setQuery" visibility="public" complexity="1" crap="1" count="14"/>
      <line num="241" type="stmt" count="14"/>
      <line num="242" type="stmt" count="14"/>
      <line num="243" type="method" name="getQuery" visibility="public" complexity="1" crap="2" count="0"/>
      <line num="244" type="stmt" count="0"/>
      <line num="246" type="method" name="loadObjectList" visibility="public" complexity="7" crap="7.85" count="12"/>
      <line num="247" type="stmt" count="12"/>
      <line num="248" type="stmt" count="12"/>
      <line num="249" type="stmt" count="12"/>
      <line num="250" type="stmt" count="12"/>
      <line num="251" type="stmt" count="12"/>
      <line num="252" type="stmt" count="12"/>
      <line num="254" type="stmt" count="12"/>
      <line num="255" type="stmt" count="1"/>
      <line num="257" type="stmt" count="1"/>
      <line num="259" type="stmt" count="1"/>
      <line num="260" type="stmt" count="0"/>
      <line num="261" type="stmt" count="0"/>
      <line num="262" type="stmt" count="0"/>
      <line num="263" type="stmt" count="1"/>
      <line num="265" type="stmt" count="0"/>
      <line num="266" type="stmt" count="0"/>
      <line num="267" type="stmt" count="0"/>
      <line num="268" type="stmt" count="0"/>
      <line num="271" type="stmt" count="12"/>
      <line num="272" type="stmt" count="12"/>
      <line num="273" type="stmt" count="12"/>
      <line num="274" type="stmt" count="9"/>
      <line num="275" type="stmt" count="9"/>
      <line num="276" type="stmt" count="9"/>
      <line num="278" type="stmt" count="12"/>
      <line num="279" type="stmt" count="12"/>
      <line num="283" type="stmt" count="12"/>
      <line num="285" type="method" name="loadObject" visibility="public" complexity="3" crap="3" count="6"/>
      <line num="286" type="stmt" count="6"/>
      <line num="287" type="stmt" count="6"/>
      <line num="288" type="stmt" count="6"/>
      <line num="289" type="stmt" count="6"/>
      <line num="290" type="stmt" count="6"/>
      <line num="291" type="stmt" count="6"/>
      <line num="293" type="stmt" count="2"/>
      <line num="296" type="stmt" count="6"/>
      <line num="298" type="method" name="query" visibility="public" complexity="6" crap="7.33" count="13"/>
      <line num="299" type="stmt" count="13"/>
      <line num="300" type="stmt" count="13"/>
      <line num="301" type="stmt" count="13"/>
      <line num="302" type="stmt" count="13"/>
      <line num="304" type="stmt" count="13"/>
      <line num="305" type="stmt" count="12"/>
      <line num="306" type="stmt" count="12"/>
      <line num="307" type="stmt" count="12"/>
      <line num="309" type="stmt" count="12"/>
      <line num="311" type="stmt" count="12"/>
      <line num="312" type="stmt" count="12"/>
      <line num="313" type="stmt" count="12"/>
      <line num="314" type="stmt" count="0"/>
      <line num="315" type="stmt" count="0"/>
      <line num="316" type="stmt" count="0"/>
      <line num="317" type="stmt" count="12"/>
      <line num="319" type="stmt" count="0"/>
      <line num="320" type="stmt" count="0"/>
      <line num="321" type="stmt" count="0"/>
      <line num="322" type="stmt" count="0"/>
      <line num="327" type="stmt" count="13"/>
      <line num="329" type="method" name="getErrorNum" visibility="public" complexity="1" crap="2" count="0"/>
      <line num="330" type="stmt" count="0"/>
      <line num="332" type="method" name="getErrorMsg" visibility="public" complexity="1" crap="2" count="0"/>
      <line num="333" type="stmt" count="0"/>
      <line num="335" type="method" name="quote" visibility="public" complexity="1" crap="1" count="12"/>
      <line num="336" type="stmt" count="12"/>
      <line num="338" type="method" name="exec" visibility="public" complexity="1" crap="1" count="10"/>
      <line num="339" type="stmt" count="10"/>
      <line num="340" type="stmt" count="10"/>
      <line num="341" type="stmt" count="10"/>
      <line num="345" type="method" name="select" visibility="public" complexity="1" crap="2" count="0"/>
      <line num="347" type="stmt" count="0"/>
      <line num="348" type="method" name="from" visibility="public" complexity="1" crap="2" count="0"/>
      <line num="350" type="stmt" count="0"/>
      <line num="351" type="method" name="where" visibility="public" complexity="1" crap="2" count="0"/>
      <line num="353" type="stmt" count="0"/>
      <line num="354" type="method" name="order" visibility="public" complexity="1" crap="2" count="0"/>
      <line num="356" type="stmt" count="0"/>
      <line num="357" type="method" name="__toString" visibility="public" complexity="1" crap="2" count="0"/>
      <line num="358" type="stmt" count="0"/>
      <line num="360" type="method" name="join" visibility="public" complexity="1" crap="2" count="0"/>
      <line num="362" type="stmt" count="0"/>
      <line num="370" type="method" name="save" visibility="public" complexity="1" crap="2" count="0"/>
      <line num="371" type="stmt" count="0"/>
      <line num="373" type="method" name="getParam" visibility="public" complexity="1" crap="2" count="0"/>
      <line num="374" type="stmt" count="0"/>
      <line num="376" type="method" name="setParam" visibility="public" complexity="1" crap="2" count="0"/>
      <line num="378" type="stmt" count="0"/>
      <line num="379" type="method" name="bind" visibility="public" complexity="1" crap="2" count="0"/>
      <line num="380" type="stmt" count="0"/>
      <line num="382" type="method" name="getError" visibility="public" complexity="1" crap="2" count="0"/>
      <line num="383" type="stmt" count="0"/>
      <line num="392" type="method" name="bind" visibility="public" complexity="1" crap="2" count="0"/>
      <line num="394" type="stmt" count="0"/>
      <line num="395" type="method" name="getTableName" visibility="public" complexity="1" crap="2" count="0"/>
      <line num="396" type="stmt" count="0"/>
      <line num="398" type="method" name="setError" visibility="public" complexity="1" crap="2" count="0"/>
      <line num="400" type="stmt" count="0"/>
      <line num="401" type="method" name="getError" visibility="public" complexity="1" crap="2" count="0"/>
      <line num="403" type="stmt" count="0"/>
      <line num="409" type="method" name="getView" visibility="public" complexity="2" crap="6" count="0"/>
      <line num="410" type="stmt" count="0"/>
      <line num="411" type="stmt" count="0"/>
      <line num="412" type="stmt" count="0"/>
      <line num="413" type="stmt" count="0"/>
      <line num="414" type="stmt" count="0"/>
      <line num="415" type="stmt" count="0"/>
      <line num="417" type="method" name="getModel" visibility="public" complexity="5" crap="30" count="0"/>
      <line num="418" type="stmt" count="0"/>
      <line num="419" type="stmt" count="0"/>
      <line num="420" type="stmt" count="0"/>
      <line num="421" type="stmt" count="0"/>
      <line num="422" type="stmt" count="0"/>
      <line num="423" type="stmt" count="0"/>
      <line num="424" type="stmt" count="0"/>
      <line num="425" type="stmt" count="0"/>
      <line num="427" type="stmt" count="0"/>
      <line num="428" type="stmt" count="0"/>
      <line num="430" type="stmt" count="0"/>
      <line num="432" type="method" name="setRedirect" visibility="public" complexity="1" crap="2" count="0"/>
      <line num="433" type="stmt" count="0"/>
      <line num="434" type="stmt" count="0"/>
      <line num="435" type="method" name="redirect" visibility="public" complexity="1" crap="2" count="0"/>
      <line num="436" type="stmt" count="0"/>
      <line num="437" type="stmt" count="0"/>
      <line num="438" type="stmt" count="0"/>
      <line num="439" type="stmt" count="0"/>
      <line num="440" type="stmt" count="0"/>
      <line num="441" type="method" name="edit" visibility="public" complexity="1" crap="2" count="0"/>
      <line num="442" type="stmt" count="0"/>
      <line num="443" type="stmt" count="0"/>
      <line num="444" type="method" name="add" visibility="public" complexity="1" crap="2" count="0"/>
      <line num="445" type="stmt" count="0"/>
      <line num="446" type="stmt" count="0"/>
      <line num="447" type="method" name="save" visibility="public" complexity="1" crap="2" count="0"/>
      <line num="448" type="stmt" count="0"/>
      <line num="449" type="stmt" count="0"/>
      <line num="450" type="method" name="remove" visibility="public" complexity="1" crap="2" count="0"/>
      <line num="451" type="stmt" count="0"/>
      <line num="452" type="stmt" count="0"/>
      <line num="453" type="method" name="browse" visibility="public" complexity="1" crap="2" count="0"/>
      <line num="454" type="stmt" count="0"/>
      <line num="455" type="stmt" count="0"/>
      <line num="456" type="method" name="setMessage" visibility="public" complexity="1" crap="2" count="0"/>
      <line num="458" type="stmt" count="0"/>
      <line num="462" type="method" name="__construct" complexity="1" crap="2" count="0"/>
      <line num="463" type="stmt" count="0"/>
      <line num="464" type="method" name="set" visibility="public" complexity="1" crap="2" count="0"/>
      <line num="465" type="stmt" count="0"/>
      <line num="466" type="stmt" count="0"/>
      <line num="467" type="method" name="addIncludePath" visibility="public" complexity="1" crap="2" count="0"/>
      <line num="469" type="stmt" count="0"/>
      <line num="470" type="method" name="addTablePath" visibility="public" complexity="1" crap="2" count="0"/>
      <line num="472" type="stmt" count="0"/>
      <line num="473" type="method" name="def" visibility="public" complexity="2" crap="6" count="0"/>
      <line num="474" type="stmt" count="0"/>
      <line num="475" type="stmt" count="0"/>
      <line num="477" type="method" name="get" visibility="public" complexity="2" crap="6" count="0"/>
      <line num="478" type="stmt" count="0"/>
      <line num="479" type="stmt" count="0"/>
      <line num="481" type="stmt" count="0"/>
      <line num="484" type="method" name="getDbo" visibility="public" complexity="1" crap="2" count="0"/>
      <line num="485" type="stmt" count="0"/>
      <line num="487" type="method" name="setError" visibility="public" complexity="1" crap="2" count="0"/>
      <line num="488" type="stmt" count="0"/>
      <line num="489" type="stmt" count="0"/>
      <line num="490" type="method" name="getError" visibility="public" complexity="1" crap="2" count="0"/>
      <line num="491" type="stmt" count="0"/>
      <line num="493" type="method" name="getErrors" visibility="public" complexity="1" crap="2" count="0"/>
      <line num="494" type="stmt" count="0"/>
      <line num="496" type="method" name="getInstance" visibility="public" complexity="1" crap="2" count="0"/>
      <line num="497" type="stmt" count="0"/>
      <line num="499" type="method" name="getName" visibility="public" complexity="1" crap="2" count="0"/>
      <line num="500" type="stmt" count="0"/>
      <line num="501" type="stmt" count="0"/>
      <line num="503" type="method" name="getProperties" visibility="public" complexity="1" crap="2" count="0"/>
      <line num="504" type="stmt" count="0"/>
      <line num="506" type="method" name="setState" visibility="public" complexity="1" crap="2" count="0"/>
      <line num="508" type="stmt" count="0"/>
      <line num="509" type="method" name="getState" visibility="public" complexity="1" crap="2" count="0"/>
      <line num="510" type="stmt" count="0"/>
      <line num="512" type="method" name="getTable" visibility="public" complexity="1" crap="2" count="0"/>
      <line num="513" type="stmt" count="0"/>
      <line num="515" type="method" name="loadHistory" visibility="public" complexity="1" crap="2" count="0"/>
      <line num="516" type="stmt" count="0"/>
      <line num="518" type="method" name="setDbo" visibility="public" complexity="1" crap="2" count="0"/>
      <line num="519" type="stmt" count="0"/>
      <line num="520" type="stmt" count="0"/>
      <line num="521" type="method" name="setProperties" visibility="public" complexity="1" crap="2" count="0"/>
      <line num="522" type="stmt" count="0"/>
      <line num="524" type="method" name="getListCount" visibility="protected" complexity="1" crap="2" count="0"/>
      <line num="525" type="stmt" count="0"/>
      <line num="529" type="method" name="getQuery" visibility="public" complexity="1" crap="2" count="0"/>
      <line num="530" type="stmt" count="0"/>
      <line num="532" type="method" name="getTotal" visibility="public" complexity="1" crap="2" count="0"/>
      <line num="533" type="stmt" count="0"/>
      <line num="535" type="method" name="getItems" visibility="public" complexity="1" crap="2" count="0"/>
      <line num="536" type="stmt" count="0"/>
      <line num="542" type="method" name="set" visibility="public" complexity="1" crap="2" count="0"/>
      <line num="543" type="stmt" count="0"/>
      <line num="544" type="stmt" count="0"/>
      <line num="545" type="method" name="setLayout" visibility="public" complexity="1" crap="2" count="0"/>
      <line num="546" type="stmt" count="0"/>
      <line num="547" type="stmt" count="0"/>
      <line num="548" type="method" name="display" visibility="public" complexity="3" crap="12" count="0"/>
      <line num="549" type="stmt" count="0"/>
      <line num="550" type="stmt" count="0"/>
      <line num="551" type="stmt" count="0"/>
      <line num="553" type="stmt" count="0"/>
      <line num="554" type="stmt" count="0"/>
      <line num="556" type="stmt" count="0"/>
      <line num="557" type="stmt" count="0"/>
      <line num="558" type="stmt" count="0"/>
      <line num="559" type="method" name="setModel" visibility="public" complexity="1" crap="2" count="0"/>
      <line num="560" type="stmt" count="0"/>
      <line num="561" type="stmt" count="0"/>
      <line num="565" type="method" name="get" visibility="public" complexity="1" crap="2" count="0"/>
      <line num="566" type="stmt" count="0"/>
      <line num="568" type="method" name="set" visibility="public" complexity="1" crap="2" count="0"/>
      <line num="570" type="stmt" count="0"/>
      <line num="571" type="method" name="checkToken" visibility="public" complexity="1" crap="1" count="5"/>
      <line num="572" type="stmt" count="5"/>
      <line num="574" type="method" name="getFormToken" visibility="public" complexity="1" crap="2" count="0"/>
      <line num="575" type="stmt" count="0"/>
      <line num="580" type="method" name="__construct" complexity="1" crap="2" count="0"/>
      <line num="582" type="stmt" count="0"/>
      <line num="583" type="method" name="getListFooter" visibility="public" complexity="1" crap="2" count="0"/>
      <line num="584" type="stmt" count="0"/>
      <line num="588" type="method" name="save" visibility="public" complexity="1" crap="2" count="0"/>
      <line num="589" type="stmt" count="0"/>
      <line num="591" type="method" name="getItem" visibility="public" complexity="1" crap="2" count="0"/>
      <line num="592" type="stmt" count="0"/>
      <metrics loc="604" ncloc="577" classes="21" methods="102" coveredmethods="11" conditionals="0" coveredconditionals="0" statements="255" coveredstatements="69" elements="357" coveredelements="80"/>
    </file>
    <metrics files="9" loc="2240" ncloc="1871" classes="27" methods="157" coveredmethods="56" conditionals="0" coveredconditionals="0" statements="1006" coveredstatements="758" elements="1163" coveredelements="814"/>
  </project>
</coverage>
