<?xml version="1.0" encoding="UTF-8"?>
<testsuites>
  <testsuite name="." tests="21" assertions="19" failures="0" errors="0" time="5.802928">
    <testsuite name="elovalasztokControllerTest" file="/var/www/html/elovalasztok2/github/test/siteControllerTest.php" tests="21" assertions="19" failures="0" errors="0" time="5.802928">
      <testcase name="test_szavazok_notTestUzemmod_notlogedUser" class="elovalasztokControllerTest" file="/var/www/html/elovalasztok2/github/test/siteControllerTest.php" line="87" assertions="1" time="0.009005"/>
      <testcase name="test_szavazok_notTestUzemmod_loggedUser_nemBudapesti_nemSzavazottmeg" class="elovalasztokControllerTest" file="/var/www/html/elovalasztok2/github/test/siteControllerTest.php" line="96" assertions="1" time="0.004124"/>
      <testcase name="test_szavazok_TestUzemmod_loggedUser_nemBudapesti_nemSzavazottmeg" class="elovalasztokControllerTest" file="/var/www/html/elovalasztok2/github/test/siteControllerTest.php" line="110" assertions="1" time="0.004912"/>
      <testcase name="test_szavazok_notTestUzemmod_loggedUser_budapest_nemSzavazottmeg" class="elovalasztokControllerTest" file="/var/www/html/elovalasztok2/github/test/siteControllerTest.php" line="124" assertions="1" time="0.005041"/>
      <testcase name="test_szavazok_notTestUzemmod_loggedUser_budapest_lezartSzavazas" class="elovalasztokControllerTest" file="/var/www/html/elovalasztok2/github/test/siteControllerTest.php" line="138" assertions="1" time="0.003984"/>
      <testcase name="test_eredmeny" class="elovalasztokControllerTest" file="/var/www/html/elovalasztok2/github/test/siteControllerTest.php" line="153" assertions="1" time="0.166478"/>
      <testcase name="test_szavazat_save_notTest_notLoged" class="elovalasztokControllerTest" file="/var/www/html/elovalasztok2/github/test/siteControllerTest.php" line="163" assertions="1" time="0.003203"/>
      <testcase name="test_szavazat_save_notTest_nemBudapesti_nemSzavazottMeg" class="elovalasztokControllerTest" file="/var/www/html/elovalasztok2/github/test/siteControllerTest.php" line="174" assertions="1" time="0.003857"/>
      <testcase name="test_szavazat_save_notTest_budapesti_nemSzavazottMeg" class="elovalasztokControllerTest" file="/var/www/html/elovalasztok2/github/test/siteControllerTest.php" line="191" assertions="1" time="0.124264"/>
      <testcase name="test_szavazat_save_notTest_budapesti_lezartSzavazas" class="elovalasztokControllerTest" file="/var/www/html/elovalasztok2/github/test/siteControllerTest.php" line="207" assertions="1" time="0.065179"/>
      <testcase name="test_wiki_Shulze_pelda" class="elovalasztokControllerTest" file="/var/www/html/elovalasztok2/github/test/siteControllerTest.php" line="225" assertions="1" time="4.889994"/>
      <testcase name="test_szavazatok" class="elovalasztokControllerTest" file="/var/www/html/elovalasztok2/github/test/siteControllerTest.php" line="371" assertions="1" time="0.016167"/>
      <testcase name="test_szavazatokcsv" class="elovalasztokControllerTest" file="/var/www/html/elovalasztok2/github/test/siteControllerTest.php" line="383" assertions="0" time="0.009285">
        <system-out>szavazas_id;szavazo_id;pozicio;jelolt
10;801;1;jeloltA
10;801;2;jeloltC
10;801;3;jeloltD
10;801;4;jeloltB
10;802;1;jeloltA
10;802;2;jeloltC
10;802;3;jeloltD
10;802;4;jeloltB
10;803;1;jeloltA
10;803;2;jeloltC
10;803;3;jeloltD
10;803;4;jeloltB
10;804;1;jeloltA
10;804;2;jeloltC
10;804;3;jeloltD
10;804;4;jeloltB
10;805;1;jeloltA
10;805;2;jeloltC
10;805;3;jeloltD
10;805;4;jeloltB
10;806;1;jeloltA
10;806;2;jeloltC
10;806;3;jeloltD
10;806;4;jeloltB
10;807;1;jeloltA
10;807;2;jeloltC
10;807;3;jeloltD
10;807;4;jeloltB
10;808;1;jeloltA
10;808;2;jeloltC
10;808;3;jeloltD
10;808;4;jeloltB
10;809;1;jeloltB
10;809;2;jeloltA
10;809;3;jeloltD
10;809;4;jeloltC
10;810;1;jeloltB
10;810;2;jeloltA
10;810;3;jeloltD
10;810;4;jeloltC
10;811;1;jeloltC
10;811;2;jeloltD
10;811;3;jeloltB
10;811;4;jeloltA
10;812;1;jeloltC
10;812;2;jeloltD
10;812;3;jeloltB
10;812;4;jeloltA
10;813;1;jeloltC
10;813;2;jeloltD
10;813;3;jeloltB
10;813;4;jeloltA
10;814;1;jeloltC
10;814;2;jeloltD
10;814;3;jeloltB
10;814;4;jeloltA
10;815;1;jeloltD
10;815;2;jeloltB
10;815;3;jeloltA
10;815;4;jeloltC
10;816;1;jeloltD
10;816;2;jeloltB
10;816;3;jeloltA
10;816;4;jeloltC
10;817;1;jeloltD
10;817;2;jeloltB
10;817;3;jeloltA
10;817;4;jeloltC
10;818;1;jeloltD
10;818;2;jeloltB
10;818;3;jeloltA
10;818;4;jeloltC
10;819;1;jeloltD
10;819;2;jeloltC
10;819;3;jeloltB
10;819;4;jeloltA
10;820;1;jeloltD
10;820;2;jeloltC
10;820;3;jeloltB
10;820;4;jeloltA
10;821;1;jeloltD
10;821;2;jeloltC
10;821;3;jeloltB
10;821;4;jeloltA
</system-out>
      </testcase>
      <testcase name="test_szavazok_notTestUzemmod_loggedUser_budapest_nincs_jelolt" class="elovalasztokControllerTest" file="/var/www/html/elovalasztok2/github/test/siteControllerTest.php" line="395" assertions="1" time="0.187928"/>
      <testcase name="test_javaslatForm" class="elovalasztokControllerTest" file="/var/www/html/elovalasztok2/github/test/siteControllerTest.php" line="410" assertions="1" time="0.003200"/>
      <testcase name="test_javaslatok" class="elovalasztokControllerTest" file="/var/www/html/elovalasztok2/github/test/siteControllerTest.php" line="425" assertions="1" time="0.004621"/>
      <testcase name="test_javaslat_save" class="elovalasztokControllerTest" file="/var/www/html/elovalasztok2/github/test/siteControllerTest.php" line="440" assertions="1" time="0.090154"/>
      <testcase name="test_nemtamogatom_pollIdInput" class="elovalasztokControllerTest" file="/var/www/html/elovalasztok2/github/test/siteControllerTest.php" line="460" assertions="1" time="0.004415"/>
      <testcase name="test_getJavaslat" class="elovalasztokControllerTest" file="/var/www/html/elovalasztok2/github/test/siteControllerTest.php" line="484" assertions="0" time="0.004311">
        <system-out>&lt;div id="javaslat"&gt;
		&lt;h2&gt;Jelölt javaslat&lt;/h2&gt;
	&lt;p class="help"&gt;
		Budapesti lakosok javasolhat jelölteket az előválasztásra. A javaslatok a szerkesztő bizottság ellenörzése után
		kerülnek fel erre az oldalra. Az ellenörzés kizárólag stilisztikai, helyesírási, a szöveg valóság tartalmára
		terjed ki. Továbbá a szerkesztő bizottság kapcsolatba lép a jelölttel, és beleegyezését kéri az adatkezeléshez.
		A javasolt jelölt akkor fog  szerepelni a szavazó lapon ha legalább 500 támogatást szerez.
		A támogatást a budapest lakosok  ezen az oldalon a "támogatom" gomb segitségével jelezhetik. 
	&lt;/p&gt;
	&lt;div class="javaslatReszletek"&gt;
 		&lt;div class="item" style="clear:both"&gt;
 			&lt;h4&gt;Javaslat 1&lt;/h4&gt;
 			&lt;div class="text"&gt;&lt;img style="float:left; width:250px;" src="xyz" /&gt;&lt;h3&gt;Program&lt;/h3&gt;&lt;div class="programIntro"&gt;blabla&lt;/div&gt;&lt;div class="tamogatok"&gt;&lt;/div&gt;&lt;div class="programFull"&gt;&lt;/div&gt;&lt;div class="eletrajz"&gt;blabla&lt;/div&gt;&lt;h3&gt;Támogató szervezetek&lt;/h3&gt;&lt;div class="tamogatoSzervezetekFull"&gt;&lt;/div&gt;&lt;h4&gt;Kontakt infó PUBLIKÁLÁS ELŐTT TÖRLENDŐ!!!!&lt;/h4&gt;&lt;div class="kontakt"&gt;xyz&lt;/div&gt;&lt;/p&gt;
 			
 					&lt;/div&gt; 	
	&lt;/div&gt;
	&lt;p&gt;&amp;nbsp;&lt;/p&gt;
	&lt;/div&gt;</system-out>
      </testcase>
      <testcase name="test_tamogatom_1" class="elovalasztokControllerTest" file="/var/www/html/elovalasztok2/github/test/siteControllerTest.php" line="508" assertions="1" time="0.035656"/>
      <testcase name="test_tamogatom_requestedSupport" class="elovalasztokControllerTest" file="/var/www/html/elovalasztok2/github/test/siteControllerTest.php" line="531" assertions="1" time="0.167150">
        <system-out>redirect:http://localhost/component/elovalasztok?task=javaslatok message=
</system-out>
      </testcase>
    </testsuite>
  </testsuite>
</testsuites>
