<?xml version="1.0" encoding="UTF-8"?>
<testsuites>
  <testsuite name="." tests="15" assertions="15" failures="0" errors="0" time="4.456101">
    <testsuite name="elovalasztokControllerTest" file="/var/www/html/elovalasztok2/github/test/siteControllerTest.php" tests="15" assertions="15" failures="0" errors="0" time="4.456101">
      <testcase name="test_szavazok_notTestUzemmod_notlogedUser" class="elovalasztokControllerTest" file="/var/www/html/elovalasztok2/github/test/siteControllerTest.php" line="65" assertions="1" time="0.009199"/>
      <testcase name="test_szavazok_notTestUzemmod_loggedUser_nemBudapesti_nemSzavazottmeg" class="elovalasztokControllerTest" file="/var/www/html/elovalasztok2/github/test/siteControllerTest.php" line="74" assertions="1" time="0.006999"/>
      <testcase name="test_szavazok_TestUzemmod_loggedUser_nemBudapesti_nemSzavazottmeg" class="elovalasztokControllerTest" file="/var/www/html/elovalasztok2/github/test/siteControllerTest.php" line="88" assertions="1" time="0.012865"/>
      <testcase name="test_szavazok_notTestUzemmod_loggedUser_budapest_nemSzavazottmeg" class="elovalasztokControllerTest" file="/var/www/html/elovalasztok2/github/test/siteControllerTest.php" line="102" assertions="1" time="0.005416"/>
      <testcase name="test_szavazok_notTestUzemmod_loggedUser_budapest_lezartSzavazas" class="elovalasztokControllerTest" file="/var/www/html/elovalasztok2/github/test/siteControllerTest.php" line="116" assertions="1" time="0.003866"/>
      <testcase name="test_szavazok_notTestUzemmod_loggedUser_budapest_marSzavazott" class="elovalasztokControllerTest" file="/var/www/html/elovalasztok2/github/test/siteControllerTest.php" line="131" assertions="1" time="0.218364"/>
      <testcase name="test_eredmeny" class="elovalasztokControllerTest" file="/var/www/html/elovalasztok2/github/test/siteControllerTest.php" line="147" assertions="1" time="0.209166"/>
      <testcase name="test_szavazat_save_notTest_notLoged" class="elovalasztokControllerTest" file="/var/www/html/elovalasztok2/github/test/siteControllerTest.php" line="157" assertions="1" time="0.002825"/>
      <testcase name="test_szavazat_save_notTest_marSzavazott" class="elovalasztokControllerTest" file="/var/www/html/elovalasztok2/github/test/siteControllerTest.php" line="168" assertions="1" time="0.003845"/>
      <testcase name="test_szavazat_save_notTest_nemBudapesti_nemSzavazottMeg" class="elovalasztokControllerTest" file="/var/www/html/elovalasztok2/github/test/siteControllerTest.php" line="181" assertions="1" time="0.053818"/>
      <testcase name="test_szavazat_save_notTest_budapesti_nemSzavazottMeg" class="elovalasztokControllerTest" file="/var/www/html/elovalasztok2/github/test/siteControllerTest.php" line="198" assertions="1" time="0.105373"/>
      <testcase name="test_szavazat_save_notTest_budapesti_lezartSzavazas" class="elovalasztokControllerTest" file="/var/www/html/elovalasztok2/github/test/siteControllerTest.php" line="214" assertions="1" time="0.032589"/>
      <testcase name="test_wiki_Shulze_pelda" class="elovalasztokControllerTest" file="/var/www/html/elovalasztok2/github/test/siteControllerTest.php" line="232" assertions="1" time="3.660835"/>
      <testcase name="test_szavazatok" class="elovalasztokControllerTest" file="/var/www/html/elovalasztok2/github/test/siteControllerTest.php" line="378" assertions="1" time="0.005472"/>
      <testcase name="test_szavazok_notTestUzemmod_loggedUser_budapest_nincs_jelolt" class="elovalasztokControllerTest" file="/var/www/html/elovalasztok2/github/test/siteControllerTest.php" line="390" assertions="1" time="0.125469"/>
    </testsuite>
  </testsuite>
</testsuites>
