<?xml version="1.0" encoding="UTF-8"?>
<coverage generated="1543046965">
  <project timestamp="1543046965">
    <file name="/var/www/html/elovalasztok2/github/component/site/accesscontrol.php">
      <line num="15" type="stmt" count="2"/>
      <line num="16" type="stmt" count="2"/>
      <line num="17" type="stmt" count="2"/>
      <line num="22" type="stmt" count="2"/>
      <line num="26" type="stmt" count="7"/>
      <line num="27" type="stmt" count="1"/>
      <line num="28" type="stmt" count="1"/>
      <line num="30" type="stmt" count="6"/>
      <line num="31" type="stmt" count="4"/>
      <line num="32" type="stmt" count="4"/>
      <line num="34" type="stmt" count="2"/>
      <line num="35" type="stmt" count="2"/>
      <line num="38" type="stmt" count="7"/>
      <line num="50" type="stmt" count="9"/>
      <line num="51" type="stmt" count="9"/>
      <line num="52" type="stmt" count="9"/>
      <line num="53" type="stmt" count="9"/>
      <line num="54" type="stmt" count="2"/>
      <line num="56" type="stmt" count="9"/>
      <line num="57" type="stmt" count="7"/>
      <line num="59" type="stmt" count="9"/>
      <metrics loc="62" ncloc="46" classes="0" methods="0" coveredmethods="0" conditionals="0" coveredconditionals="0" statements="21" coveredstatements="21" elements="21" coveredelements="21"/>
    </file>
    <file name="/var/www/html/elovalasztok2/github/component/site/condorcet.php">
      <class name="CondorcetObj" namespace="global">
        <metrics complexity="20" methods="10" coveredmethods="6" conditionals="0" coveredconditionals="0" statements="30" coveredstatements="26" elements="40" coveredelements="32"/>
      </class>
      <class name="Condorcet" namespace="global">
        <metrics complexity="39" methods="12" coveredmethods="9" conditionals="0" coveredconditionals="0" statements="112" coveredstatements="106" elements="124" coveredelements="115"/>
      </class>
      <line num="30" type="method" name="__construct" complexity="1" crap="1" count="2"/>
      <line num="31" type="stmt" count="2"/>
      <line num="32" type="stmt" count="2"/>
      <line num="41" type="method" name="getCandidates" visibility="protected" complexity="1" crap="2" count="0"/>
      <line num="42" type="stmt" count="0"/>
      <line num="50" type="method" name="loadDiffMatrix" visibility="protected" complexity="1" crap="2" count="0"/>
      <line num="51" type="stmt" count="0"/>
      <line num="58" type="method" name="loadInFirst" visibility="protected" complexity="1" crap="2" count="0"/>
      <line num="59" type="stmt" count="0"/>
      <line num="66" type="method" name="loadVoteCount" visibility="protected" complexity="1" crap="2" count="0"/>
      <line num="67" type="stmt" count="0"/>
      <line num="75" type="method" name="flowWarshall3" visibility="protected" complexity="5" crap="5" count="2"/>
      <line num="76" type="stmt" count="2"/>
      <line num="77" type="stmt" count="2"/>
      <line num="78" type="stmt" count="2"/>
      <line num="79" type="stmt" count="2"/>
      <line num="83" type="stmt" count="2"/>
      <line num="88" type="method" name="flowdWarshall2" visibility="protected" complexity="3" crap="3" count="2"/>
      <line num="89" type="stmt" count="2"/>
      <line num="90" type="stmt" count="2"/>
      <line num="91" type="stmt" count="2"/>
      <line num="94" type="stmt" count="2"/>
      <line num="102" type="method" name="floydWarshall" visibility="protected" complexity="5" crap="5" count="2"/>
      <line num="103" type="stmt" count="2"/>
      <line num="104" type="stmt" count="2"/>
      <line num="105" type="stmt" count="2"/>
      <line num="106" type="stmt" count="2"/>
      <line num="107" type="stmt" count="2"/>
      <line num="108" type="stmt" count="2"/>
      <line num="109" type="stmt" count="2"/>
      <line num="111" type="stmt" count="2"/>
      <line num="116" type="stmt" count="2"/>
      <line num="117" type="stmt" count="2"/>
      <line num="120" type="method" name="beatsP" visibility="protected" complexity="1" crap="1" count="2"/>
      <line num="121" type="stmt" count="2"/>
      <line num="128" type="method" name="findWinner" visibility="protected" complexity="1" crap="1" count="2"/>
      <line num="129" type="stmt" count="2"/>
      <line num="130" type="stmt" count="2"/>
      <line num="131" type="stmt" count="2"/>
      <line num="132" type="stmt" count="2"/>
      <line num="150" type="method" name="printMatrixCell" visibility="protected" complexity="4" crap="4.02" count="2"/>
      <line num="151" type="stmt" count="2"/>
      <line num="152" type="stmt" count="2"/>
      <line num="154" type="stmt" count="2"/>
      <line num="155" type="stmt" count="2"/>
      <line num="156" type="stmt" count="2"/>
      <line num="157" type="stmt" count="2"/>
      <line num="158" type="stmt" count="2"/>
      <line num="160" type="stmt" count="0"/>
      <line num="162" type="stmt" count="2"/>
      <line num="164" type="stmt" count="2"/>
      <line num="175" type="method" name="printMatrixRow" visibility="protected" complexity="4" crap="4" count="2"/>
      <line num="176" type="stmt" count="2"/>
      <line num="177" type="stmt" count="2"/>
      <line num="178" type="stmt" count="2"/>
      <line num="179" type="stmt" count="2"/>
      <line num="181" type="stmt" count="2"/>
      <line num="184" type="stmt" count="2"/>
      <line num="194" type="method" name="printMatrix" visibility="protected" complexity="3" crap="3" count="2"/>
      <line num="195" type="stmt" count="2"/>
      <line num="199" type="stmt" count="2"/>
      <line num="200" type="stmt" count="2"/>
      <line num="202" type="stmt" count="2"/>
      <line num="203" type="stmt" count="2"/>
      <line num="204" type="stmt" count="2"/>
      <line num="205" type="stmt" count="2"/>
      <line num="206" type="stmt" count="2"/>
      <line num="208" type="stmt" count="2"/>
      <line num="212" type="method" name="showResultTableRow" visibility="protected" complexity="8" crap="8.30" count="2"/>
      <line num="213" type="stmt" count="2"/>
      <line num="214" type="stmt" count="2"/>
      <line num="215" type="stmt" count="2"/>
      <line num="216" type="stmt" count="2"/>
      <line num="218" type="stmt" count="2"/>
      <line num="219" type="stmt" count="2"/>
      <line num="220" type="stmt" count="1"/>
      <line num="222" type="stmt" count="2"/>
      <line num="223" type="stmt" count="0"/>
      <line num="225" type="stmt" count="2"/>
      <line num="226" type="stmt" count="0"/>
      <line num="227" type="stmt" count="0"/>
      <line num="229" type="stmt" count="2"/>
      <line num="230" type="stmt" count="2"/>
      <line num="231" type="stmt" count="2"/>
      <line num="232" type="stmt" count="2"/>
      <line num="233" type="stmt" count="2"/>
      <line num="235" type="stmt" count="2"/>
      <line num="245" type="method" name="showResultTable" visibility="protected" complexity="4" crap="4" count="2"/>
      <line num="252" type="stmt" count="2"/>
      <line num="253" type="stmt" count="2"/>
      <line num="254" type="stmt" count="2"/>
      <line num="255" type="stmt" count="2"/>
      <line num="256" type="stmt" count="2"/>
      <line num="257" type="stmt" count="1"/>
      <line num="258" type="stmt" count="1"/>
      <line num="259" type="stmt" count="2"/>
      <line num="261" type="stmt" count="1"/>
      <line num="263" type="stmt" count="2"/>
      <line num="265" type="stmt" count="2"/>
      <line num="272" type="method" name="findNotAccepted" visibility="protected" complexity="3" crap="3" count="2"/>
      <line num="273" type="stmt" count="2"/>
      <line num="274" type="stmt" count="2"/>
      <line num="275" type="stmt" count="2"/>
      <line num="276" type="stmt" count="2"/>
      <line num="279" type="stmt" count="2"/>
      <line num="287" type="method" name="computeAccepteds" visibility="protected" complexity="2" crap="2" count="2"/>
      <line num="288" type="stmt" count="2"/>
      <line num="289" type="stmt" count="2"/>
      <line num="290" type="stmt" count="2"/>
      <line num="292" type="stmt" count="2"/>
      <line num="299" type="method" name="computeValues" visibility="protected" complexity="2" crap="2" count="2"/>
      <line num="300" type="stmt" count="2"/>
      <line num="301" type="stmt" count="2"/>
      <line num="302" type="stmt" count="2"/>
      <line num="303" type="stmt" count="2"/>
      <line num="304" type="stmt" count="2"/>
      <line num="305" type="stmt" count="2"/>
      <line num="306" type="stmt" count="2"/>
      <line num="307" type="stmt" count="2"/>
      <line num="308" type="stmt" count="2"/>
      <line num="309" type="stmt" count="2"/>
      <line num="310" type="stmt" count="2"/>
      <line num="311" type="stmt" count="2"/>
      <line num="313" type="stmt" count="2"/>
      <line num="321" type="method" name="showResultResort" visibility="protected" complexity="2" crap="2" count="2"/>
      <line num="322" type="stmt" count="2"/>
      <line num="323" type="stmt" count="2"/>
      <line num="324" type="stmt" count="2"/>
      <line num="325" type="stmt" count="2"/>
      <line num="326" type="stmt" count="2"/>
      <line num="328" type="stmt" count="2"/>
      <line num="329" type="stmt" count="2"/>
      <line num="330" type="stmt" count="2"/>
      <line num="336" type="method" name="showResultCheckCondorcetWinner" visibility="protected" complexity="3" crap="3" count="2"/>
      <line num="337" type="stmt" count="2"/>
      <line num="338" type="stmt" count="2"/>
      <line num="339" type="stmt" count="2"/>
      <line num="340" type="stmt" count="2"/>
      <line num="341" type="stmt" count="2"/>
      <line num="344" type="stmt" count="2"/>
      <line num="350" type="method" name="showResult" visibility="protected" complexity="3" crap="3.05" count="2"/>
      <line num="351" type="stmt" count="2"/>
      <line num="352" type="stmt" count="0"/>
      <line num="353" type="stmt" count="2"/>
      <line num="354" type="stmt" count="0"/>
      <line num="356" type="stmt" count="2"/>
      <line num="357" type="stmt" count="2"/>
      <line num="358" type="stmt" count="2"/>
      <line num="359" type="stmt" count="2"/>
      <line num="360" type="stmt" count="2"/>
      <line num="361" type="stmt" count="2"/>
      <line num="363" type="stmt" count="2"/>
      <line num="369" type="method" name="report" visibility="public" complexity="1" crap="1" count="2"/>
      <line num="370" type="stmt" count="2"/>
      <line num="371" type="stmt" count="2"/>
      <line num="372" type="stmt" count="2"/>
      <line num="373" type="stmt" count="2"/>
      <line num="374" type="stmt" count="2"/>
      <line num="375" type="stmt" count="2"/>
      <line num="377" type="stmt" count="2"/>
      <line num="378" type="stmt" count="2"/>
      <line num="379" type="stmt" count="2"/>
      <line num="380" type="stmt" count="2"/>
      <line num="381" type="stmt" count="2"/>
      <metrics loc="386" ncloc="254" classes="2" methods="22" coveredmethods="15" conditionals="0" coveredconditionals="0" statements="142" coveredstatements="132" elements="164" coveredelements="147"/>
    </file>
    <file name="/var/www/html/elovalasztok2/github/component/site/elovalasztok.php">
      <class name="SzavazoController" namespace="global">
        <metrics complexity="29" methods="7" coveredmethods="4" conditionals="0" coveredconditionals="0" statements="107" coveredstatements="89" elements="114" coveredelements="93"/>
      </class>
      <line num="36" type="method" name="displayTestMsg" visibility="protected" complexity="2" crap="2" count="9"/>
      <line num="37" type="stmt" count="9"/>
      <line num="38" type="stmt" count="2"/>
      <line num="40" type="stmt" count="9"/>
      <line num="47" type="method" name="displaySzavazoForm" visibility="protected" complexity="2" crap="2" count="3"/>
      <line num="48" type="stmt" count="3"/>
      <line num="49" type="stmt" count="3"/>
      <line num="50" type="stmt" count="1"/>
      <line num="52" type="stmt" count="2"/>
      <line num="54" type="stmt" count="3"/>
      <line num="61" type="method" name="szavazok" visibility="public" complexity="6" crap="6" count="7"/>
      <line num="62" type="stmt" count="7"/>
      <line num="63" type="stmt" count="7"/>
      <line num="64" type="stmt" count="7"/>
      <line num="65" type="stmt" count="7"/>
      <line num="66" type="stmt" count="1"/>
      <line num="67" type="stmt" count="1"/>
      <line num="69" type="stmt" count="6"/>
      <line num="70" type="stmt" count="6"/>
      <line num="71" type="stmt" count="6"/>
      <line num="72" type="stmt" count="1"/>
      <line num="73" type="stmt" count="5"/>
      <line num="74" type="stmt" count="1"/>
      <line num="76" type="stmt" count="4"/>
      <line num="77" type="stmt" count="1"/>
      <line num="78" type="stmt" count="3"/>
      <line num="79" type="stmt" count="2"/>
      <line num="81" type="stmt" count="1"/>
      <line num="84" type="stmt" count="6"/>
      <line num="92" type="method" name="eredmeny" visibility="public" complexity="4" crap="4.04" count="2"/>
      <line num="93" type="stmt" count="2"/>
      <line num="94" type="stmt" count="2"/>
      <line num="95" type="stmt" count="2"/>
      <line num="96" type="stmt" count="2"/>
      <line num="97" type="stmt" count="0"/>
      <line num="98" type="stmt" count="0"/>
      <line num="100" type="stmt" count="2"/>
      <line num="101" type="stmt" count="2"/>
      <line num="103" type="stmt" count="2"/>
      <line num="104" type="stmt" count="2"/>
      <line num="106" type="stmt" count="2"/>
      <line num="107" type="stmt" count="2"/>
      <line num="108" type="stmt" count="2"/>
      <line num="109" type="stmt" count="2"/>
      <line num="110" type="stmt" count="2"/>
      <line num="112" type="stmt" count="2"/>
      <line num="114" type="stmt" count="2"/>
      <line num="115" type="stmt" count="2"/>
      <line num="116" type="stmt" count="2"/>
      <line num="119" type="stmt" count="0"/>
      <line num="121" type="stmt" count="2"/>
      <line num="122" type="stmt" count="2"/>
      <line num="128" type="method" name="szavazatSave" visibility="public" complexity="7" crap="7.06" count="5"/>
      <line num="129" type="stmt" count="5"/>
      <line num="130" type="stmt" count="5"/>
      <line num="131" type="stmt" count="5"/>
      <line num="132" type="stmt" count="5"/>
      <line num="133" type="stmt" count="0"/>
      <line num="135" type="stmt" count="5"/>
      <line num="136" type="stmt" count="1"/>
      <line num="137" type="stmt" count="1"/>
      <line num="140" type="stmt" count="4"/>
      <line num="141" type="stmt" count="4"/>
      <line num="142" type="stmt" count="4"/>
      <line num="143" type="stmt" count="4"/>
      <line num="144" type="stmt" count="4"/>
      <line num="145" type="stmt" count="4"/>
      <line num="146" type="stmt" count="2"/>
      <line num="147" type="stmt" count="2"/>
      <line num="148" type="stmt" count="2"/>
      <line num="149" type="stmt" count="1"/>
      <line num="150" type="stmt" count="1"/>
      <line num="151" type="stmt" count="1"/>
      <line num="152" type="stmt" count="1"/>
      <line num="154" type="stmt" count="1"/>
      <line num="155" type="stmt" count="2"/>
      <line num="158" type="stmt" count="4"/>
      <line num="161" type="stmt" count="0"/>
      <line num="162" type="stmt" count="0"/>
      <line num="164" type="stmt" count="4"/>
      <line num="165" type="stmt" count="4"/>
      <line num="173" type="method" name="szavazatok" visibility="public" complexity="5" crap="5" count="1"/>
      <line num="174" type="stmt" count="1"/>
      <line num="175" type="stmt" count="1"/>
      <line num="176" type="stmt" count="1"/>
      <line num="178" type="stmt" count="1"/>
      <line num="181" type="stmt" count="1"/>
      <line num="182" type="stmt" count="1"/>
      <line num="183" type="stmt" count="1"/>
      <line num="184" type="stmt" count="1"/>
      <line num="185" type="stmt" count="1"/>
      <line num="187" type="stmt" count="1"/>
      <line num="189" type="stmt" count="1"/>
      <line num="190" type="stmt" count="1"/>
      <line num="192" type="stmt" count="1"/>
      <line num="193" type="stmt" count="1"/>
      <line num="195" type="stmt" count="1"/>
      <line num="196" type="stmt" count="1"/>
      <line num="197" type="stmt" count="1"/>
      <line num="199" type="stmt" count="1"/>
      <line num="203" type="stmt" count="1"/>
      <line num="211" type="method" name="szavazatokcsv" visibility="public" complexity="3" crap="12" count="0"/>
      <line num="212" type="stmt" count="0"/>
      <line num="213" type="stmt" count="0"/>
      <line num="214" type="stmt" count="0"/>
      <line num="215" type="stmt" count="0"/>
      <line num="216" type="stmt" count="0"/>
      <line num="217" type="stmt" count="0"/>
      <line num="218" type="stmt" count="0"/>
      <line num="219" type="stmt" count="0"/>
      <line num="220" type="stmt" count="0"/>
      <line num="221" type="stmt" count="0"/>
      <line num="224" type="stmt" count="0"/>
      <line num="225" type="stmt" count="0"/>
      <metrics loc="232" ncloc="170" classes="1" methods="7" coveredmethods="4" conditionals="0" coveredconditionals="0" statements="107" coveredstatements="89" elements="114" coveredelements="93"/>
    </file>
    <file name="/var/www/html/elovalasztok2/github/component/site/funkciok.php">
      <line num="15" type="stmt" count="11"/>
      <line num="16" type="stmt" count="11"/>
      <line num="17" type="stmt" count="2"/>
      <line num="19" type="stmt" count="11"/>
      <line num="20" type="stmt" count="11"/>
      <line num="22" type="stmt" count="11"/>
      <line num="23" type="stmt" count="0"/>
      <line num="25" type="stmt" count="11"/>
      <line num="26" type="stmt" count="11"/>
      <line num="30" type="stmt" count="11"/>
      <line num="34" type="stmt" count="2"/>
      <line num="46" type="stmt" count="8"/>
      <line num="47" type="stmt" count="8"/>
      <line num="48" type="stmt" count="8"/>
      <line num="49" type="stmt" count="8"/>
      <line num="50" type="stmt" count="8"/>
      <line num="51" type="stmt" count="8"/>
      <line num="55" type="stmt" count="8"/>
      <line num="59" type="stmt" count="6"/>
      <line num="60" type="stmt" count="6"/>
      <line num="62" type="stmt" count="6"/>
      <line num="63" type="stmt" count="6"/>
      <line num="67" type="stmt" count="6"/>
      <metrics loc="88" ncloc="69" classes="0" methods="0" coveredmethods="0" conditionals="0" coveredconditionals="0" statements="23" coveredstatements="22" elements="23" coveredelements="22"/>
    </file>
    <file name="/var/www/html/elovalasztok2/github/component/site/models/szavazok.php">
      <class name="MyCondorcet" namespace="global">
        <metrics complexity="13" methods="4" coveredmethods="4" conditionals="0" coveredconditionals="0" statements="42" coveredstatements="42" elements="46" coveredelements="46"/>
      </class>
      <class name="SzavazokModel" namespace="global">
        <metrics complexity="22" methods="9" coveredmethods="6" conditionals="0" coveredconditionals="0" statements="95" coveredstatements="83" elements="104" coveredelements="89"/>
      </class>
      <line num="16" type="method" name="getCandidates" visibility="protected" complexity="2" crap="2" count="2"/>
      <line num="17" type="stmt" count="2"/>
      <line num="20" type="stmt" count="2"/>
      <line num="21" type="stmt" count="2"/>
      <line num="22" type="stmt" count="2"/>
      <line num="23" type="stmt" count="2"/>
      <line num="24" type="stmt" count="2"/>
      <line num="25" type="stmt" count="2"/>
      <line num="27" type="stmt" count="2"/>
      <line num="30" type="method" name="loadDiffMatrix" visibility="protected" complexity="7" crap="7" count="2"/>
      <line num="31" type="stmt" count="2"/>
      <line num="35" type="stmt" count="2"/>
      <line num="40" type="stmt" count="2"/>
      <line num="41" type="stmt" count="2"/>
      <line num="42" type="stmt" count="2"/>
      <line num="43" type="stmt" count="2"/>
      <line num="44" type="stmt" count="2"/>
      <line num="45" type="stmt" count="2"/>
      <line num="46" type="stmt" count="2"/>
      <line num="47" type="stmt" count="2"/>
      <line num="48" type="stmt" count="2"/>
      <line num="50" type="stmt" count="2"/>
      <line num="52" type="stmt" count="2"/>
      <line num="53" type="stmt" count="2"/>
      <line num="54" type="stmt" count="1"/>
      <line num="56" type="stmt" count="2"/>
      <line num="57" type="stmt" count="2"/>
      <line num="58" type="stmt" count="2"/>
      <line num="62" type="stmt" count="2"/>
      <line num="65" type="method" name="loadInFirst" visibility="protected" complexity="3" crap="3" count="2"/>
      <line num="66" type="stmt" count="2"/>
      <line num="67" type="stmt" count="2"/>
      <line num="68" type="stmt" count="2"/>
      <line num="70" type="stmt" count="2"/>
      <line num="72" type="stmt" count="2"/>
      <line num="75" type="stmt" count="2"/>
      <line num="76" type="stmt" count="2"/>
      <line num="77" type="stmt" count="2"/>
      <line num="79" type="stmt" count="2"/>
      <line num="82" type="method" name="loadVoteCount" visibility="protected" complexity="1" crap="1" count="2"/>
      <line num="83" type="stmt" count="2"/>
      <line num="84" type="stmt" count="2"/>
      <line num="87" type="stmt" count="2"/>
      <line num="88" type="stmt" count="2"/>
      <line num="89" type="stmt" count="2"/>
      <line num="90" type="stmt" count="2"/>
      <line num="96" type="method" name="__construct" complexity="3" crap="3.58" count="12"/>
      <line num="97" type="stmt" count="12"/>
      <line num="98" type="stmt" count="12"/>
      <line num="113" type="stmt" count="12"/>
      <line num="114" type="stmt" count="0"/>
      <line num="115" type="stmt" count="0"/>
      <line num="118" type="stmt" count="12"/>
      <line num="126" type="stmt" count="12"/>
      <line num="127" type="stmt" count="0"/>
      <line num="128" type="stmt" count="0"/>
      <line num="130" type="stmt" count="12"/>
      <line num="137" type="method" name="getPollRecord" visibility="public" complexity="1" crap="1" count="6"/>
      <line num="138" type="stmt" count="6"/>
      <line num="139" type="stmt" count="6"/>
      <line num="140" type="stmt" count="6"/>
      <line num="148" type="method" name="getItem" visibility="public" complexity="4" crap="4.02" count="3"/>
      <line num="149" type="stmt" count="3"/>
      <line num="150" type="stmt" count="3"/>
      <line num="151" type="stmt" count="3"/>
      <line num="152" type="stmt" count="3"/>
      <line num="153" type="stmt" count="3"/>
      <line num="154" type="stmt" count="3"/>
      <line num="155" type="stmt" count="3"/>
      <line num="156" type="stmt" count="3"/>
      <line num="157" type="stmt" count="3"/>
      <line num="161" type="stmt" count="3"/>
      <line num="164" type="stmt" count="3"/>
      <line num="165" type="stmt" count="0"/>
      <line num="166" type="stmt" count="0"/>
      <line num="168" type="stmt" count="3"/>
      <line num="169" type="stmt" count="2"/>
      <line num="170" type="stmt" count="2"/>
      <line num="171" type="stmt" count="2"/>
      <line num="172" type="stmt" count="2"/>
      <line num="173" type="stmt" count="2"/>
      <line num="176" type="stmt" count="3"/>
      <line num="179" type="method" name="getErrorMsg" visibility="public" complexity="1" crap="1" count="1"/>
      <line num="180" type="stmt" count="1"/>
      <line num="190" type="method" name="save" visibility="public" complexity="9" crap="9.25" count="2"/>
      <line num="191" type="stmt" count="2"/>
      <line num="192" type="stmt" count="2"/>
      <line num="193" type="stmt" count="2"/>
      <line num="194" type="stmt" count="2"/>
      <line num="195" type="stmt" count="2"/>
      <line num="196" type="stmt" count="1"/>
      <line num="197" type="stmt" count="1"/>
      <line num="201" type="stmt" count="1"/>
      <line num="202" type="stmt" count="0"/>
      <line num="203" type="stmt" count="0"/>
      <line num="206" type="stmt" count="1"/>
      <line num="207" type="stmt" count="1"/>
      <line num="208" type="stmt" count="1"/>
      <line num="211" type="stmt" count="1"/>
      <line num="212" type="stmt" count="1"/>
      <line num="213" type="stmt" count="1"/>
      <line num="215" type="stmt" count="0"/>
      <line num="217" type="stmt" count="1"/>
      <line num="219" type="stmt" count="1"/>
      <line num="220" type="stmt" count="1"/>
      <line num="221" type="stmt" count="1"/>
      <line num="222" type="stmt" count="1"/>
      <line num="231" type="stmt" count="1"/>
      <line num="232" type="stmt" count="1"/>
      <line num="233" type="stmt" count="1"/>
      <line num="234" type="stmt" count="1"/>
      <line num="235" type="stmt" count="1"/>
      <line num="236" type="stmt" count="1"/>
      <line num="238" type="stmt" count="1"/>
      <line num="239" type="stmt" count="0"/>
      <line num="240" type="stmt" count="1"/>
      <line num="242" type="stmt" count="0"/>
      <line num="243" type="stmt" count="1"/>
      <line num="249" type="stmt" count="1"/>
      <line num="251" type="stmt" count="1"/>
      <line num="252" type="stmt" count="1"/>
      <line num="254" type="stmt" count="1"/>
      <line num="255" type="stmt" count="1"/>
      <line num="257" type="stmt" count="0"/>
      <line num="259" type="stmt" count="1"/>
      <line num="261" type="stmt" count="1"/>
      <line num="269" type="method" name="getFromCache" visibility="public" complexity="1" crap="1" count="2"/>
      <line num="270" type="stmt" count="2"/>
      <line num="271" type="stmt" count="2"/>
      <line num="273" type="stmt" count="2"/>
      <line num="274" type="stmt" count="2"/>
      <line num="282" type="method" name="initCache" visibility="public" complexity="1" crap="1" count="2"/>
      <line num="283" type="stmt" count="2"/>
      <line num="284" type="stmt" count="2"/>
      <line num="287" type="stmt" count="2"/>
      <line num="288" type="stmt" count="2"/>
      <line num="289" type="stmt" count="2"/>
      <line num="298" type="method" name="saveToCache" visibility="public" complexity="1" crap="1" count="2"/>
      <line num="299" type="stmt" count="2"/>
      <line num="300" type="stmt" count="2"/>
      <line num="301" type="stmt" count="2"/>
      <line num="302" type="stmt" count="2"/>
      <line num="303" type="stmt" count="2"/>
      <line num="304" type="stmt" count="2"/>
      <line num="305" type="stmt" count="2"/>
      <line num="312" type="method" name="getSzavazatok" visibility="public" complexity="1" crap="1" count="1"/>
      <line num="313" type="stmt" count="1"/>
      <line num="314" type="stmt" count="1"/>
      <line num="320" type="stmt" count="1"/>
      <line num="323" type="stmt" count="1"/>
      <metrics loc="327" ncloc="266" classes="2" methods="13" coveredmethods="10" conditionals="0" coveredconditionals="0" statements="137" coveredstatements="125" elements="150" coveredelements="135"/>
    </file>
    <file name="/var/www/html/elovalasztok2/github/component/site/views/eredmeny.php">
      <line num="5" type="stmt" count="2"/>
      <line num="6" type="stmt" count="2"/>
      <line num="7" type="stmt" count="2"/>
      <line num="10" type="stmt" count="2"/>
      <line num="17" type="stmt" count="1"/>
      <line num="19" type="stmt" count="1"/>
      <line num="22" type="stmt" count="2"/>
      <line num="30" type="stmt" count="2"/>
      <line num="37" type="stmt" count="2"/>
      <metrics loc="56" ncloc="54" classes="0" methods="0" coveredmethods="0" conditionals="0" coveredconditionals="0" statements="9" coveredstatements="9" elements="9" coveredelements="9"/>
    </file>
    <file name="/var/www/html/elovalasztok2/github/component/site/views/szavazoform.php">
      <line num="5" type="stmt" count="2"/>
      <line num="7" type="stmt" count="2"/>
      <line num="8" type="stmt" count="2"/>
      <line num="12" type="stmt" count="2"/>
      <line num="15" type="stmt" count="2"/>
      <line num="17" type="stmt" count="2"/>
      <line num="21" type="stmt" count="2"/>
      <line num="22" type="stmt" count="2"/>
      <line num="23" type="stmt" count="2"/>
      <line num="25" type="stmt" count="2"/>
      <line num="26" type="stmt" count="0"/>
      <line num="28" type="stmt" count="0"/>
      <line num="29" type="stmt" count="0"/>
      <line num="32" type="stmt" count="2"/>
      <line num="36" type="stmt" count="2"/>
      <line num="43" type="stmt" count="2"/>
      <line num="48" type="stmt" count="2"/>
      <line num="49" type="stmt" count="2"/>
      <line num="50" type="stmt" count="2"/>
      <line num="51" type="stmt" count="0"/>
      <line num="53" type="stmt" count="2"/>
      <line num="55" type="stmt" count="2"/>
      <line num="56" type="stmt" count="2"/>
      <line num="57" type="stmt" count="2"/>
      <line num="58" type="stmt" count="2"/>
      <line num="59" type="stmt" count="2"/>
      <line num="60" type="stmt" count="2"/>
      <line num="61" type="stmt" count="2"/>
      <line num="62" type="stmt" count="2"/>
      <line num="64" type="stmt" count="2"/>
      <line num="67" type="stmt" count="2"/>
      <line num="68" type="stmt" count="2"/>
      <line num="74" type="stmt" count="2"/>
      <metrics loc="81" ncloc="75" classes="0" methods="0" coveredmethods="0" conditionals="0" coveredconditionals="0" statements="33" coveredstatements="29" elements="33" coveredelements="29"/>
    </file>
    <metrics files="7" loc="1232" ncloc="934" classes="5" methods="42" coveredmethods="29" conditionals="0" coveredconditionals="0" statements="472" coveredstatements="427" elements="514" coveredelements="456"/>
  </project>
</coverage>
